[17.299s] Invoking command in '/home/pi/ros2_ws/src/i2c_sensors_ros2/i2c_sensors': PYTHONPATH=/home/pi/ros2_ws/build/i2c_sensors/prefix_override:/usr/lib/python3/dist-packages/colcon_core/task/python/colcon_distutils_commands:/home/pi/ros2_ws/install/i2c_sensors/lib/python3.11/site-packages:${PYTHONPATH} /usr/bin/python3 -W ignore:setup.py install is deprecated setup.py egg_info --egg-base ../../../build/i2c_sensors build --build-base /home/pi/ros2_ws/build/i2c_sensors/build install --record /home/pi/ros2_ws/build/i2c_sensors/install.log --single-version-externally-managed install_data
[19.438s] /usr/local/lib/python3.11/dist-packages/setuptools/_distutils/dist.py:261: UserWarning: Unknown distribution option: 'tests_require'
[19.439s]   warnings.warn(msg)
[21.184s] running egg_info
[21.429s] writing ../../../build/i2c_sensors/i2c_sensors.egg-info/PKG-INFO
[21.432s] writing dependency_links to ../../../build/i2c_sensors/i2c_sensors.egg-info/dependency_links.txt
[21.434s] writing entry points to ../../../build/i2c_sensors/i2c_sensors.egg-info/entry_points.txt
[21.435s] writing requirements to ../../../build/i2c_sensors/i2c_sensors.egg-info/requires.txt
[21.437s] writing top-level names to ../../../build/i2c_sensors/i2c_sensors.egg-info/top_level.txt
[21.951s] reading manifest file '../../../build/i2c_sensors/i2c_sensors.egg-info/SOURCES.txt'
[21.984s] adding license file 'LICENSE'
[21.988s] writing manifest file '../../../build/i2c_sensors/i2c_sensors.egg-info/SOURCES.txt'
[21.989s] running build
[21.989s] running build_py
[22.016s] running install
[22.046s] running install_lib
[22.320s] running install_data
[22.322s] running install_egg_info
[22.584s] removing '/home/pi/ros2_ws/install/i2c_sensors/lib/python3.11/site-packages/i2c_sensors-0.0.0-py3.11.egg-info' (and everything under it)
[22.585s] Copying ../../../build/i2c_sensors/i2c_sensors.egg-info to /home/pi/ros2_ws/install/i2c_sensors/lib/python3.11/site-packages/i2c_sensors-0.0.0-py3.11.egg-info
[22.594s] running install_scripts
[24.502s] Installing imu_mpu6050_node script to /home/pi/ros2_ws/install/i2c_sensors/lib/i2c_sensors
[24.518s] writing list of installed files to '/home/pi/ros2_ws/build/i2c_sensors/install.log'
[24.981s] Invoked command in '/home/pi/ros2_ws/src/i2c_sensors_ros2/i2c_sensors' returned '0': PYTHONPATH=/home/pi/ros2_ws/build/i2c_sensors/prefix_override:/usr/lib/python3/dist-packages/colcon_core/task/python/colcon_distutils_commands:/home/pi/ros2_ws/install/i2c_sensors/lib/python3.11/site-packages:${PYTHONPATH} /usr/bin/python3 -W ignore:setup.py install is deprecated setup.py egg_info --egg-base ../../../build/i2c_sensors build --build-base /home/pi/ros2_ws/build/i2c_sensors/build install --record /home/pi/ros2_ws/build/i2c_sensors/install.log --single-version-externally-managed install_data
