/usr/local/lib/python3.11/dist-packages/setuptools/_distutils/dist.py:261: UserWarning: Unknown distribution option: 'tests_require'
  warnings.warn(msg)
running egg_info
writing ../../build/simple_motors/simple_motors.egg-info/PKG-INFO
writing dependency_links to ../../build/simple_motors/simple_motors.egg-info/dependency_links.txt
writing entry points to ../../build/simple_motors/simple_motors.egg-info/entry_points.txt
writing requirements to ../../build/simple_motors/simple_motors.egg-info/requires.txt
writing top-level names to ../../build/simple_motors/simple_motors.egg-info/top_level.txt
reading manifest file '../../build/simple_motors/simple_motors.egg-info/SOURCES.txt'
writing manifest file '../../build/simple_motors/simple_motors.egg-info/SOURCES.txt'
running build
running build_py
copying simple_motors/motor_commander.py -> /home/pi/ros2_ws/build/simple_motors/build/lib/simple_motors
copying simple_motors/motors_commander.py -> /home/pi/ros2_ws/build/simple_motors/build/lib/simple_motors
copying simple_motors/motor_executor.py -> /home/pi/ros2_ws/build/simple_motors/build/lib/simple_motors
copying simple_motors/__init__.py -> /home/pi/ros2_ws/build/simple_motors/build/lib/simple_motors
copying simple_motors/motors_executor.py -> /home/pi/ros2_ws/build/simple_motors/build/lib/simple_motors
running install
running install_lib
running install_data
copying resource/simple_motors -> /home/pi/ros2_ws/install/simple_motors/share/ament_index/resource_index/packages
copying package.xml -> /home/pi/ros2_ws/install/simple_motors/share/simple_motors
running install_egg_info
removing '/home/pi/ros2_ws/install/simple_motors/lib/python3.11/site-packages/simple_motors-0.0.0-py3.11.egg-info' (and everything under it)
Copying ../../build/simple_motors/simple_motors.egg-info to /home/pi/ros2_ws/install/simple_motors/lib/python3.11/site-packages/simple_motors-0.0.0-py3.11.egg-info
running install_scripts
Installing motor_commander_left script to /home/pi/ros2_ws/install/simple_motors/lib/simple_motors
Installing motor_commander_right script to /home/pi/ros2_ws/install/simple_motors/lib/simple_motors
Installing motor_executor_left script to /home/pi/ros2_ws/install/simple_motors/lib/simple_motors
Installing motor_executor_right script to /home/pi/ros2_ws/install/simple_motors/lib/simple_motors
writing list of installed files to '/home/pi/ros2_ws/build/simple_motors/install.log'
