[12.640s] Invoking command in '/home/pi/ros2_ws/src/simple_motors': PYTHONPATH=/home/pi/ros2_ws/build/simple_motors/prefix_override:/usr/lib/python3/dist-packages/colcon_core/task/python/colcon_distutils_commands:/home/pi/ros2_ws/install/simple_motors/lib/python3.11/site-packages:${PYTHONPATH} /usr/bin/python3 -W ignore:setup.py install is deprecated setup.py egg_info --egg-base ../../build/simple_motors build --build-base /home/pi/ros2_ws/build/simple_motors/build install --record /home/pi/ros2_ws/build/simple_motors/install.log --single-version-externally-managed install_data
[14.547s] /usr/local/lib/python3.11/dist-packages/setuptools/_distutils/dist.py:261: UserWarning: Unknown distribution option: 'tests_require'
[14.547s]   warnings.warn(msg)
[15.991s] running egg_info
[16.207s] writing ../../build/simple_motors/simple_motors.egg-info/PKG-INFO
[16.209s] writing dependency_links to ../../build/simple_motors/simple_motors.egg-info/dependency_links.txt
[16.210s] writing entry points to ../../build/simple_motors/simple_motors.egg-info/entry_points.txt
[16.211s] writing requirements to ../../build/simple_motors/simple_motors.egg-info/requires.txt
[16.211s] writing top-level names to ../../build/simple_motors/simple_motors.egg-info/top_level.txt
[16.670s] reading manifest file '../../build/simple_motors/simple_motors.egg-info/SOURCES.txt'
[16.675s] writing manifest file '../../build/simple_motors/simple_motors.egg-info/SOURCES.txt'
[16.676s] running build
[16.676s] running build_py
[16.677s] copying simple_motors/motor_commander.py -> /home/pi/ros2_ws/build/simple_motors/build/lib/simple_motors
[16.678s] copying simple_motors/motors_commander.py -> /home/pi/ros2_ws/build/simple_motors/build/lib/simple_motors
[16.678s] copying simple_motors/motor_executor.py -> /home/pi/ros2_ws/build/simple_motors/build/lib/simple_motors
[16.679s] copying simple_motors/__init__.py -> /home/pi/ros2_ws/build/simple_motors/build/lib/simple_motors
[16.680s] copying simple_motors/motors_executor.py -> /home/pi/ros2_ws/build/simple_motors/build/lib/simple_motors
[16.681s] running install
[16.706s] running install_lib
[16.930s] running install_data
[16.931s] copying resource/simple_motors -> /home/pi/ros2_ws/install/simple_motors/share/ament_index/resource_index/packages
[16.932s] copying package.xml -> /home/pi/ros2_ws/install/simple_motors/share/simple_motors
[16.932s] running install_egg_info
[17.158s] removing '/home/pi/ros2_ws/install/simple_motors/lib/python3.11/site-packages/simple_motors-0.0.0-py3.11.egg-info' (and everything under it)
[17.158s] Copying ../../build/simple_motors/simple_motors.egg-info to /home/pi/ros2_ws/install/simple_motors/lib/python3.11/site-packages/simple_motors-0.0.0-py3.11.egg-info
[17.163s] running install_scripts
[18.703s] Installing motor_commander_left script to /home/pi/ros2_ws/install/simple_motors/lib/simple_motors
[18.703s] Installing motor_commander_right script to /home/pi/ros2_ws/install/simple_motors/lib/simple_motors
[18.703s] Installing motor_executor_left script to /home/pi/ros2_ws/install/simple_motors/lib/simple_motors
[18.704s] Installing motor_executor_right script to /home/pi/ros2_ws/install/simple_motors/lib/simple_motors
[18.711s] writing list of installed files to '/home/pi/ros2_ws/build/simple_motors/install.log'
[18.904s] Invoked command in '/home/pi/ros2_ws/src/simple_motors' returned '0': PYTHONPATH=/home/pi/ros2_ws/build/simple_motors/prefix_override:/usr/lib/python3/dist-packages/colcon_core/task/python/colcon_distutils_commands:/home/pi/ros2_ws/install/simple_motors/lib/python3.11/site-packages:${PYTHONPATH} /usr/bin/python3 -W ignore:setup.py install is deprecated setup.py egg_info --egg-base ../../build/simple_motors build --build-base /home/pi/ros2_ws/build/simple_motors/build install --record /home/pi/ros2_ws/build/simple_motors/install.log --single-version-externally-managed install_data
