[0.000000] (-) TimerEvent: {}
[0.000872] (basic_motors_and_sensors) JobQueued: {'identifier': 'basic_motors_and_sensors', 'dependencies': OrderedDict()}
[0.000996] (i2c_sensors) JobQueued: {'identifier': 'i2c_sensors', 'dependencies': OrderedDict()}
[0.001083] (simple_motors) JobQueued: {'identifier': 'simple_motors', 'dependencies': OrderedDict()}
[0.001956] (basic_motors_and_sensors) JobStarted: {'identifier': 'basic_motors_and_sensors'}
[0.099241] (-) TimerEvent: {}
[0.131622] (i2c_sensors) JobStarted: {'identifier': 'i2c_sensors'}
[0.199525] (-) TimerEvent: {}
[0.235895] (simple_motors) JobStarted: {'identifier': 'simple_motors'}
[0.299853] (-) TimerEvent: {}
[0.403419] (-) TimerEvent: {}
[0.504023] (-) TimerEvent: {}
[0.604861] (-) TimerEvent: {}
[0.705712] (-) TimerEvent: {}
[0.806564] (-) TimerEvent: {}
[0.907445] (-) TimerEvent: {}
[1.008294] (-) TimerEvent: {}
[1.109272] (-) TimerEvent: {}
[1.210168] (-) TimerEvent: {}
[1.311040] (-) TimerEvent: {}
[1.411962] (-) TimerEvent: {}
[1.512896] (-) TimerEvent: {}
[1.613549] (-) TimerEvent: {}
[1.714393] (-) TimerEvent: {}
[1.815169] (-) TimerEvent: {}
[1.916018] (-) TimerEvent: {}
[2.016870] (-) TimerEvent: {}
[2.117712] (-) TimerEvent: {}
[2.218538] (-) TimerEvent: {}
[2.319508] (-) TimerEvent: {}
[2.421449] (-) TimerEvent: {}
[2.522894] (-) TimerEvent: {}
[2.623886] (-) TimerEvent: {}
[2.689708] (basic_motors_and_sensors) StderrLine: {'line': b'Traceback (most recent call last):\n  File "/usr/lib/python3/dist-packages/colcon_core/executor/__init__.py", line 91, in __call__\n    rc = await self.task(*args, **kwargs)\n         ^^^^^^^^^^^^^^^^^^^^^^^^^^^^^^^^\n  File "/usr/lib/python3/dist-packages/colcon_core/task/__init__.py", line 93, in __call__\n    return await task_method(*args, **kwargs)\n           ^^^^^^^^^^^^^^^^^^^^^^^^^^^^^^^^^^\n  File "/usr/lib/python3/dist-packages/colcon_ros/task/ament_python/build.py", line 51, in build\n    setup_py_data = get_setup_data(self.context.pkg, env)\n                    ^^^^^^^^^^^^^^^^^^^^^^^^^^^^^^^^^^^^^\n  File "/usr/lib/python3/dist-packages/colcon_core/task/python/__init__.py", line 20, in get_setup_data\n    return dict(pkg.metadata[key](env))\n                ^^^^^^^^^^^^^^^^^^^^^^\n  File "/usr/lib/python3/dist-packages/colcon_ros/package_augmentation/ros_ament_python.py", line 57, in getter\n    return get_setup_information(\n           ^^^^^^^^^^^^^^^^^^^^^^\n  File "/usr/lib/python3/dist-packages/colcon_python_setup_py/package_identification/python_setup_py.py", line 241, in get_setup_information\n    _setup_information_cache[hashable_env] = _get_setup_information(\n                                             ^^^^^^^^^^^^^^^^^^^^^^^\n  File "/usr/lib/python3/dist-packages/colcon_python_setup_py/package_identification/python_setup_py.py", line 288, in _get_setup_information\n    result = subprocess.run(\n             ^^^^^^^^^^^^^^^\n  File "/usr/lib/python3.11/subprocess.py", line 571, in run\n    raise CalledProcessError(retcode, process.args,\nsubprocess.CalledProcessError: Command \'[\'/usr/bin/python3\', \'-c\', \'import sys;from contextlib import suppress;exec("with suppress(ImportError):    from setuptools.extern.packaging.specifiers    import SpecifierSet");exec("with suppress(ImportError):    from packaging.specifiers import SpecifierSet");from distutils.core import run_setup;dist = run_setup(    \\\'setup.py\\\', script_args=(\\\'--dry-run\\\',), stop_after=\\\'config\\\');skip_keys = (\\\'cmdclass\\\', \\\'distclass\\\', \\\'ext_modules\\\', \\\'metadata\\\');data = {    key: value for key, value in dist.__dict__.items()     if (        not key.startswith(\\\'_\\\') and         not callable(value) and         key not in skip_keys and         key not in dist.display_option_names    )};data[\\\'metadata\\\'] = {    k: v for k, v in dist.metadata.__dict__.items()     if k not in (\\\'license_files\\\', \\\'provides_extras\\\')};sys.stdout.buffer.write(repr(data).encode(\\\'utf-8\\\'))\']\' returned non-zero exit status 1.\n'}
[2.693004] (basic_motors_and_sensors) JobEnded: {'identifier': 'basic_motors_and_sensors', 'rc': 1}
[2.724080] (-) TimerEvent: {}
[2.824843] (-) TimerEvent: {}
[2.925740] (-) TimerEvent: {}
[3.026660] (-) TimerEvent: {}
[3.127568] (-) TimerEvent: {}
[3.228401] (-) TimerEvent: {}
[3.329232] (-) TimerEvent: {}
[3.430073] (-) TimerEvent: {}
[3.530926] (-) TimerEvent: {}
[3.631822] (-) TimerEvent: {}
[3.732684] (-) TimerEvent: {}
[3.833591] (-) TimerEvent: {}
[3.934420] (-) TimerEvent: {}
[4.035269] (-) TimerEvent: {}
[4.136127] (-) TimerEvent: {}
[4.236957] (-) TimerEvent: {}
[4.337814] (-) TimerEvent: {}
[4.438570] (-) TimerEvent: {}
[4.539441] (-) TimerEvent: {}
[4.640252] (-) TimerEvent: {}
[4.741072] (-) TimerEvent: {}
[4.841885] (-) TimerEvent: {}
[4.942758] (-) TimerEvent: {}
[5.043750] (-) TimerEvent: {}
[5.144859] (-) TimerEvent: {}
[5.212397] (i2c_sensors) JobEnded: {'identifier': 'i2c_sensors', 'rc': 'SIGINT'}
[5.213592] (simple_motors) JobEnded: {'identifier': 'simple_motors', 'rc': 'SIGINT'}
[5.223429] (-) EventReactorShutdown: {}
