[9.377s] Invoking command in '/home/pi/ros2_ws/src/simple_motors': PYTHONPATH=/home/pi/ros2_ws/build/simple_motors/prefix_override:/usr/lib/python3/dist-packages/colcon_core/task/python/colcon_distutils_commands:/home/pi/ros2_ws/install/simple_motors/lib/python3.11/site-packages:${PYTHONPATH} /usr/bin/python3 -W ignore:setup.py install is deprecated setup.py egg_info --egg-base ../../build/simple_motors build --build-base /home/pi/ros2_ws/build/simple_motors/build install --record /home/pi/ros2_ws/build/simple_motors/install.log --single-version-externally-managed install_data
[11.175s] /usr/local/lib/python3.11/dist-packages/setuptools/_distutils/dist.py:261: UserWarning: Unknown distribution option: 'tests_require'
[11.176s]   warnings.warn(msg)
[12.489s] running egg_info
[12.681s] writing ../../build/simple_motors/simple_motors.egg-info/PKG-INFO
[12.683s] writing dependency_links to ../../build/simple_motors/simple_motors.egg-info/dependency_links.txt
[12.684s] writing entry points to ../../build/simple_motors/simple_motors.egg-info/entry_points.txt
[12.685s] writing requirements to ../../build/simple_motors/simple_motors.egg-info/requires.txt
[12.687s] writing top-level names to ../../build/simple_motors/simple_motors.egg-info/top_level.txt
[13.102s] reading manifest file '../../build/simple_motors/simple_motors.egg-info/SOURCES.txt'
[13.102s] writing manifest file '../../build/simple_motors/simple_motors.egg-info/SOURCES.txt'
[13.103s] running build
[13.103s] running build_py
[13.103s] copying simple_motors/motor_commander.py -> /home/pi/ros2_ws/build/simple_motors/build/lib/simple_motors
[13.104s] copying simple_motors/motors_commander.py -> /home/pi/ros2_ws/build/simple_motors/build/lib/simple_motors
[13.104s] copying simple_motors/motor_executor.py -> /home/pi/ros2_ws/build/simple_motors/build/lib/simple_motors
[13.105s] copying simple_motors/__init__.py -> /home/pi/ros2_ws/build/simple_motors/build/lib/simple_motors
[13.106s] copying simple_motors/motors_executor.py -> /home/pi/ros2_ws/build/simple_motors/build/lib/simple_motors
[13.107s] running install
[13.130s] running install_lib
[13.325s] copying /home/pi/ros2_ws/build/simple_motors/build/lib/simple_motors/motor_commander.py -> /home/pi/ros2_ws/install/simple_motors/lib/python3.11/site-packages/simple_motors
[13.325s] copying /home/pi/ros2_ws/build/simple_motors/build/lib/simple_motors/motors_commander.py -> /home/pi/ros2_ws/install/simple_motors/lib/python3.11/site-packages/simple_motors
[13.330s] copying /home/pi/ros2_ws/build/simple_motors/build/lib/simple_motors/motors_executor.py -> /home/pi/ros2_ws/install/simple_motors/lib/python3.11/site-packages/simple_motors
[13.338s] byte-compiling /home/pi/ros2_ws/install/simple_motors/lib/python3.11/site-packages/simple_motors/motor_commander.py to motor_commander.cpython-311.pyc
[13.339s] byte-compiling /home/pi/ros2_ws/install/simple_motors/lib/python3.11/site-packages/simple_motors/motors_commander.py to motors_commander.cpython-311.pyc
[13.342s] byte-compiling /home/pi/ros2_ws/install/simple_motors/lib/python3.11/site-packages/simple_motors/motors_executor.py to motors_executor.cpython-311.pyc
[13.345s] running install_data
[13.350s] copying resource/simple_motors -> /home/pi/ros2_ws/install/simple_motors/share/ament_index/resource_index/packages
[13.351s] copying package.xml -> /home/pi/ros2_ws/install/simple_motors/share/simple_motors
[13.351s] running install_egg_info
[13.554s] removing '/home/pi/ros2_ws/install/simple_motors/lib/python3.11/site-packages/simple_motors-0.0.0-py3.11.egg-info' (and everything under it)
[13.556s] Copying ../../build/simple_motors/simple_motors.egg-info to /home/pi/ros2_ws/install/simple_motors/lib/python3.11/site-packages/simple_motors-0.0.0-py3.11.egg-info
[13.560s] running install_scripts
[14.909s] Installing motor_commander script to /home/pi/ros2_ws/install/simple_motors/lib/simple_motors
[14.909s] Installing motor_executor script to /home/pi/ros2_ws/install/simple_motors/lib/simple_motors
[14.912s] writing list of installed files to '/home/pi/ros2_ws/build/simple_motors/install.log'
[15.083s] Invoked command in '/home/pi/ros2_ws/src/simple_motors' returned '0': PYTHONPATH=/home/pi/ros2_ws/build/simple_motors/prefix_override:/usr/lib/python3/dist-packages/colcon_core/task/python/colcon_distutils_commands:/home/pi/ros2_ws/install/simple_motors/lib/python3.11/site-packages:${PYTHONPATH} /usr/bin/python3 -W ignore:setup.py install is deprecated setup.py egg_info --egg-base ../../build/simple_motors build --build-base /home/pi/ros2_ws/build/simple_motors/build install --record /home/pi/ros2_ws/build/simple_motors/install.log --single-version-externally-managed install_data
