running develop
running egg_info
creating basic_motors_and_sensors.egg-info
writing basic_motors_and_sensors.egg-info/PKG-INFO
writing dependency_links to basic_motors_and_sensors.egg-info/dependency_links.txt
writing entry points to basic_motors_and_sensors.egg-info/entry_points.txt
writing requirements to basic_motors_and_sensors.egg-info/requires.txt
writing top-level names to basic_motors_and_sensors.egg-info/top_level.txt
writing manifest file 'basic_motors_and_sensors.egg-info/SOURCES.txt'
reading manifest file 'basic_motors_and_sensors.egg-info/SOURCES.txt'
writing manifest file 'basic_motors_and_sensors.egg-info/SOURCES.txt'
running build_ext
Creating /home/pi/ros2_ws/install/basic_motors_and_sensors/lib/python3.11/site-packages/basic-motors-and-sensors.egg-link (link to .)
Installing encoders_node script to /home/pi/ros2_ws/install/basic_motors_and_sensors/lib/basic_motors_and_sensors
Installing motor_commander script to /home/pi/ros2_ws/install/basic_motors_and_sensors/lib/basic_motors_and_sensors
Installing motor_executor script to /home/pi/ros2_ws/install/basic_motors_and_sensors/lib/basic_motors_and_sensors
Installing sensors_node script to /home/pi/ros2_ws/install/basic_motors_and_sensors/lib/basic_motors_and_sensors
Installing sensors_processor script to /home/pi/ros2_ws/install/basic_motors_and_sensors/lib/basic_motors_and_sensors

Installed /home/pi/ros2_ws/build/basic_motors_and_sensors
running symlink_data
creating /home/pi/ros2_ws/install/basic_motors_and_sensors/share/ament_index
creating /home/pi/ros2_ws/install/basic_motors_and_sensors/share/ament_index/resource_index
creating /home/pi/ros2_ws/install/basic_motors_and_sensors/share/ament_index/resource_index/packages
symbolically linking /home/pi/ros2_ws/build/basic_motors_and_sensors/resource/basic_motors_and_sensors -> /home/pi/ros2_ws/install/basic_motors_and_sensors/share/ament_index/resource_index/packages
symbolically linking /home/pi/ros2_ws/build/basic_motors_and_sensors/package.xml -> /home/pi/ros2_ws/install/basic_motors_and_sensors/share/basic_motors_and_sensors
