[9.444s] Invoking command in '/home/pi/ros2_ws/src/simple_motors': PYTHONPATH=/home/pi/ros2_ws/build/simple_motors/prefix_override:/usr/lib/python3/dist-packages/colcon_core/task/python/colcon_distutils_commands:/home/pi/ros2_ws/install/simple_motors/lib/python3.11/site-packages:${PYTHONPATH} /usr/bin/python3 -W ignore:setup.py install is deprecated setup.py egg_info --egg-base ../../build/simple_motors build --build-base /home/pi/ros2_ws/build/simple_motors/build install --record /home/pi/ros2_ws/build/simple_motors/install.log --single-version-externally-managed install_data
[11.289s] /usr/local/lib/python3.11/dist-packages/setuptools/_distutils/dist.py:261: UserWarning: Unknown distribution option: 'tests_require'
[11.289s]   warnings.warn(msg)
[12.606s] running egg_info
[12.801s] writing ../../build/simple_motors/simple_motors.egg-info/PKG-INFO
[12.803s] writing dependency_links to ../../build/simple_motors/simple_motors.egg-info/dependency_links.txt
[12.804s] writing entry points to ../../build/simple_motors/simple_motors.egg-info/entry_points.txt
[12.805s] writing requirements to ../../build/simple_motors/simple_motors.egg-info/requires.txt
[12.806s] writing top-level names to ../../build/simple_motors/simple_motors.egg-info/top_level.txt
[13.217s] reading manifest file '../../build/simple_motors/simple_motors.egg-info/SOURCES.txt'
[13.220s] writing manifest file '../../build/simple_motors/simple_motors.egg-info/SOURCES.txt'
[13.220s] running build
[13.221s] running build_py
[13.222s] copying simple_motors/motor_commander.py -> /home/pi/ros2_ws/build/simple_motors/build/lib/simple_motors
[13.222s] copying simple_motors/motors_commander.py -> /home/pi/ros2_ws/build/simple_motors/build/lib/simple_motors
[13.223s] copying simple_motors/motor_executor.py -> /home/pi/ros2_ws/build/simple_motors/build/lib/simple_motors
[13.224s] copying simple_motors/__init__.py -> /home/pi/ros2_ws/build/simple_motors/build/lib/simple_motors
[13.224s] copying simple_motors/motors_executor.py -> /home/pi/ros2_ws/build/simple_motors/build/lib/simple_motors
[13.227s] running install
[13.253s] running install_lib
[13.454s] running install_data
[13.455s] copying resource/simple_motors -> /home/pi/ros2_ws/install/simple_motors/share/ament_index/resource_index/packages
[13.457s] copying package.xml -> /home/pi/ros2_ws/install/simple_motors/share/simple_motors
[13.457s] running install_egg_info
[13.662s] removing '/home/pi/ros2_ws/install/simple_motors/lib/python3.11/site-packages/simple_motors-0.0.0-py3.11.egg-info' (and everything under it)
[13.663s] Copying ../../build/simple_motors/simple_motors.egg-info to /home/pi/ros2_ws/install/simple_motors/lib/python3.11/site-packages/simple_motors-0.0.0-py3.11.egg-info
[13.666s] running install_scripts
[15.032s] Installing motor_commander_left script to /home/pi/ros2_ws/install/simple_motors/lib/simple_motors
[15.033s] Installing motor_commander_right script to /home/pi/ros2_ws/install/simple_motors/lib/simple_motors
[15.033s] Installing motor_executor_left script to /home/pi/ros2_ws/install/simple_motors/lib/simple_motors
[15.034s] Installing motor_executor_right script to /home/pi/ros2_ws/install/simple_motors/lib/simple_motors
[15.035s] writing list of installed files to '/home/pi/ros2_ws/build/simple_motors/install.log'
[15.206s] Invoked command in '/home/pi/ros2_ws/src/simple_motors' returned '0': PYTHONPATH=/home/pi/ros2_ws/build/simple_motors/prefix_override:/usr/lib/python3/dist-packages/colcon_core/task/python/colcon_distutils_commands:/home/pi/ros2_ws/install/simple_motors/lib/python3.11/site-packages:${PYTHONPATH} /usr/bin/python3 -W ignore:setup.py install is deprecated setup.py egg_info --egg-base ../../build/simple_motors build --build-base /home/pi/ros2_ws/build/simple_motors/build install --record /home/pi/ros2_ws/build/simple_motors/install.log --single-version-externally-managed install_data
