[19.826s] Invoking command in '/home/pi/ros2_ws/src/i2c_sensors_ros2/i2c_sensors': PYTHONPATH=/home/pi/ros2_ws/build/i2c_sensors/prefix_override:/usr/lib/python3/dist-packages/colcon_core/task/python/colcon_distutils_commands:/home/pi/ros2_ws/install/i2c_sensors/lib/python3.11/site-packages:${PYTHONPATH} /usr/bin/python3 -W ignore:setup.py install is deprecated setup.py egg_info --egg-base ../../../build/i2c_sensors build --build-base /home/pi/ros2_ws/build/i2c_sensors/build install --record /home/pi/ros2_ws/build/i2c_sensors/install.log --single-version-externally-managed install_data
[22.188s] /usr/local/lib/python3.11/dist-packages/setuptools/_distutils/dist.py:261: UserWarning: Unknown distribution option: 'tests_require'
[22.189s]   warnings.warn(msg)
[24.072s] running egg_info
[24.408s] writing ../../../build/i2c_sensors/i2c_sensors.egg-info/PKG-INFO
[24.411s] writing dependency_links to ../../../build/i2c_sensors/i2c_sensors.egg-info/dependency_links.txt
[24.414s] writing entry points to ../../../build/i2c_sensors/i2c_sensors.egg-info/entry_points.txt
[24.414s] writing requirements to ../../../build/i2c_sensors/i2c_sensors.egg-info/requires.txt
[24.415s] writing top-level names to ../../../build/i2c_sensors/i2c_sensors.egg-info/top_level.txt
[25.179s] reading manifest file '../../../build/i2c_sensors/i2c_sensors.egg-info/SOURCES.txt'
[25.185s] adding license file 'LICENSE'
[25.216s] writing manifest file '../../../build/i2c_sensors/i2c_sensors.egg-info/SOURCES.txt'
[25.234s] running build
[25.244s] running build_py
[25.245s] running install
[25.329s] running install_lib
[26.058s] running install_data
[26.083s] running install_egg_info
[26.566s] removing '/home/pi/ros2_ws/install/i2c_sensors/lib/python3.11/site-packages/i2c_sensors-0.0.0-py3.11.egg-info' (and everything under it)
[26.567s] Copying ../../../build/i2c_sensors/i2c_sensors.egg-info to /home/pi/ros2_ws/install/i2c_sensors/lib/python3.11/site-packages/i2c_sensors-0.0.0-py3.11.egg-info
[26.582s] running install_scripts
[28.747s] Installing imu_mpu6050_node script to /home/pi/ros2_ws/install/i2c_sensors/lib/i2c_sensors
[28.749s] writing list of installed files to '/home/pi/ros2_ws/build/i2c_sensors/install.log'
[29.049s] Invoked command in '/home/pi/ros2_ws/src/i2c_sensors_ros2/i2c_sensors' returned '0': PYTHONPATH=/home/pi/ros2_ws/build/i2c_sensors/prefix_override:/usr/lib/python3/dist-packages/colcon_core/task/python/colcon_distutils_commands:/home/pi/ros2_ws/install/i2c_sensors/lib/python3.11/site-packages:${PYTHONPATH} /usr/bin/python3 -W ignore:setup.py install is deprecated setup.py egg_info --egg-base ../../../build/i2c_sensors build --build-base /home/pi/ros2_ws/build/i2c_sensors/build install --record /home/pi/ros2_ws/build/i2c_sensors/install.log --single-version-externally-managed install_data
