[1.057s] DEBUG:colcon:Command line arguments: ['/usr/bin/colcon', 'build']
[1.058s] DEBUG:colcon:Parsed command line arguments: Namespace(log_base=None, log_level=None, verb_name='build', build_base='build', install_base='install', merge_install=False, symlink_install=False, test_result_base=None, continue_on_error=False, executor='parallel', parallel_workers=4, event_handlers=None, ignore_user_meta=False, metas=['./colcon.meta'], base_paths=['.'], packages_ignore=None, packages_ignore_regex=None, paths=None, packages_up_to=None, packages_up_to_regex=None, packages_above=None, packages_above_and_dependencies=None, packages_above_depth=None, packages_select_by_dep=None, packages_skip_by_dep=None, packages_skip_up_to=None, packages_select_build_failed=False, packages_skip_build_finished=False, packages_select_test_failures=False, packages_skip_test_passed=False, packages_select=None, packages_skip=None, packages_select_regex=None, packages_skip_regex=None, packages_start=None, packages_end=None, allow_overriding=[], cmake_args=None, cmake_target=None, cmake_target_skip_unavailable=False, cmake_clean_cache=False, cmake_clean_first=False, cmake_force_configure=False, ament_cmake_args=None, catkin_cmake_args=None, catkin_skip_building_tests=False, mixin_files=None, mixin=None, verb_parser=<colcon_mixin.mixin.mixin_argument.MixinArgumentDecorator object at 0x7f8a7d6550>, verb_extension=<colcon_core.verb.build.BuildVerb object at 0x7f8a7d5210>, main=<bound method BuildVerb.main of <colcon_core.verb.build.BuildVerb object at 0x7f8a7d5210>>, mixin_verb=('build',))
[1.450s] Level 1:colcon.colcon_core.package_discovery:discover_packages(colcon_meta) check parameters
[1.451s] Level 1:colcon.colcon_core.package_discovery:discover_packages(recursive) check parameters
[1.451s] Level 1:colcon.colcon_core.package_discovery:discover_packages(ignore) check parameters
[1.451s] Level 1:colcon.colcon_core.package_discovery:discover_packages(path) check parameters
[1.451s] Level 1:colcon.colcon_core.package_discovery:discover_packages(colcon_meta) discover
[1.452s] Level 1:colcon.colcon_core.package_discovery:discover_packages(recursive) discover
[1.452s] INFO:colcon.colcon_core.package_discovery:Crawling recursively for packages in '/home/pi/ros2_ws'
[1.453s] Level 1:colcon.colcon_core.package_identification:_identify(.) by extensions ['ignore', 'ignore_ament_install']
[1.454s] Level 1:colcon.colcon_core.package_identification:_identify(.) by extension 'ignore'
[1.454s] Level 1:colcon.colcon_core.package_identification:_identify(.) by extension 'ignore_ament_install'
[1.454s] Level 1:colcon.colcon_core.package_identification:_identify(.) by extensions ['colcon_pkg']
[1.455s] Level 1:colcon.colcon_core.package_identification:_identify(.) by extension 'colcon_pkg'
[1.455s] Level 1:colcon.colcon_core.package_identification:_identify(.) by extensions ['colcon_meta']
[1.455s] Level 1:colcon.colcon_core.package_identification:_identify(.) by extension 'colcon_meta'
[1.455s] Level 1:colcon.colcon_core.package_identification:_identify(.) by extensions ['ros']
[1.455s] Level 1:colcon.colcon_core.package_identification:_identify(.) by extension 'ros'
[1.629s] Level 1:colcon.colcon_core.package_identification:_identify(.) by extensions ['cmake', 'python']
[1.630s] Level 1:colcon.colcon_core.package_identification:_identify(.) by extension 'cmake'
[1.630s] Level 1:colcon.colcon_core.package_identification:_identify(.) by extension 'python'
[1.630s] Level 1:colcon.colcon_core.package_identification:_identify(.) by extensions ['python_setup_py']
[1.630s] Level 1:colcon.colcon_core.package_identification:_identify(.) by extension 'python_setup_py'
[1.631s] Level 1:colcon.colcon_core.package_identification:_identify(build) by extensions ['ignore', 'ignore_ament_install']
[1.631s] Level 1:colcon.colcon_core.package_identification:_identify(build) by extension 'ignore'
[1.632s] Level 1:colcon.colcon_core.package_identification:_identify(build) ignored
[1.632s] Level 1:colcon.colcon_core.package_identification:_identify(install) by extensions ['ignore', 'ignore_ament_install']
[1.633s] Level 1:colcon.colcon_core.package_identification:_identify(install) by extension 'ignore'
[1.633s] Level 1:colcon.colcon_core.package_identification:_identify(install) ignored
[1.634s] Level 1:colcon.colcon_core.package_identification:_identify(log) by extensions ['ignore', 'ignore_ament_install']
[1.634s] Level 1:colcon.colcon_core.package_identification:_identify(log) by extension 'ignore'
[1.634s] Level 1:colcon.colcon_core.package_identification:_identify(log) ignored
[1.635s] Level 1:colcon.colcon_core.package_identification:_identify(src) by extensions ['ignore', 'ignore_ament_install']
[1.635s] Level 1:colcon.colcon_core.package_identification:_identify(src) by extension 'ignore'
[1.635s] Level 1:colcon.colcon_core.package_identification:_identify(src) by extension 'ignore_ament_install'
[1.636s] Level 1:colcon.colcon_core.package_identification:_identify(src) by extensions ['colcon_pkg']
[1.636s] Level 1:colcon.colcon_core.package_identification:_identify(src) by extension 'colcon_pkg'
[1.636s] Level 1:colcon.colcon_core.package_identification:_identify(src) by extensions ['colcon_meta']
[1.636s] Level 1:colcon.colcon_core.package_identification:_identify(src) by extension 'colcon_meta'
[1.636s] Level 1:colcon.colcon_core.package_identification:_identify(src) by extensions ['ros']
[1.636s] Level 1:colcon.colcon_core.package_identification:_identify(src) by extension 'ros'
[1.637s] Level 1:colcon.colcon_core.package_identification:_identify(src) by extensions ['cmake', 'python']
[1.637s] Level 1:colcon.colcon_core.package_identification:_identify(src) by extension 'cmake'
[1.637s] Level 1:colcon.colcon_core.package_identification:_identify(src) by extension 'python'
[1.637s] Level 1:colcon.colcon_core.package_identification:_identify(src) by extensions ['python_setup_py']
[1.638s] Level 1:colcon.colcon_core.package_identification:_identify(src) by extension 'python_setup_py'
[1.638s] Level 1:colcon.colcon_core.package_identification:_identify(src/basic_motors_and_sensors_ros2_v01C) by extensions ['ignore', 'ignore_ament_install']
[1.639s] Level 1:colcon.colcon_core.package_identification:_identify(src/basic_motors_and_sensors_ros2_v01C) by extension 'ignore'
[1.639s] Level 1:colcon.colcon_core.package_identification:_identify(src/basic_motors_and_sensors_ros2_v01C) by extension 'ignore_ament_install'
[1.639s] Level 1:colcon.colcon_core.package_identification:_identify(src/basic_motors_and_sensors_ros2_v01C) by extensions ['colcon_pkg']
[1.639s] Level 1:colcon.colcon_core.package_identification:_identify(src/basic_motors_and_sensors_ros2_v01C) by extension 'colcon_pkg'
[1.639s] Level 1:colcon.colcon_core.package_identification:_identify(src/basic_motors_and_sensors_ros2_v01C) by extensions ['colcon_meta']
[1.640s] Level 1:colcon.colcon_core.package_identification:_identify(src/basic_motors_and_sensors_ros2_v01C) by extension 'colcon_meta'
[1.640s] Level 1:colcon.colcon_core.package_identification:_identify(src/basic_motors_and_sensors_ros2_v01C) by extensions ['ros']
[1.640s] Level 1:colcon.colcon_core.package_identification:_identify(src/basic_motors_and_sensors_ros2_v01C) by extension 'ros'
[1.640s] Level 1:colcon.colcon_core.package_identification:_identify(src/basic_motors_and_sensors_ros2_v01C) by extensions ['cmake', 'python']
[1.641s] Level 1:colcon.colcon_core.package_identification:_identify(src/basic_motors_and_sensors_ros2_v01C) by extension 'cmake'
[1.641s] Level 1:colcon.colcon_core.package_identification:_identify(src/basic_motors_and_sensors_ros2_v01C) by extension 'python'
[1.641s] Level 1:colcon.colcon_core.package_identification:_identify(src/basic_motors_and_sensors_ros2_v01C) by extensions ['python_setup_py']
[1.641s] Level 1:colcon.colcon_core.package_identification:_identify(src/basic_motors_and_sensors_ros2_v01C) by extension 'python_setup_py'
[1.642s] Level 1:colcon.colcon_core.package_identification:_identify(src/basic_motors_and_sensors_ros2_v01C/basic_motors_and_sensors) by extensions ['ignore', 'ignore_ament_install']
[1.642s] Level 1:colcon.colcon_core.package_identification:_identify(src/basic_motors_and_sensors_ros2_v01C/basic_motors_and_sensors) by extension 'ignore'
[1.642s] Level 1:colcon.colcon_core.package_identification:_identify(src/basic_motors_and_sensors_ros2_v01C/basic_motors_and_sensors) by extension 'ignore_ament_install'
[1.642s] Level 1:colcon.colcon_core.package_identification:_identify(src/basic_motors_and_sensors_ros2_v01C/basic_motors_and_sensors) by extensions ['colcon_pkg']
[1.643s] Level 1:colcon.colcon_core.package_identification:_identify(src/basic_motors_and_sensors_ros2_v01C/basic_motors_and_sensors) by extension 'colcon_pkg'
[1.643s] Level 1:colcon.colcon_core.package_identification:_identify(src/basic_motors_and_sensors_ros2_v01C/basic_motors_and_sensors) by extensions ['colcon_meta']
[1.643s] Level 1:colcon.colcon_core.package_identification:_identify(src/basic_motors_and_sensors_ros2_v01C/basic_motors_and_sensors) by extension 'colcon_meta'
[1.643s] Level 1:colcon.colcon_core.package_identification:_identify(src/basic_motors_and_sensors_ros2_v01C/basic_motors_and_sensors) by extensions ['ros']
[1.643s] Level 1:colcon.colcon_core.package_identification:_identify(src/basic_motors_and_sensors_ros2_v01C/basic_motors_and_sensors) by extension 'ros'
[1.656s] DEBUG:colcon.colcon_core.package_identification:Package 'src/basic_motors_and_sensors_ros2_v01C/basic_motors_and_sensors' with type 'ros.ament_python' and name 'basic_motors_and_sensors'
[1.657s] Level 1:colcon.colcon_core.package_identification:_identify(src/build) by extensions ['ignore', 'ignore_ament_install']
[1.658s] Level 1:colcon.colcon_core.package_identification:_identify(src/build) by extension 'ignore'
[1.658s] Level 1:colcon.colcon_core.package_identification:_identify(src/build) ignored
[1.658s] Level 1:colcon.colcon_core.package_identification:_identify(src/i2c_sensors_ros2) by extensions ['ignore', 'ignore_ament_install']
[1.659s] Level 1:colcon.colcon_core.package_identification:_identify(src/i2c_sensors_ros2) by extension 'ignore'
[1.659s] Level 1:colcon.colcon_core.package_identification:_identify(src/i2c_sensors_ros2) by extension 'ignore_ament_install'
[1.660s] Level 1:colcon.colcon_core.package_identification:_identify(src/i2c_sensors_ros2) by extensions ['colcon_pkg']
[1.660s] Level 1:colcon.colcon_core.package_identification:_identify(src/i2c_sensors_ros2) by extension 'colcon_pkg'
[1.660s] Level 1:colcon.colcon_core.package_identification:_identify(src/i2c_sensors_ros2) by extensions ['colcon_meta']
[1.660s] Level 1:colcon.colcon_core.package_identification:_identify(src/i2c_sensors_ros2) by extension 'colcon_meta'
[1.660s] Level 1:colcon.colcon_core.package_identification:_identify(src/i2c_sensors_ros2) by extensions ['ros']
[1.660s] Level 1:colcon.colcon_core.package_identification:_identify(src/i2c_sensors_ros2) by extension 'ros'
[1.661s] Level 1:colcon.colcon_core.package_identification:_identify(src/i2c_sensors_ros2) by extensions ['cmake', 'python']
[1.661s] Level 1:colcon.colcon_core.package_identification:_identify(src/i2c_sensors_ros2) by extension 'cmake'
[1.661s] Level 1:colcon.colcon_core.package_identification:_identify(src/i2c_sensors_ros2) by extension 'python'
[1.661s] Level 1:colcon.colcon_core.package_identification:_identify(src/i2c_sensors_ros2) by extensions ['python_setup_py']
[1.661s] Level 1:colcon.colcon_core.package_identification:_identify(src/i2c_sensors_ros2) by extension 'python_setup_py'
[1.662s] Level 1:colcon.colcon_core.package_identification:_identify(src/i2c_sensors_ros2/i2c_sensors) by extensions ['ignore', 'ignore_ament_install']
[1.662s] Level 1:colcon.colcon_core.package_identification:_identify(src/i2c_sensors_ros2/i2c_sensors) by extension 'ignore'
[1.663s] Level 1:colcon.colcon_core.package_identification:_identify(src/i2c_sensors_ros2/i2c_sensors) by extension 'ignore_ament_install'
[1.663s] Level 1:colcon.colcon_core.package_identification:_identify(src/i2c_sensors_ros2/i2c_sensors) by extensions ['colcon_pkg']
[1.663s] Level 1:colcon.colcon_core.package_identification:_identify(src/i2c_sensors_ros2/i2c_sensors) by extension 'colcon_pkg'
[1.664s] Level 1:colcon.colcon_core.package_identification:_identify(src/i2c_sensors_ros2/i2c_sensors) by extensions ['colcon_meta']
[1.664s] Level 1:colcon.colcon_core.package_identification:_identify(src/i2c_sensors_ros2/i2c_sensors) by extension 'colcon_meta'
[1.664s] Level 1:colcon.colcon_core.package_identification:_identify(src/i2c_sensors_ros2/i2c_sensors) by extensions ['ros']
[1.664s] Level 1:colcon.colcon_core.package_identification:_identify(src/i2c_sensors_ros2/i2c_sensors) by extension 'ros'
[1.748s] DEBUG:colcon.colcon_core.package_identification:Package 'src/i2c_sensors_ros2/i2c_sensors' with type 'ros.ament_python' and name 'i2c_sensors'
[1.749s] Level 1:colcon.colcon_core.package_identification:_identify(src/install) by extensions ['ignore', 'ignore_ament_install']
[1.750s] Level 1:colcon.colcon_core.package_identification:_identify(src/install) by extension 'ignore'
[1.750s] Level 1:colcon.colcon_core.package_identification:_identify(src/install) ignored
[1.750s] Level 1:colcon.colcon_core.package_identification:_identify(src/log) by extensions ['ignore', 'ignore_ament_install']
[1.751s] Level 1:colcon.colcon_core.package_identification:_identify(src/log) by extension 'ignore'
[1.751s] Level 1:colcon.colcon_core.package_identification:_identify(src/log) ignored
[1.752s] Level 1:colcon.colcon_core.package_identification:_identify(src/simple_motors) by extensions ['ignore', 'ignore_ament_install']
[1.752s] Level 1:colcon.colcon_core.package_identification:_identify(src/simple_motors) by extension 'ignore'
[1.752s] Level 1:colcon.colcon_core.package_identification:_identify(src/simple_motors) by extension 'ignore_ament_install'
[1.753s] Level 1:colcon.colcon_core.package_identification:_identify(src/simple_motors) by extensions ['colcon_pkg']
[1.753s] Level 1:colcon.colcon_core.package_identification:_identify(src/simple_motors) by extension 'colcon_pkg'
[1.753s] Level 1:colcon.colcon_core.package_identification:_identify(src/simple_motors) by extensions ['colcon_meta']
[1.753s] Level 1:colcon.colcon_core.package_identification:_identify(src/simple_motors) by extension 'colcon_meta'
[1.753s] Level 1:colcon.colcon_core.package_identification:_identify(src/simple_motors) by extensions ['ros']
[1.753s] Level 1:colcon.colcon_core.package_identification:_identify(src/simple_motors) by extension 'ros'
[1.756s] DEBUG:colcon.colcon_core.package_identification:Package 'src/simple_motors' with type 'ros.ament_python' and name 'simple_motors'
[1.757s] Level 1:colcon.colcon_core.package_discovery:discover_packages(recursive) using defaults
[1.757s] Level 1:colcon.colcon_core.package_discovery:discover_packages(ignore) discover
[1.757s] Level 1:colcon.colcon_core.package_discovery:discover_packages(ignore) using defaults
[1.757s] Level 1:colcon.colcon_core.package_discovery:discover_packages(path) discover
[1.757s] Level 1:colcon.colcon_core.package_discovery:discover_packages(path) using defaults
[1.967s] Level 1:colcon.colcon_core.package_discovery:discover_packages(prefix_path) check parameters
[1.968s] Level 1:colcon.colcon_core.package_discovery:discover_packages(prefix_path) discover
[2.025s] DEBUG:colcon.colcon_installed_package_information.package_discovery:Found 3 installed packages in /home/pi/ros2_ws/install
[2.064s] DEBUG:colcon.colcon_installed_package_information.package_discovery:Found 363 installed packages in /home/pi/ros2_jazzy/install
[2.071s] Level 1:colcon.colcon_core.package_discovery:discover_packages(prefix_path) using defaults
[2.210s] Level 5:colcon.colcon_core.verb:set package 'basic_motors_and_sensors' build argument 'cmake_args' from command line to 'None'
[2.210s] Level 5:colcon.colcon_core.verb:set package 'basic_motors_and_sensors' build argument 'cmake_target' from command line to 'None'
[2.210s] Level 5:colcon.colcon_core.verb:set package 'basic_motors_and_sensors' build argument 'cmake_target_skip_unavailable' from command line to 'False'
[2.210s] Level 5:colcon.colcon_core.verb:set package 'basic_motors_and_sensors' build argument 'cmake_clean_cache' from command line to 'False'
[2.210s] Level 5:colcon.colcon_core.verb:set package 'basic_motors_and_sensors' build argument 'cmake_clean_first' from command line to 'False'
[2.210s] Level 5:colcon.colcon_core.verb:set package 'basic_motors_and_sensors' build argument 'cmake_force_configure' from command line to 'False'
[2.210s] Level 5:colcon.colcon_core.verb:set package 'basic_motors_and_sensors' build argument 'ament_cmake_args' from command line to 'None'
[2.211s] Level 5:colcon.colcon_core.verb:set package 'basic_motors_and_sensors' build argument 'catkin_cmake_args' from command line to 'None'
[2.211s] Level 5:colcon.colcon_core.verb:set package 'basic_motors_and_sensors' build argument 'catkin_skip_building_tests' from command line to 'False'
[2.211s] DEBUG:colcon.colcon_core.verb:Building package 'basic_motors_and_sensors' with the following arguments: {'ament_cmake_args': None, 'build_base': '/home/pi/ros2_ws/build/basic_motors_and_sensors', 'catkin_cmake_args': None, 'catkin_skip_building_tests': False, 'cmake_args': None, 'cmake_clean_cache': False, 'cmake_clean_first': False, 'cmake_force_configure': False, 'cmake_target': None, 'cmake_target_skip_unavailable': False, 'install_base': '/home/pi/ros2_ws/install/basic_motors_and_sensors', 'merge_install': False, 'path': '/home/pi/ros2_ws/src/basic_motors_and_sensors_ros2_v01C/basic_motors_and_sensors', 'symlink_install': False, 'test_result_base': None}
[2.213s] Level 5:colcon.colcon_core.verb:set package 'i2c_sensors' build argument 'cmake_args' from command line to 'None'
[2.213s] Level 5:colcon.colcon_core.verb:set package 'i2c_sensors' build argument 'cmake_target' from command line to 'None'
[2.213s] Level 5:colcon.colcon_core.verb:set package 'i2c_sensors' build argument 'cmake_target_skip_unavailable' from command line to 'False'
[2.213s] Level 5:colcon.colcon_core.verb:set package 'i2c_sensors' build argument 'cmake_clean_cache' from command line to 'False'
[2.213s] Level 5:colcon.colcon_core.verb:set package 'i2c_sensors' build argument 'cmake_clean_first' from command line to 'False'
[2.213s] Level 5:colcon.colcon_core.verb:set package 'i2c_sensors' build argument 'cmake_force_configure' from command line to 'False'
[2.213s] Level 5:colcon.colcon_core.verb:set package 'i2c_sensors' build argument 'ament_cmake_args' from command line to 'None'
[2.213s] Level 5:colcon.colcon_core.verb:set package 'i2c_sensors' build argument 'catkin_cmake_args' from command line to 'None'
[2.213s] Level 5:colcon.colcon_core.verb:set package 'i2c_sensors' build argument 'catkin_skip_building_tests' from command line to 'False'
[2.214s] DEBUG:colcon.colcon_core.verb:Building package 'i2c_sensors' with the following arguments: {'ament_cmake_args': None, 'build_base': '/home/pi/ros2_ws/build/i2c_sensors', 'catkin_cmake_args': None, 'catkin_skip_building_tests': False, 'cmake_args': None, 'cmake_clean_cache': False, 'cmake_clean_first': False, 'cmake_force_configure': False, 'cmake_target': None, 'cmake_target_skip_unavailable': False, 'install_base': '/home/pi/ros2_ws/install/i2c_sensors', 'merge_install': False, 'path': '/home/pi/ros2_ws/src/i2c_sensors_ros2/i2c_sensors', 'symlink_install': False, 'test_result_base': None}
[2.215s] Level 5:colcon.colcon_core.verb:set package 'simple_motors' build argument 'cmake_args' from command line to 'None'
[2.215s] Level 5:colcon.colcon_core.verb:set package 'simple_motors' build argument 'cmake_target' from command line to 'None'
[2.215s] Level 5:colcon.colcon_core.verb:set package 'simple_motors' build argument 'cmake_target_skip_unavailable' from command line to 'False'
[2.216s] Level 5:colcon.colcon_core.verb:set package 'simple_motors' build argument 'cmake_clean_cache' from command line to 'False'
[2.216s] Level 5:colcon.colcon_core.verb:set package 'simple_motors' build argument 'cmake_clean_first' from command line to 'False'
[2.216s] Level 5:colcon.colcon_core.verb:set package 'simple_motors' build argument 'cmake_force_configure' from command line to 'False'
[2.216s] Level 5:colcon.colcon_core.verb:set package 'simple_motors' build argument 'ament_cmake_args' from command line to 'None'
[2.216s] Level 5:colcon.colcon_core.verb:set package 'simple_motors' build argument 'catkin_cmake_args' from command line to 'None'
[2.216s] Level 5:colcon.colcon_core.verb:set package 'simple_motors' build argument 'catkin_skip_building_tests' from command line to 'False'
[2.216s] DEBUG:colcon.colcon_core.verb:Building package 'simple_motors' with the following arguments: {'ament_cmake_args': None, 'build_base': '/home/pi/ros2_ws/build/simple_motors', 'catkin_cmake_args': None, 'catkin_skip_building_tests': False, 'cmake_args': None, 'cmake_clean_cache': False, 'cmake_clean_first': False, 'cmake_force_configure': False, 'cmake_target': None, 'cmake_target_skip_unavailable': False, 'install_base': '/home/pi/ros2_ws/install/simple_motors', 'merge_install': False, 'path': '/home/pi/ros2_ws/src/simple_motors', 'symlink_install': False, 'test_result_base': None}
[2.217s] INFO:colcon.colcon_core.executor:Executing jobs using 'parallel' executor
[2.221s] DEBUG:colcon.colcon_parallel_executor.executor.parallel:run_until_complete
[2.222s] INFO:colcon.colcon_ros.task.ament_python.build:Building ROS package in '/home/pi/ros2_ws/src/basic_motors_and_sensors_ros2_v01C/basic_motors_and_sensors' with build type 'ament_python'
[2.222s] Level 1:colcon.colcon_core.shell:create_environment_hook('basic_motors_and_sensors', 'ament_prefix_path')
[2.248s] INFO:colcon.colcon_core.plugin_system:Skipping extension 'colcon_core.shell.bat': Not used on non-Windows systems
[2.249s] INFO:colcon.colcon_core.shell:Creating environment hook '/home/pi/ros2_ws/install/basic_motors_and_sensors/share/basic_motors_and_sensors/hook/ament_prefix_path.ps1'
[2.251s] INFO:colcon.colcon_core.shell:Creating environment descriptor '/home/pi/ros2_ws/install/basic_motors_and_sensors/share/basic_motors_and_sensors/hook/ament_prefix_path.dsv'
[2.256s] INFO:colcon.colcon_core.shell:Creating environment hook '/home/pi/ros2_ws/install/basic_motors_and_sensors/share/basic_motors_and_sensors/hook/ament_prefix_path.sh'
[2.259s] INFO:colcon.colcon_core.shell:Skip shell extension 'powershell' for command environment: Not usable outside of PowerShell
[2.259s] DEBUG:colcon.colcon_core.shell:Skip shell extension 'dsv' for command environment
[2.362s] INFO:colcon.colcon_ros.task.ament_python.build:Building ROS package in '/home/pi/ros2_ws/src/i2c_sensors_ros2/i2c_sensors' with build type 'ament_python'
[2.363s] Level 1:colcon.colcon_core.shell:create_environment_hook('i2c_sensors', 'ament_prefix_path')
[2.364s] INFO:colcon.colcon_core.shell:Creating environment hook '/home/pi/ros2_ws/install/i2c_sensors/share/i2c_sensors/hook/ament_prefix_path.ps1'
[2.367s] INFO:colcon.colcon_core.shell:Creating environment descriptor '/home/pi/ros2_ws/install/i2c_sensors/share/i2c_sensors/hook/ament_prefix_path.dsv'
[2.370s] INFO:colcon.colcon_core.shell:Creating environment hook '/home/pi/ros2_ws/install/i2c_sensors/share/i2c_sensors/hook/ament_prefix_path.sh'
[2.373s] INFO:colcon.colcon_core.shell:Skip shell extension 'powershell' for command environment: Not usable outside of PowerShell
[2.374s] DEBUG:colcon.colcon_core.shell:Skip shell extension 'dsv' for command environment
[2.474s] INFO:colcon.colcon_ros.task.ament_python.build:Building ROS package in '/home/pi/ros2_ws/src/simple_motors' with build type 'ament_python'
[2.475s] Level 1:colcon.colcon_core.shell:create_environment_hook('simple_motors', 'ament_prefix_path')
[2.476s] INFO:colcon.colcon_core.shell:Creating environment hook '/home/pi/ros2_ws/install/simple_motors/share/simple_motors/hook/ament_prefix_path.ps1'
[2.478s] INFO:colcon.colcon_core.shell:Creating environment descriptor '/home/pi/ros2_ws/install/simple_motors/share/simple_motors/hook/ament_prefix_path.dsv'
[2.481s] INFO:colcon.colcon_core.shell:Creating environment hook '/home/pi/ros2_ws/install/simple_motors/share/simple_motors/hook/ament_prefix_path.sh'
[2.484s] INFO:colcon.colcon_core.shell:Skip shell extension 'powershell' for command environment: Not usable outside of PowerShell
[2.484s] DEBUG:colcon.colcon_core.shell:Skip shell extension 'dsv' for command environment
[5.857s] INFO:colcon.colcon_core.task.python.build:Building Python package in '/home/pi/ros2_ws/src/basic_motors_and_sensors_ros2_v01C/basic_motors_and_sensors'
[5.858s] INFO:colcon.colcon_core.shell:Skip shell extension 'powershell' for command environment: Not usable outside of PowerShell
[5.859s] DEBUG:colcon.colcon_core.shell:Skip shell extension 'dsv' for command environment
[8.876s] INFO:colcon.colcon_core.task.python.build:Building Python package in '/home/pi/ros2_ws/src/i2c_sensors_ros2/i2c_sensors'
[8.878s] INFO:colcon.colcon_core.shell:Skip shell extension 'powershell' for command environment: Not usable outside of PowerShell
[8.878s] DEBUG:colcon.colcon_core.shell:Skip shell extension 'dsv' for command environment
[11.649s] INFO:colcon.colcon_core.task.python.build:Building Python package in '/home/pi/ros2_ws/src/simple_motors'
[11.650s] INFO:colcon.colcon_core.shell:Skip shell extension 'powershell' for command environment: Not usable outside of PowerShell
[11.651s] DEBUG:colcon.colcon_core.shell:Skip shell extension 'dsv' for command environment
[22.192s] DEBUG:colcon.colcon_core.event_handler.log_command:Invoking command in '/home/pi/ros2_ws/src/i2c_sensors_ros2/i2c_sensors': PYTHONPATH=/home/pi/ros2_ws/build/i2c_sensors/prefix_override:/usr/lib/python3/dist-packages/colcon_core/task/python/colcon_distutils_commands:/home/pi/ros2_ws/install/i2c_sensors/lib/python3.11/site-packages:${PYTHONPATH} /usr/bin/python3 -W ignore:setup.py install is deprecated setup.py egg_info --egg-base ../../../build/i2c_sensors build --build-base /home/pi/ros2_ws/build/i2c_sensors/build install --record /home/pi/ros2_ws/build/i2c_sensors/install.log --single-version-externally-managed install_data
[22.661s] DEBUG:colcon.colcon_core.event_handler.log_command:Invoking command in '/home/pi/ros2_ws/src/basic_motors_and_sensors_ros2_v01C/basic_motors_and_sensors': PYTHONPATH=/home/pi/ros2_ws/build/basic_motors_and_sensors/prefix_override:/usr/lib/python3/dist-packages/colcon_core/task/python/colcon_distutils_commands:/home/pi/ros2_ws/install/basic_motors_and_sensors/lib/python3.11/site-packages:${PYTHONPATH} /usr/bin/python3 -W ignore:setup.py install is deprecated setup.py egg_info --egg-base ../../../build/basic_motors_and_sensors build --build-base /home/pi/ros2_ws/build/basic_motors_and_sensors/build install --record /home/pi/ros2_ws/build/basic_motors_and_sensors/install.log --single-version-externally-managed install_data
[23.085s] DEBUG:colcon.colcon_core.event_handler.log_command:Invoking command in '/home/pi/ros2_ws/src/simple_motors': PYTHONPATH=/home/pi/ros2_ws/build/simple_motors/prefix_override:/usr/lib/python3/dist-packages/colcon_core/task/python/colcon_distutils_commands:/home/pi/ros2_ws/install/simple_motors/lib/python3.11/site-packages:${PYTHONPATH} /usr/bin/python3 -W ignore:setup.py install is deprecated setup.py egg_info --egg-base ../../build/simple_motors build --build-base /home/pi/ros2_ws/build/simple_motors/build install --record /home/pi/ros2_ws/build/simple_motors/install.log --single-version-externally-managed install_data
[31.416s] DEBUG:colcon.colcon_core.event_handler.log_command:Invoked command in '/home/pi/ros2_ws/src/i2c_sensors_ros2/i2c_sensors' returned '0': PYTHONPATH=/home/pi/ros2_ws/build/i2c_sensors/prefix_override:/usr/lib/python3/dist-packages/colcon_core/task/python/colcon_distutils_commands:/home/pi/ros2_ws/install/i2c_sensors/lib/python3.11/site-packages:${PYTHONPATH} /usr/bin/python3 -W ignore:setup.py install is deprecated setup.py egg_info --egg-base ../../../build/i2c_sensors build --build-base /home/pi/ros2_ws/build/i2c_sensors/build install --record /home/pi/ros2_ws/build/i2c_sensors/install.log --single-version-externally-managed install_data
[31.466s] Level 1:colcon.colcon_core.environment:checking '/home/pi/ros2_ws/install/i2c_sensors' for CMake module files
[31.476s] Level 1:colcon.colcon_core.environment:checking '/home/pi/ros2_ws/install/i2c_sensors' for CMake config files
[31.482s] Level 1:colcon.colcon_core.environment:checking '/home/pi/ros2_ws/install/i2c_sensors/lib'
[31.485s] Level 1:colcon.colcon_core.environment:checking '/home/pi/ros2_ws/install/i2c_sensors/bin'
[31.486s] Level 1:colcon.colcon_core.environment:checking '/home/pi/ros2_ws/install/i2c_sensors/lib/pkgconfig/i2c_sensors.pc'
[31.488s] Level 1:colcon.colcon_core.environment:checking '/home/pi/ros2_ws/install/i2c_sensors/lib/python3.11/site-packages'
[31.489s] Level 1:colcon.colcon_core.shell:create_environment_hook('i2c_sensors', 'pythonpath')
[31.490s] INFO:colcon.colcon_core.shell:Creating environment hook '/home/pi/ros2_ws/install/i2c_sensors/share/i2c_sensors/hook/pythonpath.ps1'
[31.493s] INFO:colcon.colcon_core.shell:Creating environment descriptor '/home/pi/ros2_ws/install/i2c_sensors/share/i2c_sensors/hook/pythonpath.dsv'
[31.498s] INFO:colcon.colcon_core.shell:Creating environment hook '/home/pi/ros2_ws/install/i2c_sensors/share/i2c_sensors/hook/pythonpath.sh'
[31.506s] Level 1:colcon.colcon_core.environment:checking '/home/pi/ros2_ws/install/i2c_sensors/bin'
[31.507s] Level 1:colcon.colcon_core.environment:create_environment_scripts_only(i2c_sensors)
[31.509s] INFO:colcon.colcon_core.shell:Creating package script '/home/pi/ros2_ws/install/i2c_sensors/share/i2c_sensors/package.ps1'
[31.516s] INFO:colcon.colcon_core.shell:Creating package descriptor '/home/pi/ros2_ws/install/i2c_sensors/share/i2c_sensors/package.dsv'
[31.522s] INFO:colcon.colcon_core.shell:Creating package script '/home/pi/ros2_ws/install/i2c_sensors/share/i2c_sensors/package.sh'
[31.528s] INFO:colcon.colcon_core.shell:Creating package script '/home/pi/ros2_ws/install/i2c_sensors/share/i2c_sensors/package.bash'
[31.533s] INFO:colcon.colcon_core.shell:Creating package script '/home/pi/ros2_ws/install/i2c_sensors/share/i2c_sensors/package.zsh'
[31.539s] Level 1:colcon.colcon_core.environment:create_file_with_runtime_dependencies(/home/pi/ros2_ws/install/i2c_sensors/share/colcon-core/packages/i2c_sensors)
[31.618s] Level 1:colcon.colcon_core.environment:checking '/home/pi/ros2_ws/install/basic_motors_and_sensors' for CMake module files
[31.620s] Level 1:colcon.colcon_core.environment:checking '/home/pi/ros2_ws/install/basic_motors_and_sensors' for CMake config files
[31.624s] DEBUG:colcon.colcon_core.event_handler.log_command:Invoked command in '/home/pi/ros2_ws/src/basic_motors_and_sensors_ros2_v01C/basic_motors_and_sensors' returned '0': PYTHONPATH=/home/pi/ros2_ws/build/basic_motors_and_sensors/prefix_override:/usr/lib/python3/dist-packages/colcon_core/task/python/colcon_distutils_commands:/home/pi/ros2_ws/install/basic_motors_and_sensors/lib/python3.11/site-packages:${PYTHONPATH} /usr/bin/python3 -W ignore:setup.py install is deprecated setup.py egg_info --egg-base ../../../build/basic_motors_and_sensors build --build-base /home/pi/ros2_ws/build/basic_motors_and_sensors/build install --record /home/pi/ros2_ws/build/basic_motors_and_sensors/install.log --single-version-externally-managed install_data
[31.624s] Level 1:colcon.colcon_core.environment:checking '/home/pi/ros2_ws/install/basic_motors_and_sensors/lib'
[31.625s] Level 1:colcon.colcon_core.environment:checking '/home/pi/ros2_ws/install/basic_motors_and_sensors/bin'
[31.625s] Level 1:colcon.colcon_core.environment:checking '/home/pi/ros2_ws/install/basic_motors_and_sensors/lib/pkgconfig/basic_motors_and_sensors.pc'
[31.626s] Level 1:colcon.colcon_core.environment:checking '/home/pi/ros2_ws/install/basic_motors_and_sensors/lib/python3.11/site-packages'
[31.627s] Level 1:colcon.colcon_core.shell:create_environment_hook('basic_motors_and_sensors', 'pythonpath')
[31.628s] INFO:colcon.colcon_core.shell:Creating environment hook '/home/pi/ros2_ws/install/basic_motors_and_sensors/share/basic_motors_and_sensors/hook/pythonpath.ps1'
[31.630s] INFO:colcon.colcon_core.shell:Creating environment descriptor '/home/pi/ros2_ws/install/basic_motors_and_sensors/share/basic_motors_and_sensors/hook/pythonpath.dsv'
[31.632s] INFO:colcon.colcon_core.shell:Creating environment hook '/home/pi/ros2_ws/install/basic_motors_and_sensors/share/basic_motors_and_sensors/hook/pythonpath.sh'
[31.635s] Level 1:colcon.colcon_core.environment:checking '/home/pi/ros2_ws/install/basic_motors_and_sensors/bin'
[31.635s] Level 1:colcon.colcon_core.environment:create_environment_scripts_only(basic_motors_and_sensors)
[31.637s] INFO:colcon.colcon_core.shell:Creating package script '/home/pi/ros2_ws/install/basic_motors_and_sensors/share/basic_motors_and_sensors/package.ps1'
[31.640s] INFO:colcon.colcon_core.shell:Creating package descriptor '/home/pi/ros2_ws/install/basic_motors_and_sensors/share/basic_motors_and_sensors/package.dsv'
[31.643s] INFO:colcon.colcon_core.shell:Creating package script '/home/pi/ros2_ws/install/basic_motors_and_sensors/share/basic_motors_and_sensors/package.sh'
[31.648s] INFO:colcon.colcon_core.shell:Creating package script '/home/pi/ros2_ws/install/basic_motors_and_sensors/share/basic_motors_and_sensors/package.bash'
[31.652s] INFO:colcon.colcon_core.shell:Creating package script '/home/pi/ros2_ws/install/basic_motors_and_sensors/share/basic_motors_and_sensors/package.zsh'
[31.657s] Level 1:colcon.colcon_core.environment:create_file_with_runtime_dependencies(/home/pi/ros2_ws/install/basic_motors_and_sensors/share/colcon-core/packages/basic_motors_and_sensors)
[32.354s] Level 1:colcon.colcon_core.environment:checking '/home/pi/ros2_ws/install/simple_motors' for CMake module files
[32.357s] DEBUG:colcon.colcon_core.event_handler.log_command:Invoked command in '/home/pi/ros2_ws/src/simple_motors' returned '0': PYTHONPATH=/home/pi/ros2_ws/build/simple_motors/prefix_override:/usr/lib/python3/dist-packages/colcon_core/task/python/colcon_distutils_commands:/home/pi/ros2_ws/install/simple_motors/lib/python3.11/site-packages:${PYTHONPATH} /usr/bin/python3 -W ignore:setup.py install is deprecated setup.py egg_info --egg-base ../../build/simple_motors build --build-base /home/pi/ros2_ws/build/simple_motors/build install --record /home/pi/ros2_ws/build/simple_motors/install.log --single-version-externally-managed install_data
[32.358s] Level 1:colcon.colcon_core.environment:checking '/home/pi/ros2_ws/install/simple_motors' for CMake config files
[32.360s] Level 1:colcon.colcon_core.environment:checking '/home/pi/ros2_ws/install/simple_motors/lib'
[32.360s] Level 1:colcon.colcon_core.environment:checking '/home/pi/ros2_ws/install/simple_motors/bin'
[32.361s] Level 1:colcon.colcon_core.environment:checking '/home/pi/ros2_ws/install/simple_motors/lib/pkgconfig/simple_motors.pc'
[32.362s] Level 1:colcon.colcon_core.environment:checking '/home/pi/ros2_ws/install/simple_motors/lib/python3.11/site-packages'
[32.362s] Level 1:colcon.colcon_core.shell:create_environment_hook('simple_motors', 'pythonpath')
[32.363s] INFO:colcon.colcon_core.shell:Creating environment hook '/home/pi/ros2_ws/install/simple_motors/share/simple_motors/hook/pythonpath.ps1'
[32.364s] INFO:colcon.colcon_core.shell:Creating environment descriptor '/home/pi/ros2_ws/install/simple_motors/share/simple_motors/hook/pythonpath.dsv'
[32.365s] INFO:colcon.colcon_core.shell:Creating environment hook '/home/pi/ros2_ws/install/simple_motors/share/simple_motors/hook/pythonpath.sh'
[32.368s] Level 1:colcon.colcon_core.environment:checking '/home/pi/ros2_ws/install/simple_motors/bin'
[32.368s] Level 1:colcon.colcon_core.environment:create_environment_scripts_only(simple_motors)
[32.369s] INFO:colcon.colcon_core.shell:Creating package script '/home/pi/ros2_ws/install/simple_motors/share/simple_motors/package.ps1'
[32.371s] INFO:colcon.colcon_core.shell:Creating package descriptor '/home/pi/ros2_ws/install/simple_motors/share/simple_motors/package.dsv'
[32.374s] INFO:colcon.colcon_core.shell:Creating package script '/home/pi/ros2_ws/install/simple_motors/share/simple_motors/package.sh'
[32.376s] INFO:colcon.colcon_core.shell:Creating package script '/home/pi/ros2_ws/install/simple_motors/share/simple_motors/package.bash'
[32.378s] INFO:colcon.colcon_core.shell:Creating package script '/home/pi/ros2_ws/install/simple_motors/share/simple_motors/package.zsh'
[32.381s] Level 1:colcon.colcon_core.environment:create_file_with_runtime_dependencies(/home/pi/ros2_ws/install/simple_motors/share/colcon-core/packages/simple_motors)
[32.383s] DEBUG:colcon.colcon_parallel_executor.executor.parallel:closing loop
[32.384s] DEBUG:colcon.colcon_parallel_executor.executor.parallel:loop closed
[32.387s] DEBUG:colcon.colcon_parallel_executor.executor.parallel:run_until_complete finished with '0'
[32.387s] DEBUG:colcon.colcon_core.event_reactor:joining thread
[32.445s] INFO:colcon.colcon_core.plugin_system:Skipping extension 'colcon_notification.desktop_notification.notify_send': Could not find 'notify-send'
[32.445s] INFO:colcon.colcon_core.plugin_system:Skipping extension 'colcon_notification.desktop_notification.terminal_notifier': Not used on non-Darwin systems
[32.445s] INFO:colcon.colcon_core.plugin_system:Skipping extension 'colcon_notification.desktop_notification.win32': Not used on non-Windows systems
[32.445s] INFO:colcon.colcon_notification.desktop_notification:Sending desktop notification using 'notify2'
[32.448s] DEBUG:colcon.colcon_notification.desktop_notification.notify2:Failed to initialize notify2: org.freedesktop.DBus.Error.ServiceUnknown: The name org.freedesktop.Notifications was not provided by any .service files
[32.449s] DEBUG:colcon.colcon_core.event_reactor:joined thread
[32.450s] INFO:colcon.colcon_core.shell:Creating prefix script '/home/pi/ros2_ws/install/local_setup.ps1'
[32.453s] INFO:colcon.colcon_core.shell:Creating prefix util module '/home/pi/ros2_ws/install/_local_setup_util_ps1.py'
[32.457s] INFO:colcon.colcon_core.shell:Creating prefix chain script '/home/pi/ros2_ws/install/setup.ps1'
[32.507s] INFO:colcon.colcon_core.shell:Creating prefix script '/home/pi/ros2_ws/install/local_setup.sh'
[32.509s] INFO:colcon.colcon_core.shell:Creating prefix util module '/home/pi/ros2_ws/install/_local_setup_util_sh.py'
[32.511s] INFO:colcon.colcon_core.shell:Creating prefix chain script '/home/pi/ros2_ws/install/setup.sh'
[32.560s] INFO:colcon.colcon_core.shell:Creating prefix script '/home/pi/ros2_ws/install/local_setup.bash'
[32.562s] INFO:colcon.colcon_core.shell:Creating prefix chain script '/home/pi/ros2_ws/install/setup.bash'
[32.611s] INFO:colcon.colcon_core.shell:Creating prefix script '/home/pi/ros2_ws/install/local_setup.zsh'
[32.613s] INFO:colcon.colcon_core.shell:Creating prefix chain script '/home/pi/ros2_ws/install/setup.zsh'
