[18.257s] Invoking command in '/home/pi/ros2_ws/src/i2c_sensors_ros2/i2c_sensors': PYTHONPATH=/home/pi/ros2_ws/build/i2c_sensors/prefix_override:/usr/lib/python3/dist-packages/colcon_core/task/python/colcon_distutils_commands:/home/pi/ros2_ws/install/i2c_sensors/lib/python3.11/site-packages:${PYTHONPATH} /usr/bin/python3 -W ignore:setup.py install is deprecated setup.py egg_info --egg-base ../../../build/i2c_sensors build --build-base /home/pi/ros2_ws/build/i2c_sensors/build install --record /home/pi/ros2_ws/build/i2c_sensors/install.log --single-version-externally-managed install_data
[20.500s] /usr/local/lib/python3.11/dist-packages/setuptools/_distutils/dist.py:261: UserWarning: Unknown distribution option: 'tests_require'
[20.501s]   warnings.warn(msg)
[22.841s] running egg_info
[23.121s] writing ../../../build/i2c_sensors/i2c_sensors.egg-info/PKG-INFO
[23.124s] writing dependency_links to ../../../build/i2c_sensors/i2c_sensors.egg-info/dependency_links.txt
[23.125s] writing entry points to ../../../build/i2c_sensors/i2c_sensors.egg-info/entry_points.txt
[23.127s] writing requirements to ../../../build/i2c_sensors/i2c_sensors.egg-info/requires.txt
[23.128s] writing top-level names to ../../../build/i2c_sensors/i2c_sensors.egg-info/top_level.txt
[23.744s] reading manifest file '../../../build/i2c_sensors/i2c_sensors.egg-info/SOURCES.txt'
[23.745s] adding license file 'LICENSE'
[23.757s] writing manifest file '../../../build/i2c_sensors/i2c_sensors.egg-info/SOURCES.txt'
[23.758s] running build
[23.758s] running build_py
[23.765s] running install
[23.808s] running install_lib
[24.206s] running install_data
[24.209s] running install_egg_info
[24.652s] removing '/home/pi/ros2_ws/install/i2c_sensors/lib/python3.11/site-packages/i2c_sensors-0.0.0-py3.11.egg-info' (and everything under it)
[24.653s] Copying ../../../build/i2c_sensors/i2c_sensors.egg-info to /home/pi/ros2_ws/install/i2c_sensors/lib/python3.11/site-packages/i2c_sensors-0.0.0-py3.11.egg-info
[24.667s] running install_scripts
[27.307s] Installing imu_mpu6050_node script to /home/pi/ros2_ws/install/i2c_sensors/lib/i2c_sensors
[27.308s] writing list of installed files to '/home/pi/ros2_ws/build/i2c_sensors/install.log'
[27.594s] Invoked command in '/home/pi/ros2_ws/src/i2c_sensors_ros2/i2c_sensors' returned '0': PYTHONPATH=/home/pi/ros2_ws/build/i2c_sensors/prefix_override:/usr/lib/python3/dist-packages/colcon_core/task/python/colcon_distutils_commands:/home/pi/ros2_ws/install/i2c_sensors/lib/python3.11/site-packages:${PYTHONPATH} /usr/bin/python3 -W ignore:setup.py install is deprecated setup.py egg_info --egg-base ../../../build/i2c_sensors build --build-base /home/pi/ros2_ws/build/i2c_sensors/build install --record /home/pi/ros2_ws/build/i2c_sensors/install.log --single-version-externally-managed install_data
