/usr/local/lib/python3.11/dist-packages/setuptools/_distutils/dist.py:261: UserWarning: Unknown distribution option: 'tests_require'
  warnings.warn(msg)
running egg_info
writing ../../../build/i2c_sensors/i2c_sensors.egg-info/PKG-INFO
writing dependency_links to ../../../build/i2c_sensors/i2c_sensors.egg-info/dependency_links.txt
writing entry points to ../../../build/i2c_sensors/i2c_sensors.egg-info/entry_points.txt
writing requirements to ../../../build/i2c_sensors/i2c_sensors.egg-info/requires.txt
writing top-level names to ../../../build/i2c_sensors/i2c_sensors.egg-info/top_level.txt
reading manifest file '../../../build/i2c_sensors/i2c_sensors.egg-info/SOURCES.txt'
adding license file 'LICENSE'
writing manifest file '../../../build/i2c_sensors/i2c_sensors.egg-info/SOURCES.txt'
running build
running build_py
running install
running install_lib
running install_data
running install_egg_info
removing '/home/pi/ros2_ws/install/i2c_sensors/lib/python3.11/site-packages/i2c_sensors-0.0.0-py3.11.egg-info' (and everything under it)
Copying ../../../build/i2c_sensors/i2c_sensors.egg-info to /home/pi/ros2_ws/install/i2c_sensors/lib/python3.11/site-packages/i2c_sensors-0.0.0-py3.11.egg-info
running install_scripts
Installing imu_mpu6050_node script to /home/pi/ros2_ws/install/i2c_sensors/lib/i2c_sensors
writing list of installed files to '/home/pi/ros2_ws/build/i2c_sensors/install.log'
