[1.166s] DEBUG:colcon:Command line arguments: ['/usr/bin/colcon', 'build']
[1.166s] DEBUG:colcon:Parsed command line arguments: Namespace(log_base=None, log_level=None, verb_name='build', build_base='build', install_base='install', merge_install=False, symlink_install=False, test_result_base=None, continue_on_error=False, executor='parallel', parallel_workers=4, event_handlers=None, ignore_user_meta=False, metas=['./colcon.meta'], base_paths=['.'], packages_ignore=None, packages_ignore_regex=None, paths=None, packages_up_to=None, packages_up_to_regex=None, packages_above=None, packages_above_and_dependencies=None, packages_above_depth=None, packages_select_by_dep=None, packages_skip_by_dep=None, packages_skip_up_to=None, packages_select_build_failed=False, packages_skip_build_finished=False, packages_select_test_failures=False, packages_skip_test_passed=False, packages_select=None, packages_skip=None, packages_select_regex=None, packages_skip_regex=None, packages_start=None, packages_end=None, allow_overriding=[], cmake_args=None, cmake_target=None, cmake_target_skip_unavailable=False, cmake_clean_cache=False, cmake_clean_first=False, cmake_force_configure=False, ament_cmake_args=None, catkin_cmake_args=None, catkin_skip_building_tests=False, mixin_files=None, mixin=None, verb_parser=<colcon_mixin.mixin.mixin_argument.MixinArgumentDecorator object at 0x7fb0d5db10>, verb_extension=<colcon_core.verb.build.BuildVerb object at 0x7fb0d8d750>, main=<bound method BuildVerb.main of <colcon_core.verb.build.BuildVerb object at 0x7fb0d8d750>>, mixin_verb=('build',))
[1.465s] Level 1:colcon.colcon_core.package_discovery:discover_packages(colcon_meta) check parameters
[1.465s] Level 1:colcon.colcon_core.package_discovery:discover_packages(recursive) check parameters
[1.465s] Level 1:colcon.colcon_core.package_discovery:discover_packages(ignore) check parameters
[1.465s] Level 1:colcon.colcon_core.package_discovery:discover_packages(path) check parameters
[1.465s] Level 1:colcon.colcon_core.package_discovery:discover_packages(colcon_meta) discover
[1.466s] Level 1:colcon.colcon_core.package_discovery:discover_packages(recursive) discover
[1.466s] INFO:colcon.colcon_core.package_discovery:Crawling recursively for packages in '/home/pi/ros2_ws/src'
[1.466s] Level 1:colcon.colcon_core.package_identification:_identify(.) by extensions ['ignore', 'ignore_ament_install']
[1.467s] Level 1:colcon.colcon_core.package_identification:_identify(.) by extension 'ignore'
[1.467s] Level 1:colcon.colcon_core.package_identification:_identify(.) by extension 'ignore_ament_install'
[1.467s] Level 1:colcon.colcon_core.package_identification:_identify(.) by extensions ['colcon_pkg']
[1.467s] Level 1:colcon.colcon_core.package_identification:_identify(.) by extension 'colcon_pkg'
[1.467s] Level 1:colcon.colcon_core.package_identification:_identify(.) by extensions ['colcon_meta']
[1.467s] Level 1:colcon.colcon_core.package_identification:_identify(.) by extension 'colcon_meta'
[1.467s] Level 1:colcon.colcon_core.package_identification:_identify(.) by extensions ['ros']
[1.468s] Level 1:colcon.colcon_core.package_identification:_identify(.) by extension 'ros'
[1.592s] Level 1:colcon.colcon_core.package_identification:_identify(.) by extensions ['cmake', 'python']
[1.592s] Level 1:colcon.colcon_core.package_identification:_identify(.) by extension 'cmake'
[1.592s] Level 1:colcon.colcon_core.package_identification:_identify(.) by extension 'python'
[1.593s] Level 1:colcon.colcon_core.package_identification:_identify(.) by extensions ['python_setup_py']
[1.593s] Level 1:colcon.colcon_core.package_identification:_identify(.) by extension 'python_setup_py'
[1.593s] Level 1:colcon.colcon_core.package_identification:_identify(basic_motors_and_sensors_ros2_v01C) by extensions ['ignore', 'ignore_ament_install']
[1.593s] Level 1:colcon.colcon_core.package_identification:_identify(basic_motors_and_sensors_ros2_v01C) by extension 'ignore'
[1.594s] Level 1:colcon.colcon_core.package_identification:_identify(basic_motors_and_sensors_ros2_v01C) by extension 'ignore_ament_install'
[1.594s] Level 1:colcon.colcon_core.package_identification:_identify(basic_motors_and_sensors_ros2_v01C) by extensions ['colcon_pkg']
[1.594s] Level 1:colcon.colcon_core.package_identification:_identify(basic_motors_and_sensors_ros2_v01C) by extension 'colcon_pkg'
[1.594s] Level 1:colcon.colcon_core.package_identification:_identify(basic_motors_and_sensors_ros2_v01C) by extensions ['colcon_meta']
[1.594s] Level 1:colcon.colcon_core.package_identification:_identify(basic_motors_and_sensors_ros2_v01C) by extension 'colcon_meta'
[1.594s] Level 1:colcon.colcon_core.package_identification:_identify(basic_motors_and_sensors_ros2_v01C) by extensions ['ros']
[1.594s] Level 1:colcon.colcon_core.package_identification:_identify(basic_motors_and_sensors_ros2_v01C) by extension 'ros'
[1.595s] Level 1:colcon.colcon_core.package_identification:_identify(basic_motors_and_sensors_ros2_v01C) by extensions ['cmake', 'python']
[1.595s] Level 1:colcon.colcon_core.package_identification:_identify(basic_motors_and_sensors_ros2_v01C) by extension 'cmake'
[1.595s] Level 1:colcon.colcon_core.package_identification:_identify(basic_motors_and_sensors_ros2_v01C) by extension 'python'
[1.595s] Level 1:colcon.colcon_core.package_identification:_identify(basic_motors_and_sensors_ros2_v01C) by extensions ['python_setup_py']
[1.595s] Level 1:colcon.colcon_core.package_identification:_identify(basic_motors_and_sensors_ros2_v01C) by extension 'python_setup_py'
[1.596s] Level 1:colcon.colcon_core.package_identification:_identify(basic_motors_and_sensors_ros2_v01C/basic_motors_and_sensors) by extensions ['ignore', 'ignore_ament_install']
[1.596s] Level 1:colcon.colcon_core.package_identification:_identify(basic_motors_and_sensors_ros2_v01C/basic_motors_and_sensors) by extension 'ignore'
[1.596s] Level 1:colcon.colcon_core.package_identification:_identify(basic_motors_and_sensors_ros2_v01C/basic_motors_and_sensors) by extension 'ignore_ament_install'
[1.596s] Level 1:colcon.colcon_core.package_identification:_identify(basic_motors_and_sensors_ros2_v01C/basic_motors_and_sensors) by extensions ['colcon_pkg']
[1.596s] Level 1:colcon.colcon_core.package_identification:_identify(basic_motors_and_sensors_ros2_v01C/basic_motors_and_sensors) by extension 'colcon_pkg'
[1.596s] Level 1:colcon.colcon_core.package_identification:_identify(basic_motors_and_sensors_ros2_v01C/basic_motors_and_sensors) by extensions ['colcon_meta']
[1.596s] Level 1:colcon.colcon_core.package_identification:_identify(basic_motors_and_sensors_ros2_v01C/basic_motors_and_sensors) by extension 'colcon_meta'
[1.597s] Level 1:colcon.colcon_core.package_identification:_identify(basic_motors_and_sensors_ros2_v01C/basic_motors_and_sensors) by extensions ['ros']
[1.597s] Level 1:colcon.colcon_core.package_identification:_identify(basic_motors_and_sensors_ros2_v01C/basic_motors_and_sensors) by extension 'ros'
[1.614s] DEBUG:colcon.colcon_core.package_identification:Package 'basic_motors_and_sensors_ros2_v01C/basic_motors_and_sensors' with type 'ros.ament_python' and name 'basic_motors_and_sensors'
[1.614s] Level 1:colcon.colcon_core.package_identification:_identify(build) by extensions ['ignore', 'ignore_ament_install']
[1.615s] Level 1:colcon.colcon_core.package_identification:_identify(build) by extension 'ignore'
[1.615s] Level 1:colcon.colcon_core.package_identification:_identify(build) ignored
[1.615s] Level 1:colcon.colcon_core.package_identification:_identify(i2c_sensors_ros2) by extensions ['ignore', 'ignore_ament_install']
[1.615s] Level 1:colcon.colcon_core.package_identification:_identify(i2c_sensors_ros2) by extension 'ignore'
[1.616s] Level 1:colcon.colcon_core.package_identification:_identify(i2c_sensors_ros2) by extension 'ignore_ament_install'
[1.616s] Level 1:colcon.colcon_core.package_identification:_identify(i2c_sensors_ros2) by extensions ['colcon_pkg']
[1.616s] Level 1:colcon.colcon_core.package_identification:_identify(i2c_sensors_ros2) by extension 'colcon_pkg'
[1.616s] Level 1:colcon.colcon_core.package_identification:_identify(i2c_sensors_ros2) by extensions ['colcon_meta']
[1.616s] Level 1:colcon.colcon_core.package_identification:_identify(i2c_sensors_ros2) by extension 'colcon_meta'
[1.616s] Level 1:colcon.colcon_core.package_identification:_identify(i2c_sensors_ros2) by extensions ['ros']
[1.616s] Level 1:colcon.colcon_core.package_identification:_identify(i2c_sensors_ros2) by extension 'ros'
[1.617s] Level 1:colcon.colcon_core.package_identification:_identify(i2c_sensors_ros2) by extensions ['cmake', 'python']
[1.617s] Level 1:colcon.colcon_core.package_identification:_identify(i2c_sensors_ros2) by extension 'cmake'
[1.617s] Level 1:colcon.colcon_core.package_identification:_identify(i2c_sensors_ros2) by extension 'python'
[1.617s] Level 1:colcon.colcon_core.package_identification:_identify(i2c_sensors_ros2) by extensions ['python_setup_py']
[1.617s] Level 1:colcon.colcon_core.package_identification:_identify(i2c_sensors_ros2) by extension 'python_setup_py'
[1.617s] Level 1:colcon.colcon_core.package_identification:_identify(i2c_sensors_ros2/i2c_sensors) by extensions ['ignore', 'ignore_ament_install']
[1.618s] Level 1:colcon.colcon_core.package_identification:_identify(i2c_sensors_ros2/i2c_sensors) by extension 'ignore'
[1.618s] Level 1:colcon.colcon_core.package_identification:_identify(i2c_sensors_ros2/i2c_sensors) by extension 'ignore_ament_install'
[1.618s] Level 1:colcon.colcon_core.package_identification:_identify(i2c_sensors_ros2/i2c_sensors) by extensions ['colcon_pkg']
[1.618s] Level 1:colcon.colcon_core.package_identification:_identify(i2c_sensors_ros2/i2c_sensors) by extension 'colcon_pkg'
[1.618s] Level 1:colcon.colcon_core.package_identification:_identify(i2c_sensors_ros2/i2c_sensors) by extensions ['colcon_meta']
[1.618s] Level 1:colcon.colcon_core.package_identification:_identify(i2c_sensors_ros2/i2c_sensors) by extension 'colcon_meta'
[1.619s] Level 1:colcon.colcon_core.package_identification:_identify(i2c_sensors_ros2/i2c_sensors) by extensions ['ros']
[1.619s] Level 1:colcon.colcon_core.package_identification:_identify(i2c_sensors_ros2/i2c_sensors) by extension 'ros'
[1.621s] DEBUG:colcon.colcon_core.package_identification:Package 'i2c_sensors_ros2/i2c_sensors' with type 'ros.ament_python' and name 'i2c_sensors'
[1.621s] Level 1:colcon.colcon_core.package_identification:_identify(install) by extensions ['ignore', 'ignore_ament_install']
[1.622s] Level 1:colcon.colcon_core.package_identification:_identify(install) by extension 'ignore'
[1.622s] Level 1:colcon.colcon_core.package_identification:_identify(install) ignored
[1.622s] Level 1:colcon.colcon_core.package_identification:_identify(log) by extensions ['ignore', 'ignore_ament_install']
[1.623s] Level 1:colcon.colcon_core.package_identification:_identify(log) by extension 'ignore'
[1.623s] Level 1:colcon.colcon_core.package_identification:_identify(log) ignored
[1.624s] Level 1:colcon.colcon_core.package_identification:_identify(simple_motors) by extensions ['ignore', 'ignore_ament_install']
[1.624s] Level 1:colcon.colcon_core.package_identification:_identify(simple_motors) by extension 'ignore'
[1.624s] Level 1:colcon.colcon_core.package_identification:_identify(simple_motors) by extension 'ignore_ament_install'
[1.624s] Level 1:colcon.colcon_core.package_identification:_identify(simple_motors) by extensions ['colcon_pkg']
[1.625s] Level 1:colcon.colcon_core.package_identification:_identify(simple_motors) by extension 'colcon_pkg'
[1.625s] Level 1:colcon.colcon_core.package_identification:_identify(simple_motors) by extensions ['colcon_meta']
[1.625s] Level 1:colcon.colcon_core.package_identification:_identify(simple_motors) by extension 'colcon_meta'
[1.625s] Level 1:colcon.colcon_core.package_identification:_identify(simple_motors) by extensions ['ros']
[1.625s] Level 1:colcon.colcon_core.package_identification:_identify(simple_motors) by extension 'ros'
[1.628s] DEBUG:colcon.colcon_core.package_identification:Package 'simple_motors' with type 'ros.ament_python' and name 'simple_motors'
[1.628s] Level 1:colcon.colcon_core.package_discovery:discover_packages(recursive) using defaults
[1.628s] Level 1:colcon.colcon_core.package_discovery:discover_packages(ignore) discover
[1.628s] Level 1:colcon.colcon_core.package_discovery:discover_packages(ignore) using defaults
[1.628s] Level 1:colcon.colcon_core.package_discovery:discover_packages(path) discover
[1.628s] Level 1:colcon.colcon_core.package_discovery:discover_packages(path) using defaults
[1.861s] Level 1:colcon.colcon_core.package_discovery:discover_packages(prefix_path) check parameters
[1.861s] Level 1:colcon.colcon_core.package_discovery:discover_packages(prefix_path) discover
[1.919s] DEBUG:colcon.colcon_installed_package_information.package_discovery:Found 2 installed packages in /home/pi/ros2_ws/install
[1.955s] DEBUG:colcon.colcon_installed_package_information.package_discovery:Found 363 installed packages in /home/pi/ros2_jazzy/install
[1.962s] Level 1:colcon.colcon_core.package_discovery:discover_packages(prefix_path) using defaults
[2.765s] Level 5:colcon.colcon_core.verb:set package 'basic_motors_and_sensors' build argument 'cmake_args' from command line to 'None'
[2.766s] Level 5:colcon.colcon_core.verb:set package 'basic_motors_and_sensors' build argument 'cmake_target' from command line to 'None'
[2.766s] Level 5:colcon.colcon_core.verb:set package 'basic_motors_and_sensors' build argument 'cmake_target_skip_unavailable' from command line to 'False'
[2.766s] Level 5:colcon.colcon_core.verb:set package 'basic_motors_and_sensors' build argument 'cmake_clean_cache' from command line to 'False'
[2.766s] Level 5:colcon.colcon_core.verb:set package 'basic_motors_and_sensors' build argument 'cmake_clean_first' from command line to 'False'
[2.766s] Level 5:colcon.colcon_core.verb:set package 'basic_motors_and_sensors' build argument 'cmake_force_configure' from command line to 'False'
[2.766s] Level 5:colcon.colcon_core.verb:set package 'basic_motors_and_sensors' build argument 'ament_cmake_args' from command line to 'None'
[2.766s] Level 5:colcon.colcon_core.verb:set package 'basic_motors_and_sensors' build argument 'catkin_cmake_args' from command line to 'None'
[2.766s] Level 5:colcon.colcon_core.verb:set package 'basic_motors_and_sensors' build argument 'catkin_skip_building_tests' from command line to 'False'
[2.766s] DEBUG:colcon.colcon_core.verb:Building package 'basic_motors_and_sensors' with the following arguments: {'ament_cmake_args': None, 'build_base': '/home/pi/ros2_ws/src/build/basic_motors_and_sensors', 'catkin_cmake_args': None, 'catkin_skip_building_tests': False, 'cmake_args': None, 'cmake_clean_cache': False, 'cmake_clean_first': False, 'cmake_force_configure': False, 'cmake_target': None, 'cmake_target_skip_unavailable': False, 'install_base': '/home/pi/ros2_ws/src/install/basic_motors_and_sensors', 'merge_install': False, 'path': '/home/pi/ros2_ws/src/basic_motors_and_sensors_ros2_v01C/basic_motors_and_sensors', 'symlink_install': False, 'test_result_base': None}
[2.768s] Level 5:colcon.colcon_core.verb:set package 'i2c_sensors' build argument 'cmake_args' from command line to 'None'
[2.768s] Level 5:colcon.colcon_core.verb:set package 'i2c_sensors' build argument 'cmake_target' from command line to 'None'
[2.768s] Level 5:colcon.colcon_core.verb:set package 'i2c_sensors' build argument 'cmake_target_skip_unavailable' from command line to 'False'
[2.768s] Level 5:colcon.colcon_core.verb:set package 'i2c_sensors' build argument 'cmake_clean_cache' from command line to 'False'
[2.768s] Level 5:colcon.colcon_core.verb:set package 'i2c_sensors' build argument 'cmake_clean_first' from command line to 'False'
[2.768s] Level 5:colcon.colcon_core.verb:set package 'i2c_sensors' build argument 'cmake_force_configure' from command line to 'False'
[2.768s] Level 5:colcon.colcon_core.verb:set package 'i2c_sensors' build argument 'ament_cmake_args' from command line to 'None'
[2.769s] Level 5:colcon.colcon_core.verb:set package 'i2c_sensors' build argument 'catkin_cmake_args' from command line to 'None'
[2.769s] Level 5:colcon.colcon_core.verb:set package 'i2c_sensors' build argument 'catkin_skip_building_tests' from command line to 'False'
[2.769s] DEBUG:colcon.colcon_core.verb:Building package 'i2c_sensors' with the following arguments: {'ament_cmake_args': None, 'build_base': '/home/pi/ros2_ws/src/build/i2c_sensors', 'catkin_cmake_args': None, 'catkin_skip_building_tests': False, 'cmake_args': None, 'cmake_clean_cache': False, 'cmake_clean_first': False, 'cmake_force_configure': False, 'cmake_target': None, 'cmake_target_skip_unavailable': False, 'install_base': '/home/pi/ros2_ws/src/install/i2c_sensors', 'merge_install': False, 'path': '/home/pi/ros2_ws/src/i2c_sensors_ros2/i2c_sensors', 'symlink_install': False, 'test_result_base': None}
[2.770s] Level 5:colcon.colcon_core.verb:set package 'simple_motors' build argument 'cmake_args' from command line to 'None'
[2.770s] Level 5:colcon.colcon_core.verb:set package 'simple_motors' build argument 'cmake_target' from command line to 'None'
[2.770s] Level 5:colcon.colcon_core.verb:set package 'simple_motors' build argument 'cmake_target_skip_unavailable' from command line to 'False'
[2.771s] Level 5:colcon.colcon_core.verb:set package 'simple_motors' build argument 'cmake_clean_cache' from command line to 'False'
[2.771s] Level 5:colcon.colcon_core.verb:set package 'simple_motors' build argument 'cmake_clean_first' from command line to 'False'
[2.771s] Level 5:colcon.colcon_core.verb:set package 'simple_motors' build argument 'cmake_force_configure' from command line to 'False'
[2.771s] Level 5:colcon.colcon_core.verb:set package 'simple_motors' build argument 'ament_cmake_args' from command line to 'None'
[2.771s] Level 5:colcon.colcon_core.verb:set package 'simple_motors' build argument 'catkin_cmake_args' from command line to 'None'
[2.771s] Level 5:colcon.colcon_core.verb:set package 'simple_motors' build argument 'catkin_skip_building_tests' from command line to 'False'
[2.771s] DEBUG:colcon.colcon_core.verb:Building package 'simple_motors' with the following arguments: {'ament_cmake_args': None, 'build_base': '/home/pi/ros2_ws/src/build/simple_motors', 'catkin_cmake_args': None, 'catkin_skip_building_tests': False, 'cmake_args': None, 'cmake_clean_cache': False, 'cmake_clean_first': False, 'cmake_force_configure': False, 'cmake_target': None, 'cmake_target_skip_unavailable': False, 'install_base': '/home/pi/ros2_ws/src/install/simple_motors', 'merge_install': False, 'path': '/home/pi/ros2_ws/src/simple_motors', 'symlink_install': False, 'test_result_base': None}
[2.772s] INFO:colcon.colcon_core.executor:Executing jobs using 'parallel' executor
[2.775s] DEBUG:colcon.colcon_parallel_executor.executor.parallel:run_until_complete
[2.776s] INFO:colcon.colcon_ros.task.ament_python.build:Building ROS package in '/home/pi/ros2_ws/src/basic_motors_and_sensors_ros2_v01C/basic_motors_and_sensors' with build type 'ament_python'
[2.777s] Level 1:colcon.colcon_core.shell:create_environment_hook('basic_motors_and_sensors', 'ament_prefix_path')
[2.811s] INFO:colcon.colcon_core.plugin_system:Skipping extension 'colcon_core.shell.bat': Not used on non-Windows systems
[2.812s] INFO:colcon.colcon_core.shell:Creating environment hook '/home/pi/ros2_ws/src/install/basic_motors_and_sensors/share/basic_motors_and_sensors/hook/ament_prefix_path.ps1'
[2.816s] INFO:colcon.colcon_core.shell:Creating environment descriptor '/home/pi/ros2_ws/src/install/basic_motors_and_sensors/share/basic_motors_and_sensors/hook/ament_prefix_path.dsv'
[2.818s] INFO:colcon.colcon_core.shell:Creating environment hook '/home/pi/ros2_ws/src/install/basic_motors_and_sensors/share/basic_motors_and_sensors/hook/ament_prefix_path.sh'
[2.823s] INFO:colcon.colcon_core.shell:Skip shell extension 'powershell' for command environment: Not usable outside of PowerShell
[2.824s] DEBUG:colcon.colcon_core.shell:Skip shell extension 'dsv' for command environment
[2.929s] INFO:colcon.colcon_ros.task.ament_python.build:Building ROS package in '/home/pi/ros2_ws/src/i2c_sensors_ros2/i2c_sensors' with build type 'ament_python'
[2.930s] Level 1:colcon.colcon_core.shell:create_environment_hook('i2c_sensors', 'ament_prefix_path')
[2.931s] INFO:colcon.colcon_core.shell:Creating environment hook '/home/pi/ros2_ws/src/install/i2c_sensors/share/i2c_sensors/hook/ament_prefix_path.ps1'
[2.935s] INFO:colcon.colcon_core.shell:Creating environment descriptor '/home/pi/ros2_ws/src/install/i2c_sensors/share/i2c_sensors/hook/ament_prefix_path.dsv'
[2.937s] INFO:colcon.colcon_core.shell:Creating environment hook '/home/pi/ros2_ws/src/install/i2c_sensors/share/i2c_sensors/hook/ament_prefix_path.sh'
[2.940s] INFO:colcon.colcon_core.shell:Skip shell extension 'powershell' for command environment: Not usable outside of PowerShell
[2.941s] DEBUG:colcon.colcon_core.shell:Skip shell extension 'dsv' for command environment
[3.043s] INFO:colcon.colcon_ros.task.ament_python.build:Building ROS package in '/home/pi/ros2_ws/src/simple_motors' with build type 'ament_python'
[3.044s] Level 1:colcon.colcon_core.shell:create_environment_hook('simple_motors', 'ament_prefix_path')
[3.044s] INFO:colcon.colcon_core.shell:Creating environment hook '/home/pi/ros2_ws/src/install/simple_motors/share/simple_motors/hook/ament_prefix_path.ps1'
[3.047s] INFO:colcon.colcon_core.shell:Creating environment descriptor '/home/pi/ros2_ws/src/install/simple_motors/share/simple_motors/hook/ament_prefix_path.dsv'
[3.048s] INFO:colcon.colcon_core.shell:Creating environment hook '/home/pi/ros2_ws/src/install/simple_motors/share/simple_motors/hook/ament_prefix_path.sh'
[3.051s] INFO:colcon.colcon_core.shell:Skip shell extension 'powershell' for command environment: Not usable outside of PowerShell
[3.051s] DEBUG:colcon.colcon_core.shell:Skip shell extension 'dsv' for command environment
[5.673s] INFO:colcon.colcon_core.task.python.build:Building Python package in '/home/pi/ros2_ws/src/basic_motors_and_sensors_ros2_v01C/basic_motors_and_sensors'
[5.674s] INFO:colcon.colcon_core.shell:Skip shell extension 'powershell' for command environment: Not usable outside of PowerShell
[5.675s] DEBUG:colcon.colcon_core.shell:Skip shell extension 'dsv' for command environment
[8.292s] INFO:colcon.colcon_core.task.python.build:Building Python package in '/home/pi/ros2_ws/src/i2c_sensors_ros2/i2c_sensors'
[8.293s] INFO:colcon.colcon_core.shell:Skip shell extension 'powershell' for command environment: Not usable outside of PowerShell
[8.294s] DEBUG:colcon.colcon_core.shell:Skip shell extension 'dsv' for command environment
[10.919s] INFO:colcon.colcon_core.task.python.build:Building Python package in '/home/pi/ros2_ws/src/simple_motors'
[10.920s] INFO:colcon.colcon_core.shell:Skip shell extension 'powershell' for command environment: Not usable outside of PowerShell
[10.920s] DEBUG:colcon.colcon_core.shell:Skip shell extension 'dsv' for command environment
[20.584s] DEBUG:colcon.colcon_core.event_handler.log_command:Invoking command in '/home/pi/ros2_ws/src/basic_motors_and_sensors_ros2_v01C/basic_motors_and_sensors': PYTHONPATH=/home/pi/ros2_ws/src/build/basic_motors_and_sensors/prefix_override:/usr/lib/python3/dist-packages/colcon_core/task/python/colcon_distutils_commands:/home/pi/ros2_ws/src/install/basic_motors_and_sensors/lib/python3.11/site-packages:${PYTHONPATH} /usr/bin/python3 -W ignore:setup.py install is deprecated setup.py egg_info --egg-base ../../build/basic_motors_and_sensors build --build-base /home/pi/ros2_ws/src/build/basic_motors_and_sensors/build install --record /home/pi/ros2_ws/src/build/basic_motors_and_sensors/install.log --single-version-externally-managed install_data
[20.736s] DEBUG:colcon.colcon_core.event_handler.log_command:Invoking command in '/home/pi/ros2_ws/src/simple_motors': PYTHONPATH=/home/pi/ros2_ws/src/build/simple_motors/prefix_override:/usr/lib/python3/dist-packages/colcon_core/task/python/colcon_distutils_commands:/home/pi/ros2_ws/src/install/simple_motors/lib/python3.11/site-packages:${PYTHONPATH} /usr/bin/python3 -W ignore:setup.py install is deprecated setup.py egg_info --egg-base ../build/simple_motors build --build-base /home/pi/ros2_ws/src/build/simple_motors/build install --record /home/pi/ros2_ws/src/build/simple_motors/install.log --single-version-externally-managed install_data
[21.140s] DEBUG:colcon.colcon_core.event_handler.log_command:Invoking command in '/home/pi/ros2_ws/src/i2c_sensors_ros2/i2c_sensors': PYTHONPATH=/home/pi/ros2_ws/src/build/i2c_sensors/prefix_override:/usr/lib/python3/dist-packages/colcon_core/task/python/colcon_distutils_commands:/home/pi/ros2_ws/src/install/i2c_sensors/lib/python3.11/site-packages:${PYTHONPATH} /usr/bin/python3 -W ignore:setup.py install is deprecated setup.py egg_info --egg-base ../../build/i2c_sensors build --build-base /home/pi/ros2_ws/src/build/i2c_sensors/build install --record /home/pi/ros2_ws/src/build/i2c_sensors/install.log --single-version-externally-managed install_data
[28.636s] DEBUG:colcon.colcon_core.event_handler.log_command:Invoked command in '/home/pi/ros2_ws/src/simple_motors' returned '0': PYTHONPATH=/home/pi/ros2_ws/src/build/simple_motors/prefix_override:/usr/lib/python3/dist-packages/colcon_core/task/python/colcon_distutils_commands:/home/pi/ros2_ws/src/install/simple_motors/lib/python3.11/site-packages:${PYTHONPATH} /usr/bin/python3 -W ignore:setup.py install is deprecated setup.py egg_info --egg-base ../build/simple_motors build --build-base /home/pi/ros2_ws/src/build/simple_motors/build install --record /home/pi/ros2_ws/src/build/simple_motors/install.log --single-version-externally-managed install_data
[28.676s] Level 1:colcon.colcon_core.environment:checking '/home/pi/ros2_ws/src/install/simple_motors' for CMake module files
[28.678s] Level 1:colcon.colcon_core.environment:checking '/home/pi/ros2_ws/src/install/simple_motors' for CMake config files
[28.680s] Level 1:colcon.colcon_core.environment:checking '/home/pi/ros2_ws/src/install/simple_motors/lib'
[28.684s] Level 1:colcon.colcon_core.environment:checking '/home/pi/ros2_ws/src/install/simple_motors/bin'
[28.684s] Level 1:colcon.colcon_core.environment:checking '/home/pi/ros2_ws/src/install/simple_motors/lib/pkgconfig/simple_motors.pc'
[28.685s] Level 1:colcon.colcon_core.environment:checking '/home/pi/ros2_ws/src/install/simple_motors/lib/python3.11/site-packages'
[28.685s] Level 1:colcon.colcon_core.shell:create_environment_hook('simple_motors', 'pythonpath')
[28.686s] INFO:colcon.colcon_core.shell:Creating environment hook '/home/pi/ros2_ws/src/install/simple_motors/share/simple_motors/hook/pythonpath.ps1'
[28.689s] INFO:colcon.colcon_core.shell:Creating environment descriptor '/home/pi/ros2_ws/src/install/simple_motors/share/simple_motors/hook/pythonpath.dsv'
[28.690s] INFO:colcon.colcon_core.shell:Creating environment hook '/home/pi/ros2_ws/src/install/simple_motors/share/simple_motors/hook/pythonpath.sh'
[28.693s] Level 1:colcon.colcon_core.environment:checking '/home/pi/ros2_ws/src/install/simple_motors/bin'
[28.696s] Level 1:colcon.colcon_core.environment:create_environment_scripts_only(simple_motors)
[28.698s] INFO:colcon.colcon_core.shell:Creating package script '/home/pi/ros2_ws/src/install/simple_motors/share/simple_motors/package.ps1'
[28.702s] INFO:colcon.colcon_core.shell:Creating package descriptor '/home/pi/ros2_ws/src/install/simple_motors/share/simple_motors/package.dsv'
[28.711s] INFO:colcon.colcon_core.shell:Creating package script '/home/pi/ros2_ws/src/install/simple_motors/share/simple_motors/package.sh'
[28.714s] INFO:colcon.colcon_core.shell:Creating package script '/home/pi/ros2_ws/src/install/simple_motors/share/simple_motors/package.bash'
[28.717s] INFO:colcon.colcon_core.shell:Creating package script '/home/pi/ros2_ws/src/install/simple_motors/share/simple_motors/package.zsh'
[28.720s] Level 1:colcon.colcon_core.environment:create_file_with_runtime_dependencies(/home/pi/ros2_ws/src/install/simple_motors/share/colcon-core/packages/simple_motors)
[28.725s] Level 1:colcon.colcon_core.environment:checking '/home/pi/ros2_ws/src/install/basic_motors_and_sensors' for CMake module files
[28.728s] DEBUG:colcon.colcon_core.event_handler.log_command:Invoked command in '/home/pi/ros2_ws/src/basic_motors_and_sensors_ros2_v01C/basic_motors_and_sensors' returned '0': PYTHONPATH=/home/pi/ros2_ws/src/build/basic_motors_and_sensors/prefix_override:/usr/lib/python3/dist-packages/colcon_core/task/python/colcon_distutils_commands:/home/pi/ros2_ws/src/install/basic_motors_and_sensors/lib/python3.11/site-packages:${PYTHONPATH} /usr/bin/python3 -W ignore:setup.py install is deprecated setup.py egg_info --egg-base ../../build/basic_motors_and_sensors build --build-base /home/pi/ros2_ws/src/build/basic_motors_and_sensors/build install --record /home/pi/ros2_ws/src/build/basic_motors_and_sensors/install.log --single-version-externally-managed install_data
[28.729s] Level 1:colcon.colcon_core.environment:checking '/home/pi/ros2_ws/src/install/basic_motors_and_sensors' for CMake config files
[28.730s] Level 1:colcon.colcon_core.environment:checking '/home/pi/ros2_ws/src/install/basic_motors_and_sensors/lib'
[28.731s] Level 1:colcon.colcon_core.environment:checking '/home/pi/ros2_ws/src/install/basic_motors_and_sensors/bin'
[28.731s] Level 1:colcon.colcon_core.environment:checking '/home/pi/ros2_ws/src/install/basic_motors_and_sensors/lib/pkgconfig/basic_motors_and_sensors.pc'
[28.732s] Level 1:colcon.colcon_core.environment:checking '/home/pi/ros2_ws/src/install/basic_motors_and_sensors/lib/python3.11/site-packages'
[28.732s] Level 1:colcon.colcon_core.shell:create_environment_hook('basic_motors_and_sensors', 'pythonpath')
[28.733s] INFO:colcon.colcon_core.shell:Creating environment hook '/home/pi/ros2_ws/src/install/basic_motors_and_sensors/share/basic_motors_and_sensors/hook/pythonpath.ps1'
[28.735s] INFO:colcon.colcon_core.shell:Creating environment descriptor '/home/pi/ros2_ws/src/install/basic_motors_and_sensors/share/basic_motors_and_sensors/hook/pythonpath.dsv'
[28.736s] INFO:colcon.colcon_core.shell:Creating environment hook '/home/pi/ros2_ws/src/install/basic_motors_and_sensors/share/basic_motors_and_sensors/hook/pythonpath.sh'
[28.738s] Level 1:colcon.colcon_core.environment:checking '/home/pi/ros2_ws/src/install/basic_motors_and_sensors/bin'
[28.739s] Level 1:colcon.colcon_core.environment:create_environment_scripts_only(basic_motors_and_sensors)
[28.740s] INFO:colcon.colcon_core.shell:Creating package script '/home/pi/ros2_ws/src/install/basic_motors_and_sensors/share/basic_motors_and_sensors/package.ps1'
[28.744s] INFO:colcon.colcon_core.shell:Creating package descriptor '/home/pi/ros2_ws/src/install/basic_motors_and_sensors/share/basic_motors_and_sensors/package.dsv'
[28.746s] INFO:colcon.colcon_core.shell:Creating package script '/home/pi/ros2_ws/src/install/basic_motors_and_sensors/share/basic_motors_and_sensors/package.sh'
[28.748s] INFO:colcon.colcon_core.shell:Creating package script '/home/pi/ros2_ws/src/install/basic_motors_and_sensors/share/basic_motors_and_sensors/package.bash'
[28.749s] INFO:colcon.colcon_core.shell:Creating package script '/home/pi/ros2_ws/src/install/basic_motors_and_sensors/share/basic_motors_and_sensors/package.zsh'
[28.751s] Level 1:colcon.colcon_core.environment:create_file_with_runtime_dependencies(/home/pi/ros2_ws/src/install/basic_motors_and_sensors/share/colcon-core/packages/basic_motors_and_sensors)
[29.283s] Level 1:colcon.colcon_core.environment:checking '/home/pi/ros2_ws/src/install/i2c_sensors' for CMake module files
[29.285s] DEBUG:colcon.colcon_core.event_handler.log_command:Invoked command in '/home/pi/ros2_ws/src/i2c_sensors_ros2/i2c_sensors' returned '0': PYTHONPATH=/home/pi/ros2_ws/src/build/i2c_sensors/prefix_override:/usr/lib/python3/dist-packages/colcon_core/task/python/colcon_distutils_commands:/home/pi/ros2_ws/src/install/i2c_sensors/lib/python3.11/site-packages:${PYTHONPATH} /usr/bin/python3 -W ignore:setup.py install is deprecated setup.py egg_info --egg-base ../../build/i2c_sensors build --build-base /home/pi/ros2_ws/src/build/i2c_sensors/build install --record /home/pi/ros2_ws/src/build/i2c_sensors/install.log --single-version-externally-managed install_data
[29.286s] Level 1:colcon.colcon_core.environment:checking '/home/pi/ros2_ws/src/install/i2c_sensors' for CMake config files
[29.287s] Level 1:colcon.colcon_core.environment:checking '/home/pi/ros2_ws/src/install/i2c_sensors/lib'
[29.288s] Level 1:colcon.colcon_core.environment:checking '/home/pi/ros2_ws/src/install/i2c_sensors/bin'
[29.288s] Level 1:colcon.colcon_core.environment:checking '/home/pi/ros2_ws/src/install/i2c_sensors/lib/pkgconfig/i2c_sensors.pc'
[29.289s] Level 1:colcon.colcon_core.environment:checking '/home/pi/ros2_ws/src/install/i2c_sensors/lib/python3.11/site-packages'
[29.289s] Level 1:colcon.colcon_core.shell:create_environment_hook('i2c_sensors', 'pythonpath')
[29.290s] INFO:colcon.colcon_core.shell:Creating environment hook '/home/pi/ros2_ws/src/install/i2c_sensors/share/i2c_sensors/hook/pythonpath.ps1'
[29.291s] INFO:colcon.colcon_core.shell:Creating environment descriptor '/home/pi/ros2_ws/src/install/i2c_sensors/share/i2c_sensors/hook/pythonpath.dsv'
[29.293s] INFO:colcon.colcon_core.shell:Creating environment hook '/home/pi/ros2_ws/src/install/i2c_sensors/share/i2c_sensors/hook/pythonpath.sh'
[29.295s] Level 1:colcon.colcon_core.environment:checking '/home/pi/ros2_ws/src/install/i2c_sensors/bin'
[29.296s] Level 1:colcon.colcon_core.environment:create_environment_scripts_only(i2c_sensors)
[29.298s] INFO:colcon.colcon_core.shell:Creating package script '/home/pi/ros2_ws/src/install/i2c_sensors/share/i2c_sensors/package.ps1'
[29.301s] INFO:colcon.colcon_core.shell:Creating package descriptor '/home/pi/ros2_ws/src/install/i2c_sensors/share/i2c_sensors/package.dsv'
[29.303s] INFO:colcon.colcon_core.shell:Creating package script '/home/pi/ros2_ws/src/install/i2c_sensors/share/i2c_sensors/package.sh'
[29.305s] INFO:colcon.colcon_core.shell:Creating package script '/home/pi/ros2_ws/src/install/i2c_sensors/share/i2c_sensors/package.bash'
[29.306s] INFO:colcon.colcon_core.shell:Creating package script '/home/pi/ros2_ws/src/install/i2c_sensors/share/i2c_sensors/package.zsh'
[29.308s] Level 1:colcon.colcon_core.environment:create_file_with_runtime_dependencies(/home/pi/ros2_ws/src/install/i2c_sensors/share/colcon-core/packages/i2c_sensors)
[29.310s] DEBUG:colcon.colcon_parallel_executor.executor.parallel:closing loop
[29.311s] DEBUG:colcon.colcon_parallel_executor.executor.parallel:loop closed
[29.312s] DEBUG:colcon.colcon_parallel_executor.executor.parallel:run_until_complete finished with '0'
[29.313s] DEBUG:colcon.colcon_core.event_reactor:joining thread
[29.398s] INFO:colcon.colcon_core.plugin_system:Skipping extension 'colcon_notification.desktop_notification.notify_send': Could not find 'notify-send'
[29.398s] INFO:colcon.colcon_core.plugin_system:Skipping extension 'colcon_notification.desktop_notification.terminal_notifier': Not used on non-Darwin systems
[29.399s] INFO:colcon.colcon_core.plugin_system:Skipping extension 'colcon_notification.desktop_notification.win32': Not used on non-Windows systems
[29.399s] INFO:colcon.colcon_notification.desktop_notification:Sending desktop notification using 'notify2'
[29.402s] DEBUG:colcon.colcon_notification.desktop_notification.notify2:Failed to initialize notify2: org.freedesktop.DBus.Error.ServiceUnknown: The name org.freedesktop.Notifications was not provided by any .service files
[29.403s] DEBUG:colcon.colcon_core.event_reactor:joined thread
[29.404s] INFO:colcon.colcon_core.shell:Creating prefix script '/home/pi/ros2_ws/src/install/local_setup.ps1'
[29.407s] INFO:colcon.colcon_core.shell:Creating prefix util module '/home/pi/ros2_ws/src/install/_local_setup_util_ps1.py'
[29.411s] INFO:colcon.colcon_core.shell:Creating prefix chain script '/home/pi/ros2_ws/src/install/setup.ps1'
[29.461s] INFO:colcon.colcon_core.shell:Creating prefix script '/home/pi/ros2_ws/src/install/local_setup.sh'
[29.463s] INFO:colcon.colcon_core.shell:Creating prefix util module '/home/pi/ros2_ws/src/install/_local_setup_util_sh.py'
[29.464s] INFO:colcon.colcon_core.shell:Creating prefix chain script '/home/pi/ros2_ws/src/install/setup.sh'
[29.513s] INFO:colcon.colcon_core.shell:Creating prefix script '/home/pi/ros2_ws/src/install/local_setup.bash'
[29.515s] INFO:colcon.colcon_core.shell:Creating prefix chain script '/home/pi/ros2_ws/src/install/setup.bash'
[29.563s] INFO:colcon.colcon_core.shell:Creating prefix script '/home/pi/ros2_ws/src/install/local_setup.zsh'
[29.565s] INFO:colcon.colcon_core.shell:Creating prefix chain script '/home/pi/ros2_ws/src/install/setup.zsh'
