[1.024s] DEBUG:colcon:Command line arguments: ['/usr/bin/colcon', 'build']
[1.025s] DEBUG:colcon:Parsed command line arguments: Namespace(log_base=None, log_level=None, verb_name='build', build_base='build', install_base='install', merge_install=False, symlink_install=False, test_result_base=None, continue_on_error=False, executor='parallel', parallel_workers=4, event_handlers=None, ignore_user_meta=False, metas=['./colcon.meta'], base_paths=['.'], packages_ignore=None, packages_ignore_regex=None, paths=None, packages_up_to=None, packages_up_to_regex=None, packages_above=None, packages_above_and_dependencies=None, packages_above_depth=None, packages_select_by_dep=None, packages_skip_by_dep=None, packages_skip_up_to=None, packages_select_build_failed=False, packages_skip_build_finished=False, packages_select_test_failures=False, packages_skip_test_passed=False, packages_select=None, packages_skip=None, packages_select_regex=None, packages_skip_regex=None, packages_start=None, packages_end=None, allow_overriding=[], cmake_args=None, cmake_target=None, cmake_target_skip_unavailable=False, cmake_clean_cache=False, cmake_clean_first=False, cmake_force_configure=False, ament_cmake_args=None, catkin_cmake_args=None, catkin_skip_building_tests=False, mixin_files=None, mixin=None, verb_parser=<colcon_mixin.mixin.mixin_argument.MixinArgumentDecorator object at 0x7f991ae250>, verb_extension=<colcon_core.verb.build.BuildVerb object at 0x7f991acf10>, main=<bound method BuildVerb.main of <colcon_core.verb.build.BuildVerb object at 0x7f991acf10>>, mixin_verb=('build',))
[1.314s] Level 1:colcon.colcon_core.package_discovery:discover_packages(colcon_meta) check parameters
[1.315s] Level 1:colcon.colcon_core.package_discovery:discover_packages(recursive) check parameters
[1.315s] Level 1:colcon.colcon_core.package_discovery:discover_packages(ignore) check parameters
[1.315s] Level 1:colcon.colcon_core.package_discovery:discover_packages(path) check parameters
[1.315s] Level 1:colcon.colcon_core.package_discovery:discover_packages(colcon_meta) discover
[1.315s] Level 1:colcon.colcon_core.package_discovery:discover_packages(recursive) discover
[1.316s] INFO:colcon.colcon_core.package_discovery:Crawling recursively for packages in '/home/pi/ros2_ws'
[1.316s] Level 1:colcon.colcon_core.package_identification:_identify(.) by extensions ['ignore', 'ignore_ament_install']
[1.316s] Level 1:colcon.colcon_core.package_identification:_identify(.) by extension 'ignore'
[1.317s] Level 1:colcon.colcon_core.package_identification:_identify(.) by extension 'ignore_ament_install'
[1.317s] Level 1:colcon.colcon_core.package_identification:_identify(.) by extensions ['colcon_pkg']
[1.317s] Level 1:colcon.colcon_core.package_identification:_identify(.) by extension 'colcon_pkg'
[1.317s] Level 1:colcon.colcon_core.package_identification:_identify(.) by extensions ['colcon_meta']
[1.317s] Level 1:colcon.colcon_core.package_identification:_identify(.) by extension 'colcon_meta'
[1.317s] Level 1:colcon.colcon_core.package_identification:_identify(.) by extensions ['ros']
[1.318s] Level 1:colcon.colcon_core.package_identification:_identify(.) by extension 'ros'
[1.446s] Level 1:colcon.colcon_core.package_identification:_identify(.) by extensions ['cmake', 'python']
[1.447s] Level 1:colcon.colcon_core.package_identification:_identify(.) by extension 'cmake'
[1.447s] Level 1:colcon.colcon_core.package_identification:_identify(.) by extension 'python'
[1.447s] Level 1:colcon.colcon_core.package_identification:_identify(.) by extensions ['python_setup_py']
[1.447s] Level 1:colcon.colcon_core.package_identification:_identify(.) by extension 'python_setup_py'
[1.448s] Level 1:colcon.colcon_core.package_identification:_identify(build) by extensions ['ignore', 'ignore_ament_install']
[1.448s] Level 1:colcon.colcon_core.package_identification:_identify(build) by extension 'ignore'
[1.448s] Level 1:colcon.colcon_core.package_identification:_identify(build) ignored
[1.448s] Level 1:colcon.colcon_core.package_identification:_identify(install) by extensions ['ignore', 'ignore_ament_install']
[1.449s] Level 1:colcon.colcon_core.package_identification:_identify(install) by extension 'ignore'
[1.449s] Level 1:colcon.colcon_core.package_identification:_identify(install) ignored
[1.449s] Level 1:colcon.colcon_core.package_identification:_identify(log) by extensions ['ignore', 'ignore_ament_install']
[1.449s] Level 1:colcon.colcon_core.package_identification:_identify(log) by extension 'ignore'
[1.450s] Level 1:colcon.colcon_core.package_identification:_identify(log) ignored
[1.450s] Level 1:colcon.colcon_core.package_identification:_identify(src) by extensions ['ignore', 'ignore_ament_install']
[1.450s] Level 1:colcon.colcon_core.package_identification:_identify(src) by extension 'ignore'
[1.450s] Level 1:colcon.colcon_core.package_identification:_identify(src) by extension 'ignore_ament_install'
[1.450s] Level 1:colcon.colcon_core.package_identification:_identify(src) by extensions ['colcon_pkg']
[1.450s] Level 1:colcon.colcon_core.package_identification:_identify(src) by extension 'colcon_pkg'
[1.451s] Level 1:colcon.colcon_core.package_identification:_identify(src) by extensions ['colcon_meta']
[1.451s] Level 1:colcon.colcon_core.package_identification:_identify(src) by extension 'colcon_meta'
[1.451s] Level 1:colcon.colcon_core.package_identification:_identify(src) by extensions ['ros']
[1.451s] Level 1:colcon.colcon_core.package_identification:_identify(src) by extension 'ros'
[1.451s] Level 1:colcon.colcon_core.package_identification:_identify(src) by extensions ['cmake', 'python']
[1.451s] Level 1:colcon.colcon_core.package_identification:_identify(src) by extension 'cmake'
[1.452s] Level 1:colcon.colcon_core.package_identification:_identify(src) by extension 'python'
[1.452s] Level 1:colcon.colcon_core.package_identification:_identify(src) by extensions ['python_setup_py']
[1.452s] Level 1:colcon.colcon_core.package_identification:_identify(src) by extension 'python_setup_py'
[1.452s] Level 1:colcon.colcon_core.package_identification:_identify(src/basic_motors_and_sensors_ros2_v01C) by extensions ['ignore', 'ignore_ament_install']
[1.452s] Level 1:colcon.colcon_core.package_identification:_identify(src/basic_motors_and_sensors_ros2_v01C) by extension 'ignore'
[1.452s] Level 1:colcon.colcon_core.package_identification:_identify(src/basic_motors_and_sensors_ros2_v01C) by extension 'ignore_ament_install'
[1.453s] Level 1:colcon.colcon_core.package_identification:_identify(src/basic_motors_and_sensors_ros2_v01C) by extensions ['colcon_pkg']
[1.453s] Level 1:colcon.colcon_core.package_identification:_identify(src/basic_motors_and_sensors_ros2_v01C) by extension 'colcon_pkg'
[1.453s] Level 1:colcon.colcon_core.package_identification:_identify(src/basic_motors_and_sensors_ros2_v01C) by extensions ['colcon_meta']
[1.453s] Level 1:colcon.colcon_core.package_identification:_identify(src/basic_motors_and_sensors_ros2_v01C) by extension 'colcon_meta'
[1.453s] Level 1:colcon.colcon_core.package_identification:_identify(src/basic_motors_and_sensors_ros2_v01C) by extensions ['ros']
[1.453s] Level 1:colcon.colcon_core.package_identification:_identify(src/basic_motors_and_sensors_ros2_v01C) by extension 'ros'
[1.453s] Level 1:colcon.colcon_core.package_identification:_identify(src/basic_motors_and_sensors_ros2_v01C) by extensions ['cmake', 'python']
[1.454s] Level 1:colcon.colcon_core.package_identification:_identify(src/basic_motors_and_sensors_ros2_v01C) by extension 'cmake'
[1.454s] Level 1:colcon.colcon_core.package_identification:_identify(src/basic_motors_and_sensors_ros2_v01C) by extension 'python'
[1.454s] Level 1:colcon.colcon_core.package_identification:_identify(src/basic_motors_and_sensors_ros2_v01C) by extensions ['python_setup_py']
[1.454s] Level 1:colcon.colcon_core.package_identification:_identify(src/basic_motors_and_sensors_ros2_v01C) by extension 'python_setup_py'
[1.454s] Level 1:colcon.colcon_core.package_identification:_identify(src/basic_motors_and_sensors_ros2_v01C/basic_motors_and_sensors) by extensions ['ignore', 'ignore_ament_install']
[1.454s] Level 1:colcon.colcon_core.package_identification:_identify(src/basic_motors_and_sensors_ros2_v01C/basic_motors_and_sensors) by extension 'ignore'
[1.455s] Level 1:colcon.colcon_core.package_identification:_identify(src/basic_motors_and_sensors_ros2_v01C/basic_motors_and_sensors) by extension 'ignore_ament_install'
[1.455s] Level 1:colcon.colcon_core.package_identification:_identify(src/basic_motors_and_sensors_ros2_v01C/basic_motors_and_sensors) by extensions ['colcon_pkg']
[1.455s] Level 1:colcon.colcon_core.package_identification:_identify(src/basic_motors_and_sensors_ros2_v01C/basic_motors_and_sensors) by extension 'colcon_pkg'
[1.455s] Level 1:colcon.colcon_core.package_identification:_identify(src/basic_motors_and_sensors_ros2_v01C/basic_motors_and_sensors) by extensions ['colcon_meta']
[1.455s] Level 1:colcon.colcon_core.package_identification:_identify(src/basic_motors_and_sensors_ros2_v01C/basic_motors_and_sensors) by extension 'colcon_meta'
[1.455s] Level 1:colcon.colcon_core.package_identification:_identify(src/basic_motors_and_sensors_ros2_v01C/basic_motors_and_sensors) by extensions ['ros']
[1.455s] Level 1:colcon.colcon_core.package_identification:_identify(src/basic_motors_and_sensors_ros2_v01C/basic_motors_and_sensors) by extension 'ros'
[1.464s] DEBUG:colcon.colcon_core.package_identification:Package 'src/basic_motors_and_sensors_ros2_v01C/basic_motors_and_sensors' with type 'ros.ament_python' and name 'basic_motors_and_sensors'
[1.464s] Level 1:colcon.colcon_core.package_identification:_identify(src/build) by extensions ['ignore', 'ignore_ament_install']
[1.465s] Level 1:colcon.colcon_core.package_identification:_identify(src/build) by extension 'ignore'
[1.465s] Level 1:colcon.colcon_core.package_identification:_identify(src/build) ignored
[1.465s] Level 1:colcon.colcon_core.package_identification:_identify(src/i2c_sensors_ros2) by extensions ['ignore', 'ignore_ament_install']
[1.465s] Level 1:colcon.colcon_core.package_identification:_identify(src/i2c_sensors_ros2) by extension 'ignore'
[1.466s] Level 1:colcon.colcon_core.package_identification:_identify(src/i2c_sensors_ros2) by extension 'ignore_ament_install'
[1.466s] Level 1:colcon.colcon_core.package_identification:_identify(src/i2c_sensors_ros2) by extensions ['colcon_pkg']
[1.466s] Level 1:colcon.colcon_core.package_identification:_identify(src/i2c_sensors_ros2) by extension 'colcon_pkg'
[1.466s] Level 1:colcon.colcon_core.package_identification:_identify(src/i2c_sensors_ros2) by extensions ['colcon_meta']
[1.466s] Level 1:colcon.colcon_core.package_identification:_identify(src/i2c_sensors_ros2) by extension 'colcon_meta'
[1.466s] Level 1:colcon.colcon_core.package_identification:_identify(src/i2c_sensors_ros2) by extensions ['ros']
[1.466s] Level 1:colcon.colcon_core.package_identification:_identify(src/i2c_sensors_ros2) by extension 'ros'
[1.467s] Level 1:colcon.colcon_core.package_identification:_identify(src/i2c_sensors_ros2) by extensions ['cmake', 'python']
[1.467s] Level 1:colcon.colcon_core.package_identification:_identify(src/i2c_sensors_ros2) by extension 'cmake'
[1.467s] Level 1:colcon.colcon_core.package_identification:_identify(src/i2c_sensors_ros2) by extension 'python'
[1.467s] Level 1:colcon.colcon_core.package_identification:_identify(src/i2c_sensors_ros2) by extensions ['python_setup_py']
[1.467s] Level 1:colcon.colcon_core.package_identification:_identify(src/i2c_sensors_ros2) by extension 'python_setup_py'
[1.468s] Level 1:colcon.colcon_core.package_identification:_identify(src/i2c_sensors_ros2/i2c_sensors) by extensions ['ignore', 'ignore_ament_install']
[1.468s] Level 1:colcon.colcon_core.package_identification:_identify(src/i2c_sensors_ros2/i2c_sensors) by extension 'ignore'
[1.468s] Level 1:colcon.colcon_core.package_identification:_identify(src/i2c_sensors_ros2/i2c_sensors) by extension 'ignore_ament_install'
[1.468s] Level 1:colcon.colcon_core.package_identification:_identify(src/i2c_sensors_ros2/i2c_sensors) by extensions ['colcon_pkg']
[1.468s] Level 1:colcon.colcon_core.package_identification:_identify(src/i2c_sensors_ros2/i2c_sensors) by extension 'colcon_pkg'
[1.468s] Level 1:colcon.colcon_core.package_identification:_identify(src/i2c_sensors_ros2/i2c_sensors) by extensions ['colcon_meta']
[1.468s] Level 1:colcon.colcon_core.package_identification:_identify(src/i2c_sensors_ros2/i2c_sensors) by extension 'colcon_meta'
[1.469s] Level 1:colcon.colcon_core.package_identification:_identify(src/i2c_sensors_ros2/i2c_sensors) by extensions ['ros']
[1.469s] Level 1:colcon.colcon_core.package_identification:_identify(src/i2c_sensors_ros2/i2c_sensors) by extension 'ros'
[1.522s] DEBUG:colcon.colcon_core.package_identification:Package 'src/i2c_sensors_ros2/i2c_sensors' with type 'ros.ament_python' and name 'i2c_sensors'
[1.522s] Level 1:colcon.colcon_core.package_identification:_identify(src/install) by extensions ['ignore', 'ignore_ament_install']
[1.522s] Level 1:colcon.colcon_core.package_identification:_identify(src/install) by extension 'ignore'
[1.523s] Level 1:colcon.colcon_core.package_identification:_identify(src/install) ignored
[1.523s] Level 1:colcon.colcon_core.package_identification:_identify(src/log) by extensions ['ignore', 'ignore_ament_install']
[1.523s] Level 1:colcon.colcon_core.package_identification:_identify(src/log) by extension 'ignore'
[1.523s] Level 1:colcon.colcon_core.package_identification:_identify(src/log) ignored
[1.524s] Level 1:colcon.colcon_core.package_identification:_identify(src/simple_motors) by extensions ['ignore', 'ignore_ament_install']
[1.524s] Level 1:colcon.colcon_core.package_identification:_identify(src/simple_motors) by extension 'ignore'
[1.524s] Level 1:colcon.colcon_core.package_identification:_identify(src/simple_motors) by extension 'ignore_ament_install'
[1.524s] Level 1:colcon.colcon_core.package_identification:_identify(src/simple_motors) by extensions ['colcon_pkg']
[1.524s] Level 1:colcon.colcon_core.package_identification:_identify(src/simple_motors) by extension 'colcon_pkg'
[1.524s] Level 1:colcon.colcon_core.package_identification:_identify(src/simple_motors) by extensions ['colcon_meta']
[1.525s] Level 1:colcon.colcon_core.package_identification:_identify(src/simple_motors) by extension 'colcon_meta'
[1.525s] Level 1:colcon.colcon_core.package_identification:_identify(src/simple_motors) by extensions ['ros']
[1.525s] Level 1:colcon.colcon_core.package_identification:_identify(src/simple_motors) by extension 'ros'
[1.527s] DEBUG:colcon.colcon_core.package_identification:Package 'src/simple_motors' with type 'ros.ament_python' and name 'simple_motors'
[1.527s] Level 1:colcon.colcon_core.package_discovery:discover_packages(recursive) using defaults
[1.528s] Level 1:colcon.colcon_core.package_discovery:discover_packages(ignore) discover
[1.528s] Level 1:colcon.colcon_core.package_discovery:discover_packages(ignore) using defaults
[1.528s] Level 1:colcon.colcon_core.package_discovery:discover_packages(path) discover
[1.528s] Level 1:colcon.colcon_core.package_discovery:discover_packages(path) using defaults
[1.696s] Level 1:colcon.colcon_core.package_discovery:discover_packages(prefix_path) check parameters
[1.696s] Level 1:colcon.colcon_core.package_discovery:discover_packages(prefix_path) discover
[1.747s] DEBUG:colcon.colcon_installed_package_information.package_discovery:Found 3 installed packages in /home/pi/ros2_ws/install
[1.784s] DEBUG:colcon.colcon_installed_package_information.package_discovery:Found 363 installed packages in /home/pi/ros2_jazzy/install
[1.791s] Level 1:colcon.colcon_core.package_discovery:discover_packages(prefix_path) using defaults
[1.910s] Level 5:colcon.colcon_core.verb:set package 'basic_motors_and_sensors' build argument 'cmake_args' from command line to 'None'
[1.910s] Level 5:colcon.colcon_core.verb:set package 'basic_motors_and_sensors' build argument 'cmake_target' from command line to 'None'
[1.911s] Level 5:colcon.colcon_core.verb:set package 'basic_motors_and_sensors' build argument 'cmake_target_skip_unavailable' from command line to 'False'
[1.911s] Level 5:colcon.colcon_core.verb:set package 'basic_motors_and_sensors' build argument 'cmake_clean_cache' from command line to 'False'
[1.911s] Level 5:colcon.colcon_core.verb:set package 'basic_motors_and_sensors' build argument 'cmake_clean_first' from command line to 'False'
[1.911s] Level 5:colcon.colcon_core.verb:set package 'basic_motors_and_sensors' build argument 'cmake_force_configure' from command line to 'False'
[1.911s] Level 5:colcon.colcon_core.verb:set package 'basic_motors_and_sensors' build argument 'ament_cmake_args' from command line to 'None'
[1.911s] Level 5:colcon.colcon_core.verb:set package 'basic_motors_and_sensors' build argument 'catkin_cmake_args' from command line to 'None'
[1.911s] Level 5:colcon.colcon_core.verb:set package 'basic_motors_and_sensors' build argument 'catkin_skip_building_tests' from command line to 'False'
[1.912s] DEBUG:colcon.colcon_core.verb:Building package 'basic_motors_and_sensors' with the following arguments: {'ament_cmake_args': None, 'build_base': '/home/pi/ros2_ws/build/basic_motors_and_sensors', 'catkin_cmake_args': None, 'catkin_skip_building_tests': False, 'cmake_args': None, 'cmake_clean_cache': False, 'cmake_clean_first': False, 'cmake_force_configure': False, 'cmake_target': None, 'cmake_target_skip_unavailable': False, 'install_base': '/home/pi/ros2_ws/install/basic_motors_and_sensors', 'merge_install': False, 'path': '/home/pi/ros2_ws/src/basic_motors_and_sensors_ros2_v01C/basic_motors_and_sensors', 'symlink_install': False, 'test_result_base': None}
[1.913s] Level 5:colcon.colcon_core.verb:set package 'i2c_sensors' build argument 'cmake_args' from command line to 'None'
[1.913s] Level 5:colcon.colcon_core.verb:set package 'i2c_sensors' build argument 'cmake_target' from command line to 'None'
[1.914s] Level 5:colcon.colcon_core.verb:set package 'i2c_sensors' build argument 'cmake_target_skip_unavailable' from command line to 'False'
[1.914s] Level 5:colcon.colcon_core.verb:set package 'i2c_sensors' build argument 'cmake_clean_cache' from command line to 'False'
[1.914s] Level 5:colcon.colcon_core.verb:set package 'i2c_sensors' build argument 'cmake_clean_first' from command line to 'False'
[1.914s] Level 5:colcon.colcon_core.verb:set package 'i2c_sensors' build argument 'cmake_force_configure' from command line to 'False'
[1.914s] Level 5:colcon.colcon_core.verb:set package 'i2c_sensors' build argument 'ament_cmake_args' from command line to 'None'
[1.914s] Level 5:colcon.colcon_core.verb:set package 'i2c_sensors' build argument 'catkin_cmake_args' from command line to 'None'
[1.914s] Level 5:colcon.colcon_core.verb:set package 'i2c_sensors' build argument 'catkin_skip_building_tests' from command line to 'False'
[1.914s] DEBUG:colcon.colcon_core.verb:Building package 'i2c_sensors' with the following arguments: {'ament_cmake_args': None, 'build_base': '/home/pi/ros2_ws/build/i2c_sensors', 'catkin_cmake_args': None, 'catkin_skip_building_tests': False, 'cmake_args': None, 'cmake_clean_cache': False, 'cmake_clean_first': False, 'cmake_force_configure': False, 'cmake_target': None, 'cmake_target_skip_unavailable': False, 'install_base': '/home/pi/ros2_ws/install/i2c_sensors', 'merge_install': False, 'path': '/home/pi/ros2_ws/src/i2c_sensors_ros2/i2c_sensors', 'symlink_install': False, 'test_result_base': None}
[1.916s] Level 5:colcon.colcon_core.verb:set package 'simple_motors' build argument 'cmake_args' from command line to 'None'
[1.916s] Level 5:colcon.colcon_core.verb:set package 'simple_motors' build argument 'cmake_target' from command line to 'None'
[1.916s] Level 5:colcon.colcon_core.verb:set package 'simple_motors' build argument 'cmake_target_skip_unavailable' from command line to 'False'
[1.916s] Level 5:colcon.colcon_core.verb:set package 'simple_motors' build argument 'cmake_clean_cache' from command line to 'False'
[1.916s] Level 5:colcon.colcon_core.verb:set package 'simple_motors' build argument 'cmake_clean_first' from command line to 'False'
[1.916s] Level 5:colcon.colcon_core.verb:set package 'simple_motors' build argument 'cmake_force_configure' from command line to 'False'
[1.916s] Level 5:colcon.colcon_core.verb:set package 'simple_motors' build argument 'ament_cmake_args' from command line to 'None'
[1.916s] Level 5:colcon.colcon_core.verb:set package 'simple_motors' build argument 'catkin_cmake_args' from command line to 'None'
[1.917s] Level 5:colcon.colcon_core.verb:set package 'simple_motors' build argument 'catkin_skip_building_tests' from command line to 'False'
[1.917s] DEBUG:colcon.colcon_core.verb:Building package 'simple_motors' with the following arguments: {'ament_cmake_args': None, 'build_base': '/home/pi/ros2_ws/build/simple_motors', 'catkin_cmake_args': None, 'catkin_skip_building_tests': False, 'cmake_args': None, 'cmake_clean_cache': False, 'cmake_clean_first': False, 'cmake_force_configure': False, 'cmake_target': None, 'cmake_target_skip_unavailable': False, 'install_base': '/home/pi/ros2_ws/install/simple_motors', 'merge_install': False, 'path': '/home/pi/ros2_ws/src/simple_motors', 'symlink_install': False, 'test_result_base': None}
[1.917s] INFO:colcon.colcon_core.executor:Executing jobs using 'parallel' executor
[1.921s] DEBUG:colcon.colcon_parallel_executor.executor.parallel:run_until_complete
[1.922s] INFO:colcon.colcon_ros.task.ament_python.build:Building ROS package in '/home/pi/ros2_ws/src/basic_motors_and_sensors_ros2_v01C/basic_motors_and_sensors' with build type 'ament_python'
[1.923s] Level 1:colcon.colcon_core.shell:create_environment_hook('basic_motors_and_sensors', 'ament_prefix_path')
[1.947s] INFO:colcon.colcon_core.plugin_system:Skipping extension 'colcon_core.shell.bat': Not used on non-Windows systems
[1.948s] INFO:colcon.colcon_core.shell:Creating environment hook '/home/pi/ros2_ws/install/basic_motors_and_sensors/share/basic_motors_and_sensors/hook/ament_prefix_path.ps1'
[1.950s] INFO:colcon.colcon_core.shell:Creating environment descriptor '/home/pi/ros2_ws/install/basic_motors_and_sensors/share/basic_motors_and_sensors/hook/ament_prefix_path.dsv'
[1.952s] INFO:colcon.colcon_core.shell:Creating environment hook '/home/pi/ros2_ws/install/basic_motors_and_sensors/share/basic_motors_and_sensors/hook/ament_prefix_path.sh'
[1.955s] INFO:colcon.colcon_core.shell:Skip shell extension 'powershell' for command environment: Not usable outside of PowerShell
[1.955s] DEBUG:colcon.colcon_core.shell:Skip shell extension 'dsv' for command environment
[2.050s] INFO:colcon.colcon_ros.task.ament_python.build:Building ROS package in '/home/pi/ros2_ws/src/i2c_sensors_ros2/i2c_sensors' with build type 'ament_python'
[2.051s] Level 1:colcon.colcon_core.shell:create_environment_hook('i2c_sensors', 'ament_prefix_path')
[2.052s] INFO:colcon.colcon_core.shell:Creating environment hook '/home/pi/ros2_ws/install/i2c_sensors/share/i2c_sensors/hook/ament_prefix_path.ps1'
[2.055s] INFO:colcon.colcon_core.shell:Creating environment descriptor '/home/pi/ros2_ws/install/i2c_sensors/share/i2c_sensors/hook/ament_prefix_path.dsv'
[2.057s] INFO:colcon.colcon_core.shell:Creating environment hook '/home/pi/ros2_ws/install/i2c_sensors/share/i2c_sensors/hook/ament_prefix_path.sh'
[2.061s] INFO:colcon.colcon_core.shell:Skip shell extension 'powershell' for command environment: Not usable outside of PowerShell
[2.062s] DEBUG:colcon.colcon_core.shell:Skip shell extension 'dsv' for command environment
[2.159s] INFO:colcon.colcon_ros.task.ament_python.build:Building ROS package in '/home/pi/ros2_ws/src/simple_motors' with build type 'ament_python'
[2.160s] Level 1:colcon.colcon_core.shell:create_environment_hook('simple_motors', 'ament_prefix_path')
[2.161s] INFO:colcon.colcon_core.shell:Creating environment hook '/home/pi/ros2_ws/install/simple_motors/share/simple_motors/hook/ament_prefix_path.ps1'
[2.164s] INFO:colcon.colcon_core.shell:Creating environment descriptor '/home/pi/ros2_ws/install/simple_motors/share/simple_motors/hook/ament_prefix_path.dsv'
[2.165s] INFO:colcon.colcon_core.shell:Creating environment hook '/home/pi/ros2_ws/install/simple_motors/share/simple_motors/hook/ament_prefix_path.sh'
[2.167s] INFO:colcon.colcon_core.shell:Skip shell extension 'powershell' for command environment: Not usable outside of PowerShell
[2.168s] DEBUG:colcon.colcon_core.shell:Skip shell extension 'dsv' for command environment
[4.737s] INFO:colcon.colcon_core.task.python.build:Building Python package in '/home/pi/ros2_ws/src/basic_motors_and_sensors_ros2_v01C/basic_motors_and_sensors'
[4.738s] INFO:colcon.colcon_core.shell:Skip shell extension 'powershell' for command environment: Not usable outside of PowerShell
[4.738s] DEBUG:colcon.colcon_core.shell:Skip shell extension 'dsv' for command environment
[7.256s] INFO:colcon.colcon_core.task.python.build:Building Python package in '/home/pi/ros2_ws/src/i2c_sensors_ros2/i2c_sensors'
[7.257s] INFO:colcon.colcon_core.shell:Skip shell extension 'powershell' for command environment: Not usable outside of PowerShell
[7.257s] DEBUG:colcon.colcon_core.shell:Skip shell extension 'dsv' for command environment
[9.776s] INFO:colcon.colcon_core.task.python.build:Building Python package in '/home/pi/ros2_ws/src/simple_motors'
[9.777s] INFO:colcon.colcon_core.shell:Skip shell extension 'powershell' for command environment: Not usable outside of PowerShell
[9.777s] DEBUG:colcon.colcon_core.shell:Skip shell extension 'dsv' for command environment
[19.168s] DEBUG:colcon.colcon_core.event_handler.log_command:Invoking command in '/home/pi/ros2_ws/src/i2c_sensors_ros2/i2c_sensors': PYTHONPATH=/home/pi/ros2_ws/build/i2c_sensors/prefix_override:/usr/lib/python3/dist-packages/colcon_core/task/python/colcon_distutils_commands:/home/pi/ros2_ws/install/i2c_sensors/lib/python3.11/site-packages:${PYTHONPATH} /usr/bin/python3 -W ignore:setup.py install is deprecated setup.py egg_info --egg-base ../../../build/i2c_sensors build --build-base /home/pi/ros2_ws/build/i2c_sensors/build install --record /home/pi/ros2_ws/build/i2c_sensors/install.log --single-version-externally-managed install_data
[19.247s] DEBUG:colcon.colcon_core.event_handler.log_command:Invoking command in '/home/pi/ros2_ws/src/basic_motors_and_sensors_ros2_v01C/basic_motors_and_sensors': PYTHONPATH=/home/pi/ros2_ws/build/basic_motors_and_sensors/prefix_override:/usr/lib/python3/dist-packages/colcon_core/task/python/colcon_distutils_commands:/home/pi/ros2_ws/install/basic_motors_and_sensors/lib/python3.11/site-packages:${PYTHONPATH} /usr/bin/python3 -W ignore:setup.py install is deprecated setup.py egg_info --egg-base ../../../build/basic_motors_and_sensors build --build-base /home/pi/ros2_ws/build/basic_motors_and_sensors/build install --record /home/pi/ros2_ws/build/basic_motors_and_sensors/install.log --single-version-externally-managed install_data
[19.340s] DEBUG:colcon.colcon_core.event_handler.log_command:Invoking command in '/home/pi/ros2_ws/src/simple_motors': PYTHONPATH=/home/pi/ros2_ws/build/simple_motors/prefix_override:/usr/lib/python3/dist-packages/colcon_core/task/python/colcon_distutils_commands:/home/pi/ros2_ws/install/simple_motors/lib/python3.11/site-packages:${PYTHONPATH} /usr/bin/python3 -W ignore:setup.py install is deprecated setup.py egg_info --egg-base ../../build/simple_motors build --build-base /home/pi/ros2_ws/build/simple_motors/build install --record /home/pi/ros2_ws/build/simple_motors/install.log --single-version-externally-managed install_data
[26.724s] DEBUG:colcon.colcon_core.event_handler.log_command:Invoked command in '/home/pi/ros2_ws/src/i2c_sensors_ros2/i2c_sensors' returned '0': PYTHONPATH=/home/pi/ros2_ws/build/i2c_sensors/prefix_override:/usr/lib/python3/dist-packages/colcon_core/task/python/colcon_distutils_commands:/home/pi/ros2_ws/install/i2c_sensors/lib/python3.11/site-packages:${PYTHONPATH} /usr/bin/python3 -W ignore:setup.py install is deprecated setup.py egg_info --egg-base ../../../build/i2c_sensors build --build-base /home/pi/ros2_ws/build/i2c_sensors/build install --record /home/pi/ros2_ws/build/i2c_sensors/install.log --single-version-externally-managed install_data
[26.762s] Level 1:colcon.colcon_core.environment:checking '/home/pi/ros2_ws/install/i2c_sensors' for CMake module files
[26.764s] Level 1:colcon.colcon_core.environment:checking '/home/pi/ros2_ws/install/i2c_sensors' for CMake config files
[26.768s] Level 1:colcon.colcon_core.environment:checking '/home/pi/ros2_ws/install/i2c_sensors/lib'
[26.769s] Level 1:colcon.colcon_core.environment:checking '/home/pi/ros2_ws/install/i2c_sensors/bin'
[26.769s] Level 1:colcon.colcon_core.environment:checking '/home/pi/ros2_ws/install/i2c_sensors/lib/pkgconfig/i2c_sensors.pc'
[26.771s] Level 1:colcon.colcon_core.environment:checking '/home/pi/ros2_ws/install/i2c_sensors/lib/python3.11/site-packages'
[26.771s] Level 1:colcon.colcon_core.shell:create_environment_hook('i2c_sensors', 'pythonpath')
[26.773s] INFO:colcon.colcon_core.shell:Creating environment hook '/home/pi/ros2_ws/install/i2c_sensors/share/i2c_sensors/hook/pythonpath.ps1'
[26.775s] INFO:colcon.colcon_core.shell:Creating environment descriptor '/home/pi/ros2_ws/install/i2c_sensors/share/i2c_sensors/hook/pythonpath.dsv'
[26.778s] INFO:colcon.colcon_core.shell:Creating environment hook '/home/pi/ros2_ws/install/i2c_sensors/share/i2c_sensors/hook/pythonpath.sh'
[26.781s] Level 1:colcon.colcon_core.environment:checking '/home/pi/ros2_ws/install/i2c_sensors/bin'
[26.781s] Level 1:colcon.colcon_core.environment:create_environment_scripts_only(i2c_sensors)
[26.783s] INFO:colcon.colcon_core.shell:Creating package script '/home/pi/ros2_ws/install/i2c_sensors/share/i2c_sensors/package.ps1'
[26.787s] INFO:colcon.colcon_core.shell:Creating package descriptor '/home/pi/ros2_ws/install/i2c_sensors/share/i2c_sensors/package.dsv'
[26.790s] INFO:colcon.colcon_core.shell:Creating package script '/home/pi/ros2_ws/install/i2c_sensors/share/i2c_sensors/package.sh'
[26.793s] INFO:colcon.colcon_core.shell:Creating package script '/home/pi/ros2_ws/install/i2c_sensors/share/i2c_sensors/package.bash'
[26.795s] INFO:colcon.colcon_core.shell:Creating package script '/home/pi/ros2_ws/install/i2c_sensors/share/i2c_sensors/package.zsh'
[26.799s] Level 1:colcon.colcon_core.environment:create_file_with_runtime_dependencies(/home/pi/ros2_ws/install/i2c_sensors/share/colcon-core/packages/i2c_sensors)
[26.804s] Level 1:colcon.colcon_core.environment:checking '/home/pi/ros2_ws/install/simple_motors' for CMake module files
[26.807s] Level 1:colcon.colcon_core.environment:checking '/home/pi/ros2_ws/install/simple_motors' for CMake config files
[26.808s] DEBUG:colcon.colcon_core.event_handler.log_command:Invoked command in '/home/pi/ros2_ws/src/simple_motors' returned '0': PYTHONPATH=/home/pi/ros2_ws/build/simple_motors/prefix_override:/usr/lib/python3/dist-packages/colcon_core/task/python/colcon_distutils_commands:/home/pi/ros2_ws/install/simple_motors/lib/python3.11/site-packages:${PYTHONPATH} /usr/bin/python3 -W ignore:setup.py install is deprecated setup.py egg_info --egg-base ../../build/simple_motors build --build-base /home/pi/ros2_ws/build/simple_motors/build install --record /home/pi/ros2_ws/build/simple_motors/install.log --single-version-externally-managed install_data
[26.810s] Level 1:colcon.colcon_core.environment:checking '/home/pi/ros2_ws/install/simple_motors/lib'
[26.810s] Level 1:colcon.colcon_core.environment:checking '/home/pi/ros2_ws/install/simple_motors/bin'
[26.810s] Level 1:colcon.colcon_core.environment:checking '/home/pi/ros2_ws/install/simple_motors/lib/pkgconfig/simple_motors.pc'
[26.811s] Level 1:colcon.colcon_core.environment:checking '/home/pi/ros2_ws/install/simple_motors/lib/python3.11/site-packages'
[26.812s] Level 1:colcon.colcon_core.shell:create_environment_hook('simple_motors', 'pythonpath')
[26.813s] INFO:colcon.colcon_core.shell:Creating environment hook '/home/pi/ros2_ws/install/simple_motors/share/simple_motors/hook/pythonpath.ps1'
[26.814s] INFO:colcon.colcon_core.shell:Creating environment descriptor '/home/pi/ros2_ws/install/simple_motors/share/simple_motors/hook/pythonpath.dsv'
[26.819s] INFO:colcon.colcon_core.shell:Creating environment hook '/home/pi/ros2_ws/install/simple_motors/share/simple_motors/hook/pythonpath.sh'
[26.821s] Level 1:colcon.colcon_core.environment:checking '/home/pi/ros2_ws/install/simple_motors/bin'
[26.822s] Level 1:colcon.colcon_core.environment:create_environment_scripts_only(simple_motors)
[26.824s] INFO:colcon.colcon_core.shell:Creating package script '/home/pi/ros2_ws/install/simple_motors/share/simple_motors/package.ps1'
[26.828s] INFO:colcon.colcon_core.shell:Creating package descriptor '/home/pi/ros2_ws/install/simple_motors/share/simple_motors/package.dsv'
[26.832s] INFO:colcon.colcon_core.shell:Creating package script '/home/pi/ros2_ws/install/simple_motors/share/simple_motors/package.sh'
[26.836s] INFO:colcon.colcon_core.shell:Creating package script '/home/pi/ros2_ws/install/simple_motors/share/simple_motors/package.bash'
[26.841s] INFO:colcon.colcon_core.shell:Creating package script '/home/pi/ros2_ws/install/simple_motors/share/simple_motors/package.zsh'
[26.844s] Level 1:colcon.colcon_core.environment:create_file_with_runtime_dependencies(/home/pi/ros2_ws/install/simple_motors/share/colcon-core/packages/simple_motors)
[27.069s] Level 1:colcon.colcon_core.environment:checking '/home/pi/ros2_ws/install/basic_motors_and_sensors' for CMake module files
[27.071s] DEBUG:colcon.colcon_core.event_handler.log_command:Invoked command in '/home/pi/ros2_ws/src/basic_motors_and_sensors_ros2_v01C/basic_motors_and_sensors' returned '0': PYTHONPATH=/home/pi/ros2_ws/build/basic_motors_and_sensors/prefix_override:/usr/lib/python3/dist-packages/colcon_core/task/python/colcon_distutils_commands:/home/pi/ros2_ws/install/basic_motors_and_sensors/lib/python3.11/site-packages:${PYTHONPATH} /usr/bin/python3 -W ignore:setup.py install is deprecated setup.py egg_info --egg-base ../../../build/basic_motors_and_sensors build --build-base /home/pi/ros2_ws/build/basic_motors_and_sensors/build install --record /home/pi/ros2_ws/build/basic_motors_and_sensors/install.log --single-version-externally-managed install_data
[27.072s] Level 1:colcon.colcon_core.environment:checking '/home/pi/ros2_ws/install/basic_motors_and_sensors' for CMake config files
[27.074s] Level 1:colcon.colcon_core.environment:checking '/home/pi/ros2_ws/install/basic_motors_and_sensors/lib'
[27.074s] Level 1:colcon.colcon_core.environment:checking '/home/pi/ros2_ws/install/basic_motors_and_sensors/bin'
[27.075s] Level 1:colcon.colcon_core.environment:checking '/home/pi/ros2_ws/install/basic_motors_and_sensors/lib/pkgconfig/basic_motors_and_sensors.pc'
[27.075s] Level 1:colcon.colcon_core.environment:checking '/home/pi/ros2_ws/install/basic_motors_and_sensors/lib/python3.11/site-packages'
[27.076s] Level 1:colcon.colcon_core.shell:create_environment_hook('basic_motors_and_sensors', 'pythonpath')
[27.077s] INFO:colcon.colcon_core.shell:Creating environment hook '/home/pi/ros2_ws/install/basic_motors_and_sensors/share/basic_motors_and_sensors/hook/pythonpath.ps1'
[27.078s] INFO:colcon.colcon_core.shell:Creating environment descriptor '/home/pi/ros2_ws/install/basic_motors_and_sensors/share/basic_motors_and_sensors/hook/pythonpath.dsv'
[27.080s] INFO:colcon.colcon_core.shell:Creating environment hook '/home/pi/ros2_ws/install/basic_motors_and_sensors/share/basic_motors_and_sensors/hook/pythonpath.sh'
[27.082s] Level 1:colcon.colcon_core.environment:checking '/home/pi/ros2_ws/install/basic_motors_and_sensors/bin'
[27.082s] Level 1:colcon.colcon_core.environment:create_environment_scripts_only(basic_motors_and_sensors)
[27.084s] INFO:colcon.colcon_core.shell:Creating package script '/home/pi/ros2_ws/install/basic_motors_and_sensors/share/basic_motors_and_sensors/package.ps1'
[27.085s] INFO:colcon.colcon_core.shell:Creating package descriptor '/home/pi/ros2_ws/install/basic_motors_and_sensors/share/basic_motors_and_sensors/package.dsv'
[27.087s] INFO:colcon.colcon_core.shell:Creating package script '/home/pi/ros2_ws/install/basic_motors_and_sensors/share/basic_motors_and_sensors/package.sh'
[27.089s] INFO:colcon.colcon_core.shell:Creating package script '/home/pi/ros2_ws/install/basic_motors_and_sensors/share/basic_motors_and_sensors/package.bash'
[27.090s] INFO:colcon.colcon_core.shell:Creating package script '/home/pi/ros2_ws/install/basic_motors_and_sensors/share/basic_motors_and_sensors/package.zsh'
[27.091s] Level 1:colcon.colcon_core.environment:create_file_with_runtime_dependencies(/home/pi/ros2_ws/install/basic_motors_and_sensors/share/colcon-core/packages/basic_motors_and_sensors)
[27.092s] DEBUG:colcon.colcon_parallel_executor.executor.parallel:closing loop
[27.093s] DEBUG:colcon.colcon_parallel_executor.executor.parallel:loop closed
[27.093s] DEBUG:colcon.colcon_parallel_executor.executor.parallel:run_until_complete finished with '0'
[27.093s] DEBUG:colcon.colcon_core.event_reactor:joining thread
[27.149s] INFO:colcon.colcon_core.plugin_system:Skipping extension 'colcon_notification.desktop_notification.notify_send': Could not find 'notify-send'
[27.149s] INFO:colcon.colcon_core.plugin_system:Skipping extension 'colcon_notification.desktop_notification.terminal_notifier': Not used on non-Darwin systems
[27.149s] INFO:colcon.colcon_core.plugin_system:Skipping extension 'colcon_notification.desktop_notification.win32': Not used on non-Windows systems
[27.150s] INFO:colcon.colcon_notification.desktop_notification:Sending desktop notification using 'notify2'
[27.153s] DEBUG:colcon.colcon_notification.desktop_notification.notify2:Failed to initialize notify2: org.freedesktop.DBus.Error.ServiceUnknown: The name org.freedesktop.Notifications was not provided by any .service files
[27.153s] DEBUG:colcon.colcon_core.event_reactor:joined thread
[27.154s] INFO:colcon.colcon_core.shell:Creating prefix script '/home/pi/ros2_ws/install/local_setup.ps1'
[27.157s] INFO:colcon.colcon_core.shell:Creating prefix util module '/home/pi/ros2_ws/install/_local_setup_util_ps1.py'
[27.161s] INFO:colcon.colcon_core.shell:Creating prefix chain script '/home/pi/ros2_ws/install/setup.ps1'
[27.209s] INFO:colcon.colcon_core.shell:Creating prefix script '/home/pi/ros2_ws/install/local_setup.sh'
[27.211s] INFO:colcon.colcon_core.shell:Creating prefix util module '/home/pi/ros2_ws/install/_local_setup_util_sh.py'
[27.213s] INFO:colcon.colcon_core.shell:Creating prefix chain script '/home/pi/ros2_ws/install/setup.sh'
[27.262s] INFO:colcon.colcon_core.shell:Creating prefix script '/home/pi/ros2_ws/install/local_setup.bash'
[27.264s] INFO:colcon.colcon_core.shell:Creating prefix chain script '/home/pi/ros2_ws/install/setup.bash'
[27.313s] INFO:colcon.colcon_core.shell:Creating prefix script '/home/pi/ros2_ws/install/local_setup.zsh'
[27.314s] INFO:colcon.colcon_core.shell:Creating prefix chain script '/home/pi/ros2_ws/install/setup.zsh'
