[17.051s] Invoking command in '/home/pi/ros2_ws/src/basic_motors_and_sensors_ros2_v01C/basic_motors_and_sensors': PYTHONPATH=/home/pi/ros2_ws/build/basic_motors_and_sensors/prefix_override:/usr/lib/python3/dist-packages/colcon_core/task/python/colcon_distutils_commands:/home/pi/ros2_ws/install/basic_motors_and_sensors/lib/python3.11/site-packages:${PYTHONPATH} /usr/bin/python3 -W ignore:setup.py install is deprecated setup.py egg_info --egg-base ../../../build/basic_motors_and_sensors build --build-base /home/pi/ros2_ws/build/basic_motors_and_sensors/build install --record /home/pi/ros2_ws/build/basic_motors_and_sensors/install.log --single-version-externally-managed install_data
[19.144s] /usr/local/lib/python3.11/dist-packages/setuptools/_distutils/dist.py:261: UserWarning: Unknown distribution option: 'tests_require'
[19.145s]   warnings.warn(msg)
[20.929s] running egg_info
[21.190s] writing ../../../build/basic_motors_and_sensors/basic_motors_and_sensors.egg-info/PKG-INFO
[21.191s] writing dependency_links to ../../../build/basic_motors_and_sensors/basic_motors_and_sensors.egg-info/dependency_links.txt
[21.192s] writing entry points to ../../../build/basic_motors_and_sensors/basic_motors_and_sensors.egg-info/entry_points.txt
[21.193s] writing requirements to ../../../build/basic_motors_and_sensors/basic_motors_and_sensors.egg-info/requires.txt
[21.195s] writing top-level names to ../../../build/basic_motors_and_sensors/basic_motors_and_sensors.egg-info/top_level.txt
[21.731s] reading manifest file '../../../build/basic_motors_and_sensors/basic_motors_and_sensors.egg-info/SOURCES.txt'
[21.733s] adding license file 'LICENSE'
[21.738s] writing manifest file '../../../build/basic_motors_and_sensors/basic_motors_and_sensors.egg-info/SOURCES.txt'
[21.739s] running build
[21.739s] running build_py
[21.741s] copying basic_motors_and_sensors/motor_executor.py -> /home/pi/ros2_ws/build/basic_motors_and_sensors/build/lib/basic_motors_and_sensors
[21.742s] copying basic_motors_and_sensors/sensors_processor.py -> /home/pi/ros2_ws/build/basic_motors_and_sensors/build/lib/basic_motors_and_sensors
[21.743s] copying basic_motors_and_sensors/encoders_node.py -> /home/pi/ros2_ws/build/basic_motors_and_sensors/build/lib/basic_motors_and_sensors
[21.746s] copying basic_motors_and_sensors/sensors_to_motor_command_node.py -> /home/pi/ros2_ws/build/basic_motors_and_sensors/build/lib/basic_motors_and_sensors
[21.747s] running install
[21.775s] running install_lib
[22.034s] copying /home/pi/ros2_ws/build/basic_motors_and_sensors/build/lib/basic_motors_and_sensors/sensors_to_motor_command_node.py -> /home/pi/ros2_ws/install/basic_motors_and_sensors/lib/python3.11/site-packages/basic_motors_and_sensors
[22.047s] byte-compiling /home/pi/ros2_ws/install/basic_motors_and_sensors/lib/python3.11/site-packages/basic_motors_and_sensors/sensors_to_motor_command_node.py to sensors_to_motor_command_node.cpython-311.pyc
[22.050s] running install_data
[22.051s] running install_egg_info
[22.444s] removing '/home/pi/ros2_ws/install/basic_motors_and_sensors/lib/python3.11/site-packages/basic_motors_and_sensors-0.0.0-py3.11.egg-info' (and everything under it)
[22.444s] Copying ../../../build/basic_motors_and_sensors/basic_motors_and_sensors.egg-info to /home/pi/ros2_ws/install/basic_motors_and_sensors/lib/python3.11/site-packages/basic_motors_and_sensors-0.0.0-py3.11.egg-info
[22.454s] running install_scripts
[24.664s] Installing encoders_node script to /home/pi/ros2_ws/install/basic_motors_and_sensors/lib/basic_motors_and_sensors
[24.665s] Installing motor_commander script to /home/pi/ros2_ws/install/basic_motors_and_sensors/lib/basic_motors_and_sensors
[24.666s] Installing motor_executor script to /home/pi/ros2_ws/install/basic_motors_and_sensors/lib/basic_motors_and_sensors
[24.667s] Installing sensors_node script to /home/pi/ros2_ws/install/basic_motors_and_sensors/lib/basic_motors_and_sensors
[24.668s] Installing sensors_processor script to /home/pi/ros2_ws/install/basic_motors_and_sensors/lib/basic_motors_and_sensors
[24.669s] Installing sensors_to_motor script to /home/pi/ros2_ws/install/basic_motors_and_sensors/lib/basic_motors_and_sensors
[24.672s] writing list of installed files to '/home/pi/ros2_ws/build/basic_motors_and_sensors/install.log'
[24.870s] Invoked command in '/home/pi/ros2_ws/src/basic_motors_and_sensors_ros2_v01C/basic_motors_and_sensors' returned '0': PYTHONPATH=/home/pi/ros2_ws/build/basic_motors_and_sensors/prefix_override:/usr/lib/python3/dist-packages/colcon_core/task/python/colcon_distutils_commands:/home/pi/ros2_ws/install/basic_motors_and_sensors/lib/python3.11/site-packages:${PYTHONPATH} /usr/bin/python3 -W ignore:setup.py install is deprecated setup.py egg_info --egg-base ../../../build/basic_motors_and_sensors build --build-base /home/pi/ros2_ws/build/basic_motors_and_sensors/build install --record /home/pi/ros2_ws/build/basic_motors_and_sensors/install.log --single-version-externally-managed install_data
