[17.807s] Invoking command in '/home/pi/ros2_ws/src/basic_motors_and_sensors_ros2_v01C/basic_motors_and_sensors': PYTHONPATH=/home/pi/ros2_ws/src/build/basic_motors_and_sensors/prefix_override:/usr/lib/python3/dist-packages/colcon_core/task/python/colcon_distutils_commands:/home/pi/ros2_ws/src/install/basic_motors_and_sensors/lib/python3.11/site-packages:${PYTHONPATH} /usr/bin/python3 -W ignore:setup.py install is deprecated setup.py egg_info --egg-base ../../build/basic_motors_and_sensors build --build-base /home/pi/ros2_ws/src/build/basic_motors_and_sensors/build install --record /home/pi/ros2_ws/src/build/basic_motors_and_sensors/install.log --single-version-externally-managed install_data
[20.170s] /usr/local/lib/python3.11/dist-packages/setuptools/_distutils/dist.py:261: UserWarning: Unknown distribution option: 'tests_require'
[20.171s]   warnings.warn(msg)
[21.997s] running egg_info
[21.999s] creating ../../build/basic_motors_and_sensors/basic_motors_and_sensors.egg-info
[22.261s] writing ../../build/basic_motors_and_sensors/basic_motors_and_sensors.egg-info/PKG-INFO
[22.269s] writing dependency_links to ../../build/basic_motors_and_sensors/basic_motors_and_sensors.egg-info/dependency_links.txt
[22.269s] writing entry points to ../../build/basic_motors_and_sensors/basic_motors_and_sensors.egg-info/entry_points.txt
[22.271s] writing requirements to ../../build/basic_motors_and_sensors/basic_motors_and_sensors.egg-info/requires.txt
[22.272s] writing top-level names to ../../build/basic_motors_and_sensors/basic_motors_and_sensors.egg-info/top_level.txt
[22.272s] writing manifest file '../../build/basic_motors_and_sensors/basic_motors_and_sensors.egg-info/SOURCES.txt'
[22.821s] reading manifest file '../../build/basic_motors_and_sensors/basic_motors_and_sensors.egg-info/SOURCES.txt'
[22.822s] adding license file 'LICENSE'
[22.827s] writing manifest file '../../build/basic_motors_and_sensors/basic_motors_and_sensors.egg-info/SOURCES.txt'
[22.828s] running build
[22.829s] running build_py
[22.832s] creating /home/pi/ros2_ws/src/build/basic_motors_and_sensors/build
[22.834s] creating /home/pi/ros2_ws/src/build/basic_motors_and_sensors/build/lib
[22.834s] creating /home/pi/ros2_ws/src/build/basic_motors_and_sensors/build/lib/basic_motors_and_sensors
[22.835s] copying basic_motors_and_sensors/raw_sensors_debug.py -> /home/pi/ros2_ws/src/build/basic_motors_and_sensors/build/lib/basic_motors_and_sensors
[22.836s] copying basic_motors_and_sensors/motor_commander.py -> /home/pi/ros2_ws/src/build/basic_motors_and_sensors/build/lib/basic_motors_and_sensors
[22.836s] copying basic_motors_and_sensors/motor_demo.py -> /home/pi/ros2_ws/src/build/basic_motors_and_sensors/build/lib/basic_motors_and_sensors
[22.837s] copying basic_motors_and_sensors/plot_demo.py -> /home/pi/ros2_ws/src/build/basic_motors_and_sensors/build/lib/basic_motors_and_sensors
[22.838s] copying basic_motors_and_sensors/run_motors.py -> /home/pi/ros2_ws/src/build/basic_motors_and_sensors/build/lib/basic_motors_and_sensors
[22.839s] copying basic_motors_and_sensors/motor_executor.py -> /home/pi/ros2_ws/src/build/basic_motors_and_sensors/build/lib/basic_motors_and_sensors
[22.840s] copying basic_motors_and_sensors/sensors_processor.py -> /home/pi/ros2_ws/src/build/basic_motors_and_sensors/build/lib/basic_motors_and_sensors
[22.842s] copying basic_motors_and_sensors/__init__.py -> /home/pi/ros2_ws/src/build/basic_motors_and_sensors/build/lib/basic_motors_and_sensors
[22.843s] copying basic_motors_and_sensors/sensors_node.py -> /home/pi/ros2_ws/src/build/basic_motors_and_sensors/build/lib/basic_motors_and_sensors
[22.845s] copying basic_motors_and_sensors/encoders_node.py -> /home/pi/ros2_ws/src/build/basic_motors_and_sensors/build/lib/basic_motors_and_sensors
[22.847s] copying basic_motors_and_sensors/sensors_to_motor_command_node.py -> /home/pi/ros2_ws/src/build/basic_motors_and_sensors/build/lib/basic_motors_and_sensors
[22.848s] running install
[22.882s] running install_lib
[23.141s] creating /home/pi/ros2_ws/src/install/basic_motors_and_sensors/lib/python3.11/site-packages/basic_motors_and_sensors
[23.142s] copying /home/pi/ros2_ws/src/build/basic_motors_and_sensors/build/lib/basic_motors_and_sensors/raw_sensors_debug.py -> /home/pi/ros2_ws/src/install/basic_motors_and_sensors/lib/python3.11/site-packages/basic_motors_and_sensors
[23.143s] copying /home/pi/ros2_ws/src/build/basic_motors_and_sensors/build/lib/basic_motors_and_sensors/motor_commander.py -> /home/pi/ros2_ws/src/install/basic_motors_and_sensors/lib/python3.11/site-packages/basic_motors_and_sensors
[23.143s] copying /home/pi/ros2_ws/src/build/basic_motors_and_sensors/build/lib/basic_motors_and_sensors/motor_demo.py -> /home/pi/ros2_ws/src/install/basic_motors_and_sensors/lib/python3.11/site-packages/basic_motors_and_sensors
[23.144s] copying /home/pi/ros2_ws/src/build/basic_motors_and_sensors/build/lib/basic_motors_and_sensors/plot_demo.py -> /home/pi/ros2_ws/src/install/basic_motors_and_sensors/lib/python3.11/site-packages/basic_motors_and_sensors
[23.146s] copying /home/pi/ros2_ws/src/build/basic_motors_and_sensors/build/lib/basic_motors_and_sensors/run_motors.py -> /home/pi/ros2_ws/src/install/basic_motors_and_sensors/lib/python3.11/site-packages/basic_motors_and_sensors
[23.147s] copying /home/pi/ros2_ws/src/build/basic_motors_and_sensors/build/lib/basic_motors_and_sensors/motor_executor.py -> /home/pi/ros2_ws/src/install/basic_motors_and_sensors/lib/python3.11/site-packages/basic_motors_and_sensors
[23.149s] copying /home/pi/ros2_ws/src/build/basic_motors_and_sensors/build/lib/basic_motors_and_sensors/sensors_processor.py -> /home/pi/ros2_ws/src/install/basic_motors_and_sensors/lib/python3.11/site-packages/basic_motors_and_sensors
[23.149s] copying /home/pi/ros2_ws/src/build/basic_motors_and_sensors/build/lib/basic_motors_and_sensors/__init__.py -> /home/pi/ros2_ws/src/install/basic_motors_and_sensors/lib/python3.11/site-packages/basic_motors_and_sensors
[23.150s] copying /home/pi/ros2_ws/src/build/basic_motors_and_sensors/build/lib/basic_motors_and_sensors/sensors_node.py -> /home/pi/ros2_ws/src/install/basic_motors_and_sensors/lib/python3.11/site-packages/basic_motors_and_sensors
[23.151s] copying /home/pi/ros2_ws/src/build/basic_motors_and_sensors/build/lib/basic_motors_and_sensors/encoders_node.py -> /home/pi/ros2_ws/src/install/basic_motors_and_sensors/lib/python3.11/site-packages/basic_motors_and_sensors
[23.151s] copying /home/pi/ros2_ws/src/build/basic_motors_and_sensors/build/lib/basic_motors_and_sensors/sensors_to_motor_command_node.py -> /home/pi/ros2_ws/src/install/basic_motors_and_sensors/lib/python3.11/site-packages/basic_motors_and_sensors
[23.163s] byte-compiling /home/pi/ros2_ws/src/install/basic_motors_and_sensors/lib/python3.11/site-packages/basic_motors_and_sensors/raw_sensors_debug.py to raw_sensors_debug.cpython-311.pyc
[23.171s] byte-compiling /home/pi/ros2_ws/src/install/basic_motors_and_sensors/lib/python3.11/site-packages/basic_motors_and_sensors/motor_commander.py to motor_commander.cpython-311.pyc
[23.175s] byte-compiling /home/pi/ros2_ws/src/install/basic_motors_and_sensors/lib/python3.11/site-packages/basic_motors_and_sensors/motor_demo.py to motor_demo.cpython-311.pyc
[23.186s] byte-compiling /home/pi/ros2_ws/src/install/basic_motors_and_sensors/lib/python3.11/site-packages/basic_motors_and_sensors/plot_demo.py to plot_demo.cpython-311.pyc
[23.187s] byte-compiling /home/pi/ros2_ws/src/install/basic_motors_and_sensors/lib/python3.11/site-packages/basic_motors_and_sensors/run_motors.py to run_motors.cpython-311.pyc
[23.187s] byte-compiling /home/pi/ros2_ws/src/install/basic_motors_and_sensors/lib/python3.11/site-packages/basic_motors_and_sensors/motor_executor.py to motor_executor.cpython-311.pyc
[23.188s] byte-compiling /home/pi/ros2_ws/src/install/basic_motors_and_sensors/lib/python3.11/site-packages/basic_motors_and_sensors/sensors_processor.py to sensors_processor.cpython-311.pyc
[23.188s] byte-compiling /home/pi/ros2_ws/src/install/basic_motors_and_sensors/lib/python3.11/site-packages/basic_motors_and_sensors/__init__.py to __init__.cpython-311.pyc
[23.189s] byte-compiling /home/pi/ros2_ws/src/install/basic_motors_and_sensors/lib/python3.11/site-packages/basic_motors_and_sensors/sensors_node.py to sensors_node.cpython-311.pyc
[23.199s] byte-compiling /home/pi/ros2_ws/src/install/basic_motors_and_sensors/lib/python3.11/site-packages/basic_motors_and_sensors/encoders_node.py to encoders_node.cpython-311.pyc
[23.200s] byte-compiling /home/pi/ros2_ws/src/install/basic_motors_and_sensors/lib/python3.11/site-packages/basic_motors_and_sensors/sensors_to_motor_command_node.py to sensors_to_motor_command_node.cpython-311.pyc
[23.200s] running install_data
[23.200s] creating /home/pi/ros2_ws/src/install/basic_motors_and_sensors/share/ament_index
[23.201s] creating /home/pi/ros2_ws/src/install/basic_motors_and_sensors/share/ament_index/resource_index
[23.202s] creating /home/pi/ros2_ws/src/install/basic_motors_and_sensors/share/ament_index/resource_index/packages
[23.202s] copying resource/basic_motors_and_sensors -> /home/pi/ros2_ws/src/install/basic_motors_and_sensors/share/ament_index/resource_index/packages
[23.202s] copying package.xml -> /home/pi/ros2_ws/src/install/basic_motors_and_sensors/share/basic_motors_and_sensors
[23.203s] running install_egg_info
[23.488s] Copying ../../build/basic_motors_and_sensors/basic_motors_and_sensors.egg-info to /home/pi/ros2_ws/src/install/basic_motors_and_sensors/lib/python3.11/site-packages/basic_motors_and_sensors-0.0.0-py3.11.egg-info
[23.494s] running install_scripts
[25.543s] Installing encoders_node script to /home/pi/ros2_ws/src/install/basic_motors_and_sensors/lib/basic_motors_and_sensors
[25.544s] Installing motor_commander script to /home/pi/ros2_ws/src/install/basic_motors_and_sensors/lib/basic_motors_and_sensors
[25.548s] Installing motor_executor script to /home/pi/ros2_ws/src/install/basic_motors_and_sensors/lib/basic_motors_and_sensors
[25.549s] Installing sensors_node script to /home/pi/ros2_ws/src/install/basic_motors_and_sensors/lib/basic_motors_and_sensors
[25.552s] Installing sensors_processor script to /home/pi/ros2_ws/src/install/basic_motors_and_sensors/lib/basic_motors_and_sensors
[25.553s] writing list of installed files to '/home/pi/ros2_ws/src/build/basic_motors_and_sensors/install.log'
[25.951s] Invoked command in '/home/pi/ros2_ws/src/basic_motors_and_sensors_ros2_v01C/basic_motors_and_sensors' returned '0': PYTHONPATH=/home/pi/ros2_ws/src/build/basic_motors_and_sensors/prefix_override:/usr/lib/python3/dist-packages/colcon_core/task/python/colcon_distutils_commands:/home/pi/ros2_ws/src/install/basic_motors_and_sensors/lib/python3.11/site-packages:${PYTHONPATH} /usr/bin/python3 -W ignore:setup.py install is deprecated setup.py egg_info --egg-base ../../build/basic_motors_and_sensors build --build-base /home/pi/ros2_ws/src/build/basic_motors_and_sensors/build install --record /home/pi/ros2_ws/src/build/basic_motors_and_sensors/install.log --single-version-externally-managed install_data
