/usr/local/lib/python3.11/dist-packages/setuptools/_distutils/dist.py:261: UserWarning: Unknown distribution option: 'tests_require'
  warnings.warn(msg)
running egg_info
creating ../../../build/i2c_sensors/i2c_sensors.egg-info
writing ../../../build/i2c_sensors/i2c_sensors.egg-info/PKG-INFO
writing dependency_links to ../../../build/i2c_sensors/i2c_sensors.egg-info/dependency_links.txt
writing entry points to ../../../build/i2c_sensors/i2c_sensors.egg-info/entry_points.txt
writing requirements to ../../../build/i2c_sensors/i2c_sensors.egg-info/requires.txt
writing top-level names to ../../../build/i2c_sensors/i2c_sensors.egg-info/top_level.txt
writing manifest file '../../../build/i2c_sensors/i2c_sensors.egg-info/SOURCES.txt'
reading manifest file '../../../build/i2c_sensors/i2c_sensors.egg-info/SOURCES.txt'
adding license file 'LICENSE'
writing manifest file '../../../build/i2c_sensors/i2c_sensors.egg-info/SOURCES.txt'
running build
running build_py
creating /home/pi/ros2_ws/build/i2c_sensors/build
creating /home/pi/ros2_ws/build/i2c_sensors/build/lib
creating /home/pi/ros2_ws/build/i2c_sensors/build/lib/i2c_sensors
copying i2c_sensors/imu_mpu6050_node.py -> /home/pi/ros2_ws/build/i2c_sensors/build/lib/i2c_sensors
copying i2c_sensors/__init__.py -> /home/pi/ros2_ws/build/i2c_sensors/build/lib/i2c_sensors
copying i2c_sensors/mpu6050.py -> /home/pi/ros2_ws/build/i2c_sensors/build/lib/i2c_sensors
running install
running install_lib
creating /home/pi/ros2_ws/install/i2c_sensors/lib/python3.11/site-packages/i2c_sensors
copying /home/pi/ros2_ws/build/i2c_sensors/build/lib/i2c_sensors/imu_mpu6050_node.py -> /home/pi/ros2_ws/install/i2c_sensors/lib/python3.11/site-packages/i2c_sensors
copying /home/pi/ros2_ws/build/i2c_sensors/build/lib/i2c_sensors/__init__.py -> /home/pi/ros2_ws/install/i2c_sensors/lib/python3.11/site-packages/i2c_sensors
copying /home/pi/ros2_ws/build/i2c_sensors/build/lib/i2c_sensors/mpu6050.py -> /home/pi/ros2_ws/install/i2c_sensors/lib/python3.11/site-packages/i2c_sensors
byte-compiling /home/pi/ros2_ws/install/i2c_sensors/lib/python3.11/site-packages/i2c_sensors/imu_mpu6050_node.py to imu_mpu6050_node.cpython-311.pyc
byte-compiling /home/pi/ros2_ws/install/i2c_sensors/lib/python3.11/site-packages/i2c_sensors/__init__.py to __init__.cpython-311.pyc
byte-compiling /home/pi/ros2_ws/install/i2c_sensors/lib/python3.11/site-packages/i2c_sensors/mpu6050.py to mpu6050.cpython-311.pyc
running install_data
creating /home/pi/ros2_ws/install/i2c_sensors/share/ament_index
creating /home/pi/ros2_ws/install/i2c_sensors/share/ament_index/resource_index
creating /home/pi/ros2_ws/install/i2c_sensors/share/ament_index/resource_index/packages
copying resource/i2c_sensors -> /home/pi/ros2_ws/install/i2c_sensors/share/ament_index/resource_index/packages
copying package.xml -> /home/pi/ros2_ws/install/i2c_sensors/share/i2c_sensors
running install_egg_info
Copying ../../../build/i2c_sensors/i2c_sensors.egg-info to /home/pi/ros2_ws/install/i2c_sensors/lib/python3.11/site-packages/i2c_sensors-0.0.0-py3.11.egg-info
running install_scripts
Installing imu_mpu6050_node script to /home/pi/ros2_ws/install/i2c_sensors/lib/i2c_sensors
writing list of installed files to '/home/pi/ros2_ws/build/i2c_sensors/install.log'
