[1.010s] DEBUG:colcon:Command line arguments: ['/usr/bin/colcon', 'build']
[1.011s] DEBUG:colcon:Parsed command line arguments: Namespace(log_base=None, log_level=None, verb_name='build', build_base='build', install_base='install', merge_install=False, symlink_install=False, test_result_base=None, continue_on_error=False, executor='parallel', parallel_workers=4, event_handlers=None, ignore_user_meta=False, metas=['./colcon.meta'], base_paths=['.'], packages_ignore=None, packages_ignore_regex=None, paths=None, packages_up_to=None, packages_up_to_regex=None, packages_above=None, packages_above_and_dependencies=None, packages_above_depth=None, packages_select_by_dep=None, packages_skip_by_dep=None, packages_skip_up_to=None, packages_select_build_failed=False, packages_skip_build_finished=False, packages_select_test_failures=False, packages_skip_test_passed=False, packages_select=None, packages_skip=None, packages_select_regex=None, packages_skip_regex=None, packages_start=None, packages_end=None, allow_overriding=[], cmake_args=None, cmake_target=None, cmake_target_skip_unavailable=False, cmake_clean_cache=False, cmake_clean_first=False, cmake_force_configure=False, ament_cmake_args=None, catkin_cmake_args=None, catkin_skip_building_tests=False, mixin_files=None, mixin=None, verb_parser=<colcon_mixin.mixin.mixin_argument.MixinArgumentDecorator object at 0x7f9ef62410>, verb_extension=<colcon_core.verb.build.BuildVerb object at 0x7f9ef60250>, main=<bound method BuildVerb.main of <colcon_core.verb.build.BuildVerb object at 0x7f9ef60250>>, mixin_verb=('build',))
[1.298s] Level 1:colcon.colcon_core.package_discovery:discover_packages(colcon_meta) check parameters
[1.298s] Level 1:colcon.colcon_core.package_discovery:discover_packages(recursive) check parameters
[1.299s] Level 1:colcon.colcon_core.package_discovery:discover_packages(ignore) check parameters
[1.299s] Level 1:colcon.colcon_core.package_discovery:discover_packages(path) check parameters
[1.299s] Level 1:colcon.colcon_core.package_discovery:discover_packages(colcon_meta) discover
[1.299s] Level 1:colcon.colcon_core.package_discovery:discover_packages(recursive) discover
[1.299s] INFO:colcon.colcon_core.package_discovery:Crawling recursively for packages in '/home/pi/ros2_ws'
[1.300s] Level 1:colcon.colcon_core.package_identification:_identify(.) by extensions ['ignore', 'ignore_ament_install']
[1.300s] Level 1:colcon.colcon_core.package_identification:_identify(.) by extension 'ignore'
[1.300s] Level 1:colcon.colcon_core.package_identification:_identify(.) by extension 'ignore_ament_install'
[1.300s] Level 1:colcon.colcon_core.package_identification:_identify(.) by extensions ['colcon_pkg']
[1.300s] Level 1:colcon.colcon_core.package_identification:_identify(.) by extension 'colcon_pkg'
[1.301s] Level 1:colcon.colcon_core.package_identification:_identify(.) by extensions ['colcon_meta']
[1.301s] Level 1:colcon.colcon_core.package_identification:_identify(.) by extension 'colcon_meta'
[1.301s] Level 1:colcon.colcon_core.package_identification:_identify(.) by extensions ['ros']
[1.301s] Level 1:colcon.colcon_core.package_identification:_identify(.) by extension 'ros'
[1.430s] Level 1:colcon.colcon_core.package_identification:_identify(.) by extensions ['cmake', 'python']
[1.430s] Level 1:colcon.colcon_core.package_identification:_identify(.) by extension 'cmake'
[1.430s] Level 1:colcon.colcon_core.package_identification:_identify(.) by extension 'python'
[1.430s] Level 1:colcon.colcon_core.package_identification:_identify(.) by extensions ['python_setup_py']
[1.430s] Level 1:colcon.colcon_core.package_identification:_identify(.) by extension 'python_setup_py'
[1.431s] Level 1:colcon.colcon_core.package_identification:_identify(build) by extensions ['ignore', 'ignore_ament_install']
[1.431s] Level 1:colcon.colcon_core.package_identification:_identify(build) by extension 'ignore'
[1.432s] Level 1:colcon.colcon_core.package_identification:_identify(build) ignored
[1.432s] Level 1:colcon.colcon_core.package_identification:_identify(install) by extensions ['ignore', 'ignore_ament_install']
[1.433s] Level 1:colcon.colcon_core.package_identification:_identify(install) by extension 'ignore'
[1.433s] Level 1:colcon.colcon_core.package_identification:_identify(install) ignored
[1.433s] Level 1:colcon.colcon_core.package_identification:_identify(log) by extensions ['ignore', 'ignore_ament_install']
[1.434s] Level 1:colcon.colcon_core.package_identification:_identify(log) by extension 'ignore'
[1.434s] Level 1:colcon.colcon_core.package_identification:_identify(log) ignored
[1.434s] Level 1:colcon.colcon_core.package_identification:_identify(src) by extensions ['ignore', 'ignore_ament_install']
[1.435s] Level 1:colcon.colcon_core.package_identification:_identify(src) by extension 'ignore'
[1.435s] Level 1:colcon.colcon_core.package_identification:_identify(src) by extension 'ignore_ament_install'
[1.435s] Level 1:colcon.colcon_core.package_identification:_identify(src) by extensions ['colcon_pkg']
[1.435s] Level 1:colcon.colcon_core.package_identification:_identify(src) by extension 'colcon_pkg'
[1.435s] Level 1:colcon.colcon_core.package_identification:_identify(src) by extensions ['colcon_meta']
[1.435s] Level 1:colcon.colcon_core.package_identification:_identify(src) by extension 'colcon_meta'
[1.436s] Level 1:colcon.colcon_core.package_identification:_identify(src) by extensions ['ros']
[1.436s] Level 1:colcon.colcon_core.package_identification:_identify(src) by extension 'ros'
[1.436s] Level 1:colcon.colcon_core.package_identification:_identify(src) by extensions ['cmake', 'python']
[1.436s] Level 1:colcon.colcon_core.package_identification:_identify(src) by extension 'cmake'
[1.436s] Level 1:colcon.colcon_core.package_identification:_identify(src) by extension 'python'
[1.436s] Level 1:colcon.colcon_core.package_identification:_identify(src) by extensions ['python_setup_py']
[1.436s] Level 1:colcon.colcon_core.package_identification:_identify(src) by extension 'python_setup_py'
[1.437s] Level 1:colcon.colcon_core.package_identification:_identify(src/basic_motors_and_sensors_ros2_v01C) by extensions ['ignore', 'ignore_ament_install']
[1.437s] Level 1:colcon.colcon_core.package_identification:_identify(src/basic_motors_and_sensors_ros2_v01C) by extension 'ignore'
[1.437s] Level 1:colcon.colcon_core.package_identification:_identify(src/basic_motors_and_sensors_ros2_v01C) by extension 'ignore_ament_install'
[1.437s] Level 1:colcon.colcon_core.package_identification:_identify(src/basic_motors_and_sensors_ros2_v01C) by extensions ['colcon_pkg']
[1.437s] Level 1:colcon.colcon_core.package_identification:_identify(src/basic_motors_and_sensors_ros2_v01C) by extension 'colcon_pkg'
[1.437s] Level 1:colcon.colcon_core.package_identification:_identify(src/basic_motors_and_sensors_ros2_v01C) by extensions ['colcon_meta']
[1.437s] Level 1:colcon.colcon_core.package_identification:_identify(src/basic_motors_and_sensors_ros2_v01C) by extension 'colcon_meta'
[1.438s] Level 1:colcon.colcon_core.package_identification:_identify(src/basic_motors_and_sensors_ros2_v01C) by extensions ['ros']
[1.438s] Level 1:colcon.colcon_core.package_identification:_identify(src/basic_motors_and_sensors_ros2_v01C) by extension 'ros'
[1.438s] Level 1:colcon.colcon_core.package_identification:_identify(src/basic_motors_and_sensors_ros2_v01C) by extensions ['cmake', 'python']
[1.438s] Level 1:colcon.colcon_core.package_identification:_identify(src/basic_motors_and_sensors_ros2_v01C) by extension 'cmake'
[1.438s] Level 1:colcon.colcon_core.package_identification:_identify(src/basic_motors_and_sensors_ros2_v01C) by extension 'python'
[1.438s] Level 1:colcon.colcon_core.package_identification:_identify(src/basic_motors_and_sensors_ros2_v01C) by extensions ['python_setup_py']
[1.438s] Level 1:colcon.colcon_core.package_identification:_identify(src/basic_motors_and_sensors_ros2_v01C) by extension 'python_setup_py'
[1.439s] Level 1:colcon.colcon_core.package_identification:_identify(src/basic_motors_and_sensors_ros2_v01C/basic_motors_and_sensors) by extensions ['ignore', 'ignore_ament_install']
[1.439s] Level 1:colcon.colcon_core.package_identification:_identify(src/basic_motors_and_sensors_ros2_v01C/basic_motors_and_sensors) by extension 'ignore'
[1.439s] Level 1:colcon.colcon_core.package_identification:_identify(src/basic_motors_and_sensors_ros2_v01C/basic_motors_and_sensors) by extension 'ignore_ament_install'
[1.439s] Level 1:colcon.colcon_core.package_identification:_identify(src/basic_motors_and_sensors_ros2_v01C/basic_motors_and_sensors) by extensions ['colcon_pkg']
[1.439s] Level 1:colcon.colcon_core.package_identification:_identify(src/basic_motors_and_sensors_ros2_v01C/basic_motors_and_sensors) by extension 'colcon_pkg'
[1.440s] Level 1:colcon.colcon_core.package_identification:_identify(src/basic_motors_and_sensors_ros2_v01C/basic_motors_and_sensors) by extensions ['colcon_meta']
[1.440s] Level 1:colcon.colcon_core.package_identification:_identify(src/basic_motors_and_sensors_ros2_v01C/basic_motors_and_sensors) by extension 'colcon_meta'
[1.440s] Level 1:colcon.colcon_core.package_identification:_identify(src/basic_motors_and_sensors_ros2_v01C/basic_motors_and_sensors) by extensions ['ros']
[1.440s] Level 1:colcon.colcon_core.package_identification:_identify(src/basic_motors_and_sensors_ros2_v01C/basic_motors_and_sensors) by extension 'ros'
[1.448s] DEBUG:colcon.colcon_core.package_identification:Package 'src/basic_motors_and_sensors_ros2_v01C/basic_motors_and_sensors' with type 'ros.ament_python' and name 'basic_motors_and_sensors'
[1.449s] Level 1:colcon.colcon_core.package_identification:_identify(src/build) by extensions ['ignore', 'ignore_ament_install']
[1.449s] Level 1:colcon.colcon_core.package_identification:_identify(src/build) by extension 'ignore'
[1.449s] Level 1:colcon.colcon_core.package_identification:_identify(src/build) ignored
[1.450s] Level 1:colcon.colcon_core.package_identification:_identify(src/i2c_sensors_ros2) by extensions ['ignore', 'ignore_ament_install']
[1.450s] Level 1:colcon.colcon_core.package_identification:_identify(src/i2c_sensors_ros2) by extension 'ignore'
[1.450s] Level 1:colcon.colcon_core.package_identification:_identify(src/i2c_sensors_ros2) by extension 'ignore_ament_install'
[1.450s] Level 1:colcon.colcon_core.package_identification:_identify(src/i2c_sensors_ros2) by extensions ['colcon_pkg']
[1.450s] Level 1:colcon.colcon_core.package_identification:_identify(src/i2c_sensors_ros2) by extension 'colcon_pkg'
[1.451s] Level 1:colcon.colcon_core.package_identification:_identify(src/i2c_sensors_ros2) by extensions ['colcon_meta']
[1.451s] Level 1:colcon.colcon_core.package_identification:_identify(src/i2c_sensors_ros2) by extension 'colcon_meta'
[1.451s] Level 1:colcon.colcon_core.package_identification:_identify(src/i2c_sensors_ros2) by extensions ['ros']
[1.451s] Level 1:colcon.colcon_core.package_identification:_identify(src/i2c_sensors_ros2) by extension 'ros'
[1.451s] Level 1:colcon.colcon_core.package_identification:_identify(src/i2c_sensors_ros2) by extensions ['cmake', 'python']
[1.451s] Level 1:colcon.colcon_core.package_identification:_identify(src/i2c_sensors_ros2) by extension 'cmake'
[1.451s] Level 1:colcon.colcon_core.package_identification:_identify(src/i2c_sensors_ros2) by extension 'python'
[1.452s] Level 1:colcon.colcon_core.package_identification:_identify(src/i2c_sensors_ros2) by extensions ['python_setup_py']
[1.452s] Level 1:colcon.colcon_core.package_identification:_identify(src/i2c_sensors_ros2) by extension 'python_setup_py'
[1.452s] Level 1:colcon.colcon_core.package_identification:_identify(src/i2c_sensors_ros2/i2c_sensors) by extensions ['ignore', 'ignore_ament_install']
[1.452s] Level 1:colcon.colcon_core.package_identification:_identify(src/i2c_sensors_ros2/i2c_sensors) by extension 'ignore'
[1.452s] Level 1:colcon.colcon_core.package_identification:_identify(src/i2c_sensors_ros2/i2c_sensors) by extension 'ignore_ament_install'
[1.453s] Level 1:colcon.colcon_core.package_identification:_identify(src/i2c_sensors_ros2/i2c_sensors) by extensions ['colcon_pkg']
[1.453s] Level 1:colcon.colcon_core.package_identification:_identify(src/i2c_sensors_ros2/i2c_sensors) by extension 'colcon_pkg'
[1.453s] Level 1:colcon.colcon_core.package_identification:_identify(src/i2c_sensors_ros2/i2c_sensors) by extensions ['colcon_meta']
[1.453s] Level 1:colcon.colcon_core.package_identification:_identify(src/i2c_sensors_ros2/i2c_sensors) by extension 'colcon_meta'
[1.453s] Level 1:colcon.colcon_core.package_identification:_identify(src/i2c_sensors_ros2/i2c_sensors) by extensions ['ros']
[1.453s] Level 1:colcon.colcon_core.package_identification:_identify(src/i2c_sensors_ros2/i2c_sensors) by extension 'ros'
[1.508s] DEBUG:colcon.colcon_core.package_identification:Package 'src/i2c_sensors_ros2/i2c_sensors' with type 'ros.ament_python' and name 'i2c_sensors'
[1.508s] Level 1:colcon.colcon_core.package_identification:_identify(src/install) by extensions ['ignore', 'ignore_ament_install']
[1.509s] Level 1:colcon.colcon_core.package_identification:_identify(src/install) by extension 'ignore'
[1.509s] Level 1:colcon.colcon_core.package_identification:_identify(src/install) ignored
[1.509s] Level 1:colcon.colcon_core.package_identification:_identify(src/log) by extensions ['ignore', 'ignore_ament_install']
[1.509s] Level 1:colcon.colcon_core.package_identification:_identify(src/log) by extension 'ignore'
[1.509s] Level 1:colcon.colcon_core.package_identification:_identify(src/log) ignored
[1.510s] Level 1:colcon.colcon_core.package_identification:_identify(src/simple_motors) by extensions ['ignore', 'ignore_ament_install']
[1.510s] Level 1:colcon.colcon_core.package_identification:_identify(src/simple_motors) by extension 'ignore'
[1.510s] Level 1:colcon.colcon_core.package_identification:_identify(src/simple_motors) by extension 'ignore_ament_install'
[1.510s] Level 1:colcon.colcon_core.package_identification:_identify(src/simple_motors) by extensions ['colcon_pkg']
[1.510s] Level 1:colcon.colcon_core.package_identification:_identify(src/simple_motors) by extension 'colcon_pkg'
[1.511s] Level 1:colcon.colcon_core.package_identification:_identify(src/simple_motors) by extensions ['colcon_meta']
[1.511s] Level 1:colcon.colcon_core.package_identification:_identify(src/simple_motors) by extension 'colcon_meta'
[1.511s] Level 1:colcon.colcon_core.package_identification:_identify(src/simple_motors) by extensions ['ros']
[1.511s] Level 1:colcon.colcon_core.package_identification:_identify(src/simple_motors) by extension 'ros'
[1.513s] DEBUG:colcon.colcon_core.package_identification:Package 'src/simple_motors' with type 'ros.ament_python' and name 'simple_motors'
[1.513s] Level 1:colcon.colcon_core.package_discovery:discover_packages(recursive) using defaults
[1.514s] Level 1:colcon.colcon_core.package_discovery:discover_packages(ignore) discover
[1.514s] Level 1:colcon.colcon_core.package_discovery:discover_packages(ignore) using defaults
[1.514s] Level 1:colcon.colcon_core.package_discovery:discover_packages(path) discover
[1.514s] Level 1:colcon.colcon_core.package_discovery:discover_packages(path) using defaults
[1.682s] Level 1:colcon.colcon_core.package_discovery:discover_packages(prefix_path) check parameters
[1.682s] Level 1:colcon.colcon_core.package_discovery:discover_packages(prefix_path) discover
[1.732s] DEBUG:colcon.colcon_installed_package_information.package_discovery:Found 3 installed packages in /home/pi/ros2_ws/install
[1.734s] DEBUG:colcon.colcon_installed_package_information.package_discovery:Found 3 installed packages in /home/pi/ros2_ws/src/install
[1.772s] DEBUG:colcon.colcon_installed_package_information.package_discovery:Found 363 installed packages in /home/pi/ros2_jazzy/install
[1.779s] Level 1:colcon.colcon_core.package_discovery:discover_packages(prefix_path) using defaults
[1.897s] Level 5:colcon.colcon_core.verb:set package 'basic_motors_and_sensors' build argument 'cmake_args' from command line to 'None'
[1.897s] Level 5:colcon.colcon_core.verb:set package 'basic_motors_and_sensors' build argument 'cmake_target' from command line to 'None'
[1.897s] Level 5:colcon.colcon_core.verb:set package 'basic_motors_and_sensors' build argument 'cmake_target_skip_unavailable' from command line to 'False'
[1.897s] Level 5:colcon.colcon_core.verb:set package 'basic_motors_and_sensors' build argument 'cmake_clean_cache' from command line to 'False'
[1.897s] Level 5:colcon.colcon_core.verb:set package 'basic_motors_and_sensors' build argument 'cmake_clean_first' from command line to 'False'
[1.897s] Level 5:colcon.colcon_core.verb:set package 'basic_motors_and_sensors' build argument 'cmake_force_configure' from command line to 'False'
[1.898s] Level 5:colcon.colcon_core.verb:set package 'basic_motors_and_sensors' build argument 'ament_cmake_args' from command line to 'None'
[1.898s] Level 5:colcon.colcon_core.verb:set package 'basic_motors_and_sensors' build argument 'catkin_cmake_args' from command line to 'None'
[1.898s] Level 5:colcon.colcon_core.verb:set package 'basic_motors_and_sensors' build argument 'catkin_skip_building_tests' from command line to 'False'
[1.898s] DEBUG:colcon.colcon_core.verb:Building package 'basic_motors_and_sensors' with the following arguments: {'ament_cmake_args': None, 'build_base': '/home/pi/ros2_ws/build/basic_motors_and_sensors', 'catkin_cmake_args': None, 'catkin_skip_building_tests': False, 'cmake_args': None, 'cmake_clean_cache': False, 'cmake_clean_first': False, 'cmake_force_configure': False, 'cmake_target': None, 'cmake_target_skip_unavailable': False, 'install_base': '/home/pi/ros2_ws/install/basic_motors_and_sensors', 'merge_install': False, 'path': '/home/pi/ros2_ws/src/basic_motors_and_sensors_ros2_v01C/basic_motors_and_sensors', 'symlink_install': False, 'test_result_base': None}
[1.899s] Level 5:colcon.colcon_core.verb:set package 'i2c_sensors' build argument 'cmake_args' from command line to 'None'
[1.900s] Level 5:colcon.colcon_core.verb:set package 'i2c_sensors' build argument 'cmake_target' from command line to 'None'
[1.900s] Level 5:colcon.colcon_core.verb:set package 'i2c_sensors' build argument 'cmake_target_skip_unavailable' from command line to 'False'
[1.900s] Level 5:colcon.colcon_core.verb:set package 'i2c_sensors' build argument 'cmake_clean_cache' from command line to 'False'
[1.900s] Level 5:colcon.colcon_core.verb:set package 'i2c_sensors' build argument 'cmake_clean_first' from command line to 'False'
[1.900s] Level 5:colcon.colcon_core.verb:set package 'i2c_sensors' build argument 'cmake_force_configure' from command line to 'False'
[1.900s] Level 5:colcon.colcon_core.verb:set package 'i2c_sensors' build argument 'ament_cmake_args' from command line to 'None'
[1.900s] Level 5:colcon.colcon_core.verb:set package 'i2c_sensors' build argument 'catkin_cmake_args' from command line to 'None'
[1.900s] Level 5:colcon.colcon_core.verb:set package 'i2c_sensors' build argument 'catkin_skip_building_tests' from command line to 'False'
[1.900s] DEBUG:colcon.colcon_core.verb:Building package 'i2c_sensors' with the following arguments: {'ament_cmake_args': None, 'build_base': '/home/pi/ros2_ws/build/i2c_sensors', 'catkin_cmake_args': None, 'catkin_skip_building_tests': False, 'cmake_args': None, 'cmake_clean_cache': False, 'cmake_clean_first': False, 'cmake_force_configure': False, 'cmake_target': None, 'cmake_target_skip_unavailable': False, 'install_base': '/home/pi/ros2_ws/install/i2c_sensors', 'merge_install': False, 'path': '/home/pi/ros2_ws/src/i2c_sensors_ros2/i2c_sensors', 'symlink_install': False, 'test_result_base': None}
[1.901s] Level 5:colcon.colcon_core.verb:set package 'simple_motors' build argument 'cmake_args' from command line to 'None'
[1.902s] Level 5:colcon.colcon_core.verb:set package 'simple_motors' build argument 'cmake_target' from command line to 'None'
[1.902s] Level 5:colcon.colcon_core.verb:set package 'simple_motors' build argument 'cmake_target_skip_unavailable' from command line to 'False'
[1.902s] Level 5:colcon.colcon_core.verb:set package 'simple_motors' build argument 'cmake_clean_cache' from command line to 'False'
[1.902s] Level 5:colcon.colcon_core.verb:set package 'simple_motors' build argument 'cmake_clean_first' from command line to 'False'
[1.902s] Level 5:colcon.colcon_core.verb:set package 'simple_motors' build argument 'cmake_force_configure' from command line to 'False'
[1.902s] Level 5:colcon.colcon_core.verb:set package 'simple_motors' build argument 'ament_cmake_args' from command line to 'None'
[1.902s] Level 5:colcon.colcon_core.verb:set package 'simple_motors' build argument 'catkin_cmake_args' from command line to 'None'
[1.902s] Level 5:colcon.colcon_core.verb:set package 'simple_motors' build argument 'catkin_skip_building_tests' from command line to 'False'
[1.902s] DEBUG:colcon.colcon_core.verb:Building package 'simple_motors' with the following arguments: {'ament_cmake_args': None, 'build_base': '/home/pi/ros2_ws/build/simple_motors', 'catkin_cmake_args': None, 'catkin_skip_building_tests': False, 'cmake_args': None, 'cmake_clean_cache': False, 'cmake_clean_first': False, 'cmake_force_configure': False, 'cmake_target': None, 'cmake_target_skip_unavailable': False, 'install_base': '/home/pi/ros2_ws/install/simple_motors', 'merge_install': False, 'path': '/home/pi/ros2_ws/src/simple_motors', 'symlink_install': False, 'test_result_base': None}
[1.903s] INFO:colcon.colcon_core.executor:Executing jobs using 'parallel' executor
[1.906s] DEBUG:colcon.colcon_parallel_executor.executor.parallel:run_until_complete
[1.907s] INFO:colcon.colcon_ros.task.ament_python.build:Building ROS package in '/home/pi/ros2_ws/src/basic_motors_and_sensors_ros2_v01C/basic_motors_and_sensors' with build type 'ament_python'
[1.908s] Level 1:colcon.colcon_core.shell:create_environment_hook('basic_motors_and_sensors', 'ament_prefix_path')
[1.933s] INFO:colcon.colcon_core.plugin_system:Skipping extension 'colcon_core.shell.bat': Not used on non-Windows systems
[1.933s] INFO:colcon.colcon_core.shell:Creating environment hook '/home/pi/ros2_ws/install/basic_motors_and_sensors/share/basic_motors_and_sensors/hook/ament_prefix_path.ps1'
[1.936s] INFO:colcon.colcon_core.shell:Creating environment descriptor '/home/pi/ros2_ws/install/basic_motors_and_sensors/share/basic_motors_and_sensors/hook/ament_prefix_path.dsv'
[1.937s] INFO:colcon.colcon_core.shell:Creating environment hook '/home/pi/ros2_ws/install/basic_motors_and_sensors/share/basic_motors_and_sensors/hook/ament_prefix_path.sh'
[1.941s] INFO:colcon.colcon_core.shell:Skip shell extension 'powershell' for command environment: Not usable outside of PowerShell
[1.941s] DEBUG:colcon.colcon_core.shell:Skip shell extension 'dsv' for command environment
[2.040s] INFO:colcon.colcon_ros.task.ament_python.build:Building ROS package in '/home/pi/ros2_ws/src/i2c_sensors_ros2/i2c_sensors' with build type 'ament_python'
[2.041s] Level 1:colcon.colcon_core.shell:create_environment_hook('i2c_sensors', 'ament_prefix_path')
[2.043s] INFO:colcon.colcon_core.shell:Creating environment hook '/home/pi/ros2_ws/install/i2c_sensors/share/i2c_sensors/hook/ament_prefix_path.ps1'
[2.048s] INFO:colcon.colcon_core.shell:Creating environment descriptor '/home/pi/ros2_ws/install/i2c_sensors/share/i2c_sensors/hook/ament_prefix_path.dsv'
[2.051s] INFO:colcon.colcon_core.shell:Creating environment hook '/home/pi/ros2_ws/install/i2c_sensors/share/i2c_sensors/hook/ament_prefix_path.sh'
[2.054s] INFO:colcon.colcon_core.shell:Skip shell extension 'powershell' for command environment: Not usable outside of PowerShell
[2.054s] DEBUG:colcon.colcon_core.shell:Skip shell extension 'dsv' for command environment
[2.153s] INFO:colcon.colcon_ros.task.ament_python.build:Building ROS package in '/home/pi/ros2_ws/src/simple_motors' with build type 'ament_python'
[2.153s] Level 1:colcon.colcon_core.shell:create_environment_hook('simple_motors', 'ament_prefix_path')
[2.154s] INFO:colcon.colcon_core.shell:Creating environment hook '/home/pi/ros2_ws/install/simple_motors/share/simple_motors/hook/ament_prefix_path.ps1'
[2.156s] INFO:colcon.colcon_core.shell:Creating environment descriptor '/home/pi/ros2_ws/install/simple_motors/share/simple_motors/hook/ament_prefix_path.dsv'
[2.158s] INFO:colcon.colcon_core.shell:Creating environment hook '/home/pi/ros2_ws/install/simple_motors/share/simple_motors/hook/ament_prefix_path.sh'
[2.160s] INFO:colcon.colcon_core.shell:Skip shell extension 'powershell' for command environment: Not usable outside of PowerShell
[2.161s] DEBUG:colcon.colcon_core.shell:Skip shell extension 'dsv' for command environment
[4.718s] INFO:colcon.colcon_core.task.python.build:Building Python package in '/home/pi/ros2_ws/src/basic_motors_and_sensors_ros2_v01C/basic_motors_and_sensors'
[4.719s] INFO:colcon.colcon_core.shell:Skip shell extension 'powershell' for command environment: Not usable outside of PowerShell
[4.719s] DEBUG:colcon.colcon_core.shell:Skip shell extension 'dsv' for command environment
[7.255s] INFO:colcon.colcon_core.task.python.build:Building Python package in '/home/pi/ros2_ws/src/i2c_sensors_ros2/i2c_sensors'
[7.256s] INFO:colcon.colcon_core.shell:Skip shell extension 'powershell' for command environment: Not usable outside of PowerShell
[7.256s] DEBUG:colcon.colcon_core.shell:Skip shell extension 'dsv' for command environment
[9.788s] INFO:colcon.colcon_core.task.python.build:Building Python package in '/home/pi/ros2_ws/src/simple_motors'
[9.789s] INFO:colcon.colcon_core.shell:Skip shell extension 'powershell' for command environment: Not usable outside of PowerShell
[9.790s] DEBUG:colcon.colcon_core.shell:Skip shell extension 'dsv' for command environment
[18.893s] DEBUG:colcon.colcon_core.event_handler.log_command:Invoking command in '/home/pi/ros2_ws/src/i2c_sensors_ros2/i2c_sensors': PYTHONPATH=/home/pi/ros2_ws/build/i2c_sensors/prefix_override:/usr/lib/python3/dist-packages/colcon_core/task/python/colcon_distutils_commands:/home/pi/ros2_ws/install/i2c_sensors/lib/python3.11/site-packages:${PYTHONPATH} /usr/bin/python3 -W ignore:setup.py install is deprecated setup.py egg_info --egg-base ../../../build/i2c_sensors build --build-base /home/pi/ros2_ws/build/i2c_sensors/build install --record /home/pi/ros2_ws/build/i2c_sensors/install.log --single-version-externally-managed install_data
[19.045s] DEBUG:colcon.colcon_core.event_handler.log_command:Invoking command in '/home/pi/ros2_ws/src/basic_motors_and_sensors_ros2_v01C/basic_motors_and_sensors': PYTHONPATH=/home/pi/ros2_ws/build/basic_motors_and_sensors/prefix_override:/usr/lib/python3/dist-packages/colcon_core/task/python/colcon_distutils_commands:/home/pi/ros2_ws/install/basic_motors_and_sensors/lib/python3.11/site-packages:${PYTHONPATH} /usr/bin/python3 -W ignore:setup.py install is deprecated setup.py egg_info --egg-base ../../../build/basic_motors_and_sensors build --build-base /home/pi/ros2_ws/build/basic_motors_and_sensors/build install --record /home/pi/ros2_ws/build/basic_motors_and_sensors/install.log --single-version-externally-managed install_data
[19.074s] DEBUG:colcon.colcon_core.event_handler.log_command:Invoking command in '/home/pi/ros2_ws/src/simple_motors': PYTHONPATH=/home/pi/ros2_ws/build/simple_motors/prefix_override:/usr/lib/python3/dist-packages/colcon_core/task/python/colcon_distutils_commands:/home/pi/ros2_ws/install/simple_motors/lib/python3.11/site-packages:${PYTHONPATH} /usr/bin/python3 -W ignore:setup.py install is deprecated setup.py egg_info --egg-base ../../build/simple_motors build --build-base /home/pi/ros2_ws/build/simple_motors/build install --record /home/pi/ros2_ws/build/simple_motors/install.log --single-version-externally-managed install_data
[26.924s] DEBUG:colcon.colcon_core.event_handler.log_command:Invoked command in '/home/pi/ros2_ws/src/i2c_sensors_ros2/i2c_sensors' returned '0': PYTHONPATH=/home/pi/ros2_ws/build/i2c_sensors/prefix_override:/usr/lib/python3/dist-packages/colcon_core/task/python/colcon_distutils_commands:/home/pi/ros2_ws/install/i2c_sensors/lib/python3.11/site-packages:${PYTHONPATH} /usr/bin/python3 -W ignore:setup.py install is deprecated setup.py egg_info --egg-base ../../../build/i2c_sensors build --build-base /home/pi/ros2_ws/build/i2c_sensors/build install --record /home/pi/ros2_ws/build/i2c_sensors/install.log --single-version-externally-managed install_data
[26.967s] Level 1:colcon.colcon_core.environment:checking '/home/pi/ros2_ws/install/i2c_sensors' for CMake module files
[26.969s] Level 1:colcon.colcon_core.environment:checking '/home/pi/ros2_ws/install/i2c_sensors' for CMake config files
[26.973s] Level 1:colcon.colcon_core.environment:checking '/home/pi/ros2_ws/install/i2c_sensors/lib'
[26.974s] Level 1:colcon.colcon_core.environment:checking '/home/pi/ros2_ws/install/i2c_sensors/bin'
[26.975s] Level 1:colcon.colcon_core.environment:checking '/home/pi/ros2_ws/install/i2c_sensors/lib/pkgconfig/i2c_sensors.pc'
[26.976s] Level 1:colcon.colcon_core.environment:checking '/home/pi/ros2_ws/install/i2c_sensors/lib/python3.11/site-packages'
[26.976s] Level 1:colcon.colcon_core.shell:create_environment_hook('i2c_sensors', 'pythonpath')
[26.978s] INFO:colcon.colcon_core.shell:Creating environment hook '/home/pi/ros2_ws/install/i2c_sensors/share/i2c_sensors/hook/pythonpath.ps1'
[26.981s] INFO:colcon.colcon_core.shell:Creating environment descriptor '/home/pi/ros2_ws/install/i2c_sensors/share/i2c_sensors/hook/pythonpath.dsv'
[26.985s] INFO:colcon.colcon_core.shell:Creating environment hook '/home/pi/ros2_ws/install/i2c_sensors/share/i2c_sensors/hook/pythonpath.sh'
[26.988s] Level 1:colcon.colcon_core.environment:checking '/home/pi/ros2_ws/install/i2c_sensors/bin'
[26.989s] Level 1:colcon.colcon_core.environment:create_environment_scripts_only(i2c_sensors)
[26.990s] INFO:colcon.colcon_core.shell:Creating package script '/home/pi/ros2_ws/install/i2c_sensors/share/i2c_sensors/package.ps1'
[26.997s] INFO:colcon.colcon_core.shell:Creating package descriptor '/home/pi/ros2_ws/install/i2c_sensors/share/i2c_sensors/package.dsv'
[27.001s] INFO:colcon.colcon_core.shell:Creating package script '/home/pi/ros2_ws/install/i2c_sensors/share/i2c_sensors/package.sh'
[27.006s] INFO:colcon.colcon_core.shell:Creating package script '/home/pi/ros2_ws/install/i2c_sensors/share/i2c_sensors/package.bash'
[27.009s] INFO:colcon.colcon_core.shell:Creating package script '/home/pi/ros2_ws/install/i2c_sensors/share/i2c_sensors/package.zsh'
[27.019s] Level 1:colcon.colcon_core.environment:create_file_with_runtime_dependencies(/home/pi/ros2_ws/install/i2c_sensors/share/colcon-core/packages/i2c_sensors)
[27.028s] Level 1:colcon.colcon_core.environment:checking '/home/pi/ros2_ws/install/simple_motors' for CMake module files
[27.032s] DEBUG:colcon.colcon_core.event_handler.log_command:Invoked command in '/home/pi/ros2_ws/src/simple_motors' returned '0': PYTHONPATH=/home/pi/ros2_ws/build/simple_motors/prefix_override:/usr/lib/python3/dist-packages/colcon_core/task/python/colcon_distutils_commands:/home/pi/ros2_ws/install/simple_motors/lib/python3.11/site-packages:${PYTHONPATH} /usr/bin/python3 -W ignore:setup.py install is deprecated setup.py egg_info --egg-base ../../build/simple_motors build --build-base /home/pi/ros2_ws/build/simple_motors/build install --record /home/pi/ros2_ws/build/simple_motors/install.log --single-version-externally-managed install_data
[27.033s] Level 1:colcon.colcon_core.environment:checking '/home/pi/ros2_ws/install/simple_motors' for CMake config files
[27.036s] Level 1:colcon.colcon_core.environment:checking '/home/pi/ros2_ws/install/simple_motors/lib'
[27.037s] Level 1:colcon.colcon_core.environment:checking '/home/pi/ros2_ws/install/simple_motors/bin'
[27.038s] Level 1:colcon.colcon_core.environment:checking '/home/pi/ros2_ws/install/simple_motors/lib/pkgconfig/simple_motors.pc'
[27.039s] Level 1:colcon.colcon_core.environment:checking '/home/pi/ros2_ws/install/simple_motors/lib/python3.11/site-packages'
[27.039s] Level 1:colcon.colcon_core.shell:create_environment_hook('simple_motors', 'pythonpath')
[27.040s] INFO:colcon.colcon_core.shell:Creating environment hook '/home/pi/ros2_ws/install/simple_motors/share/simple_motors/hook/pythonpath.ps1'
[27.044s] INFO:colcon.colcon_core.shell:Creating environment descriptor '/home/pi/ros2_ws/install/simple_motors/share/simple_motors/hook/pythonpath.dsv'
[27.049s] INFO:colcon.colcon_core.shell:Creating environment hook '/home/pi/ros2_ws/install/simple_motors/share/simple_motors/hook/pythonpath.sh'
[27.055s] Level 1:colcon.colcon_core.environment:checking '/home/pi/ros2_ws/install/simple_motors/bin'
[27.057s] Level 1:colcon.colcon_core.environment:create_environment_scripts_only(simple_motors)
[27.061s] INFO:colcon.colcon_core.shell:Creating package script '/home/pi/ros2_ws/install/simple_motors/share/simple_motors/package.ps1'
[27.065s] INFO:colcon.colcon_core.shell:Creating package descriptor '/home/pi/ros2_ws/install/simple_motors/share/simple_motors/package.dsv'
[27.069s] INFO:colcon.colcon_core.shell:Creating package script '/home/pi/ros2_ws/install/simple_motors/share/simple_motors/package.sh'
[27.072s] INFO:colcon.colcon_core.shell:Creating package script '/home/pi/ros2_ws/install/simple_motors/share/simple_motors/package.bash'
[27.074s] INFO:colcon.colcon_core.shell:Creating package script '/home/pi/ros2_ws/install/simple_motors/share/simple_motors/package.zsh'
[27.076s] Level 1:colcon.colcon_core.environment:create_file_with_runtime_dependencies(/home/pi/ros2_ws/install/simple_motors/share/colcon-core/packages/simple_motors)
[27.160s] Level 1:colcon.colcon_core.environment:checking '/home/pi/ros2_ws/install/basic_motors_and_sensors' for CMake module files
[27.162s] DEBUG:colcon.colcon_core.event_handler.log_command:Invoked command in '/home/pi/ros2_ws/src/basic_motors_and_sensors_ros2_v01C/basic_motors_and_sensors' returned '0': PYTHONPATH=/home/pi/ros2_ws/build/basic_motors_and_sensors/prefix_override:/usr/lib/python3/dist-packages/colcon_core/task/python/colcon_distutils_commands:/home/pi/ros2_ws/install/basic_motors_and_sensors/lib/python3.11/site-packages:${PYTHONPATH} /usr/bin/python3 -W ignore:setup.py install is deprecated setup.py egg_info --egg-base ../../../build/basic_motors_and_sensors build --build-base /home/pi/ros2_ws/build/basic_motors_and_sensors/build install --record /home/pi/ros2_ws/build/basic_motors_and_sensors/install.log --single-version-externally-managed install_data
[27.163s] Level 1:colcon.colcon_core.environment:checking '/home/pi/ros2_ws/install/basic_motors_and_sensors' for CMake config files
[27.165s] Level 1:colcon.colcon_core.environment:checking '/home/pi/ros2_ws/install/basic_motors_and_sensors/lib'
[27.165s] Level 1:colcon.colcon_core.environment:checking '/home/pi/ros2_ws/install/basic_motors_and_sensors/bin'
[27.166s] Level 1:colcon.colcon_core.environment:checking '/home/pi/ros2_ws/install/basic_motors_and_sensors/lib/pkgconfig/basic_motors_and_sensors.pc'
[27.167s] Level 1:colcon.colcon_core.environment:checking '/home/pi/ros2_ws/install/basic_motors_and_sensors/lib/python3.11/site-packages'
[27.167s] Level 1:colcon.colcon_core.shell:create_environment_hook('basic_motors_and_sensors', 'pythonpath')
[27.168s] INFO:colcon.colcon_core.shell:Creating environment hook '/home/pi/ros2_ws/install/basic_motors_and_sensors/share/basic_motors_and_sensors/hook/pythonpath.ps1'
[27.170s] INFO:colcon.colcon_core.shell:Creating environment descriptor '/home/pi/ros2_ws/install/basic_motors_and_sensors/share/basic_motors_and_sensors/hook/pythonpath.dsv'
[27.172s] INFO:colcon.colcon_core.shell:Creating environment hook '/home/pi/ros2_ws/install/basic_motors_and_sensors/share/basic_motors_and_sensors/hook/pythonpath.sh'
[27.174s] Level 1:colcon.colcon_core.environment:checking '/home/pi/ros2_ws/install/basic_motors_and_sensors/bin'
[27.174s] Level 1:colcon.colcon_core.environment:create_environment_scripts_only(basic_motors_and_sensors)
[27.175s] INFO:colcon.colcon_core.shell:Creating package script '/home/pi/ros2_ws/install/basic_motors_and_sensors/share/basic_motors_and_sensors/package.ps1'
[27.177s] INFO:colcon.colcon_core.shell:Creating package descriptor '/home/pi/ros2_ws/install/basic_motors_and_sensors/share/basic_motors_and_sensors/package.dsv'
[27.179s] INFO:colcon.colcon_core.shell:Creating package script '/home/pi/ros2_ws/install/basic_motors_and_sensors/share/basic_motors_and_sensors/package.sh'
[27.183s] INFO:colcon.colcon_core.shell:Creating package script '/home/pi/ros2_ws/install/basic_motors_and_sensors/share/basic_motors_and_sensors/package.bash'
[27.184s] INFO:colcon.colcon_core.shell:Creating package script '/home/pi/ros2_ws/install/basic_motors_and_sensors/share/basic_motors_and_sensors/package.zsh'
[27.185s] Level 1:colcon.colcon_core.environment:create_file_with_runtime_dependencies(/home/pi/ros2_ws/install/basic_motors_and_sensors/share/colcon-core/packages/basic_motors_and_sensors)
[27.186s] DEBUG:colcon.colcon_parallel_executor.executor.parallel:closing loop
[27.187s] DEBUG:colcon.colcon_parallel_executor.executor.parallel:loop closed
[27.187s] DEBUG:colcon.colcon_parallel_executor.executor.parallel:run_until_complete finished with '0'
[27.187s] DEBUG:colcon.colcon_core.event_reactor:joining thread
[27.239s] INFO:colcon.colcon_core.plugin_system:Skipping extension 'colcon_notification.desktop_notification.notify_send': Could not find 'notify-send'
[27.239s] INFO:colcon.colcon_core.plugin_system:Skipping extension 'colcon_notification.desktop_notification.terminal_notifier': Not used on non-Darwin systems
[27.240s] INFO:colcon.colcon_core.plugin_system:Skipping extension 'colcon_notification.desktop_notification.win32': Not used on non-Windows systems
[27.240s] INFO:colcon.colcon_notification.desktop_notification:Sending desktop notification using 'notify2'
[27.243s] DEBUG:colcon.colcon_notification.desktop_notification.notify2:Failed to initialize notify2: org.freedesktop.DBus.Error.ServiceUnknown: The name org.freedesktop.Notifications was not provided by any .service files
[27.243s] DEBUG:colcon.colcon_core.event_reactor:joined thread
[27.244s] INFO:colcon.colcon_core.shell:Creating prefix script '/home/pi/ros2_ws/install/local_setup.ps1'
[27.247s] INFO:colcon.colcon_core.shell:Creating prefix util module '/home/pi/ros2_ws/install/_local_setup_util_ps1.py'
[27.251s] INFO:colcon.colcon_core.shell:Creating prefix chain script '/home/pi/ros2_ws/install/setup.ps1'
[27.305s] INFO:colcon.colcon_core.shell:Creating prefix script '/home/pi/ros2_ws/install/local_setup.sh'
[27.307s] INFO:colcon.colcon_core.shell:Creating prefix util module '/home/pi/ros2_ws/install/_local_setup_util_sh.py'
[27.309s] INFO:colcon.colcon_core.shell:Creating prefix chain script '/home/pi/ros2_ws/install/setup.sh'
[27.357s] INFO:colcon.colcon_core.shell:Creating prefix script '/home/pi/ros2_ws/install/local_setup.bash'
[27.359s] INFO:colcon.colcon_core.shell:Creating prefix chain script '/home/pi/ros2_ws/install/setup.bash'
[27.408s] INFO:colcon.colcon_core.shell:Creating prefix script '/home/pi/ros2_ws/install/local_setup.zsh'
[27.410s] INFO:colcon.colcon_core.shell:Creating prefix chain script '/home/pi/ros2_ws/install/setup.zsh'
