[18.971s] Invoking command in '/home/pi/ros2_ws/src/simple_motors': PYTHONPATH=/home/pi/ros2_ws/build/simple_motors/prefix_override:/usr/lib/python3/dist-packages/colcon_core/task/python/colcon_distutils_commands:/home/pi/ros2_ws/install/simple_motors/lib/python3.11/site-packages:${PYTHONPATH} /usr/bin/python3 -W ignore:setup.py install is deprecated setup.py egg_info --egg-base ../../build/simple_motors build --build-base /home/pi/ros2_ws/build/simple_motors/build install --record /home/pi/ros2_ws/build/simple_motors/install.log --single-version-externally-managed install_data
[21.451s] /usr/local/lib/python3.11/dist-packages/setuptools/_distutils/dist.py:261: UserWarning: Unknown distribution option: 'tests_require'
[21.451s]   warnings.warn(msg)
[23.599s] running egg_info
[23.943s] writing ../../build/simple_motors/simple_motors.egg-info/PKG-INFO
[23.945s] writing dependency_links to ../../build/simple_motors/simple_motors.egg-info/dependency_links.txt
[23.945s] writing entry points to ../../build/simple_motors/simple_motors.egg-info/entry_points.txt
[23.946s] writing requirements to ../../build/simple_motors/simple_motors.egg-info/requires.txt
[23.946s] writing top-level names to ../../build/simple_motors/simple_motors.egg-info/top_level.txt
[24.567s] reading manifest file '../../build/simple_motors/simple_motors.egg-info/SOURCES.txt'
[24.578s] writing manifest file '../../build/simple_motors/simple_motors.egg-info/SOURCES.txt'
[24.582s] running build
[24.585s] running build_py
[24.591s] copying simple_motors/motor_commander.py -> /home/pi/ros2_ws/build/simple_motors/build/lib/simple_motors
[24.592s] copying simple_motors/motors_commander.py -> /home/pi/ros2_ws/build/simple_motors/build/lib/simple_motors
[24.592s] copying simple_motors/motor_executor.py -> /home/pi/ros2_ws/build/simple_motors/build/lib/simple_motors
[24.593s] copying simple_motors/__init__.py -> /home/pi/ros2_ws/build/simple_motors/build/lib/simple_motors
[24.593s] copying simple_motors/motors_executor.py -> /home/pi/ros2_ws/build/simple_motors/build/lib/simple_motors
[24.593s] running install
[24.622s] running install_lib
[24.944s] running install_data
[24.946s] copying resource/simple_motors -> /home/pi/ros2_ws/install/simple_motors/share/ament_index/resource_index/packages
[24.947s] copying package.xml -> /home/pi/ros2_ws/install/simple_motors/share/simple_motors
[24.948s] running install_egg_info
[25.253s] removing '/home/pi/ros2_ws/install/simple_motors/lib/python3.11/site-packages/simple_motors-0.0.0-py3.11.egg-info' (and everything under it)
[25.255s] Copying ../../build/simple_motors/simple_motors.egg-info to /home/pi/ros2_ws/install/simple_motors/lib/python3.11/site-packages/simple_motors-0.0.0-py3.11.egg-info
[25.260s] running install_scripts
[27.294s] Installing motor_commander_left script to /home/pi/ros2_ws/install/simple_motors/lib/simple_motors
[27.296s] Installing motor_commander_right script to /home/pi/ros2_ws/install/simple_motors/lib/simple_motors
[27.301s] Installing motor_executor_left script to /home/pi/ros2_ws/install/simple_motors/lib/simple_motors
[27.302s] Installing motor_executor_right script to /home/pi/ros2_ws/install/simple_motors/lib/simple_motors
[27.307s] writing list of installed files to '/home/pi/ros2_ws/build/simple_motors/install.log'
[27.692s] Invoked command in '/home/pi/ros2_ws/src/simple_motors' returned '0': PYTHONPATH=/home/pi/ros2_ws/build/simple_motors/prefix_override:/usr/lib/python3/dist-packages/colcon_core/task/python/colcon_distutils_commands:/home/pi/ros2_ws/install/simple_motors/lib/python3.11/site-packages:${PYTHONPATH} /usr/bin/python3 -W ignore:setup.py install is deprecated setup.py egg_info --egg-base ../../build/simple_motors build --build-base /home/pi/ros2_ws/build/simple_motors/build install --record /home/pi/ros2_ws/build/simple_motors/install.log --single-version-externally-managed install_data
