[1.151s] DEBUG:colcon:Command line arguments: ['/usr/bin/colcon', 'build']
[1.152s] DEBUG:colcon:Parsed command line arguments: Namespace(log_base=None, log_level=None, verb_name='build', build_base='build', install_base='install', merge_install=False, symlink_install=False, test_result_base=None, continue_on_error=False, executor='parallel', parallel_workers=4, event_handlers=None, ignore_user_meta=False, metas=['./colcon.meta'], base_paths=['.'], packages_ignore=None, packages_ignore_regex=None, paths=None, packages_up_to=None, packages_up_to_regex=None, packages_above=None, packages_above_and_dependencies=None, packages_above_depth=None, packages_select_by_dep=None, packages_skip_by_dep=None, packages_skip_up_to=None, packages_select_build_failed=False, packages_skip_build_finished=False, packages_select_test_failures=False, packages_skip_test_passed=False, packages_select=None, packages_skip=None, packages_select_regex=None, packages_skip_regex=None, packages_start=None, packages_end=None, allow_overriding=[], cmake_args=None, cmake_target=None, cmake_target_skip_unavailable=False, cmake_clean_cache=False, cmake_clean_first=False, cmake_force_configure=False, ament_cmake_args=None, catkin_cmake_args=None, catkin_skip_building_tests=False, mixin_files=None, mixin=None, verb_parser=<colcon_mixin.mixin.mixin_argument.MixinArgumentDecorator object at 0x7f9afee250>, verb_extension=<colcon_core.verb.build.BuildVerb object at 0x7f9afecf50>, main=<bound method BuildVerb.main of <colcon_core.verb.build.BuildVerb object at 0x7f9afecf50>>, mixin_verb=('build',))
[1.510s] Level 1:colcon.colcon_core.package_discovery:discover_packages(colcon_meta) check parameters
[1.511s] Level 1:colcon.colcon_core.package_discovery:discover_packages(recursive) check parameters
[1.511s] Level 1:colcon.colcon_core.package_discovery:discover_packages(ignore) check parameters
[1.511s] Level 1:colcon.colcon_core.package_discovery:discover_packages(path) check parameters
[1.511s] Level 1:colcon.colcon_core.package_discovery:discover_packages(colcon_meta) discover
[1.512s] Level 1:colcon.colcon_core.package_discovery:discover_packages(recursive) discover
[1.512s] INFO:colcon.colcon_core.package_discovery:Crawling recursively for packages in '/home/pi/ros2_ws'
[1.513s] Level 1:colcon.colcon_core.package_identification:_identify(.) by extensions ['ignore', 'ignore_ament_install']
[1.515s] Level 1:colcon.colcon_core.package_identification:_identify(.) by extension 'ignore'
[1.516s] Level 1:colcon.colcon_core.package_identification:_identify(.) by extension 'ignore_ament_install'
[1.518s] Level 1:colcon.colcon_core.package_identification:_identify(.) by extensions ['colcon_pkg']
[1.518s] Level 1:colcon.colcon_core.package_identification:_identify(.) by extension 'colcon_pkg'
[1.519s] Level 1:colcon.colcon_core.package_identification:_identify(.) by extensions ['colcon_meta']
[1.519s] Level 1:colcon.colcon_core.package_identification:_identify(.) by extension 'colcon_meta'
[1.519s] Level 1:colcon.colcon_core.package_identification:_identify(.) by extensions ['ros']
[1.519s] Level 1:colcon.colcon_core.package_identification:_identify(.) by extension 'ros'
[1.655s] Level 1:colcon.colcon_core.package_identification:_identify(.) by extensions ['cmake', 'python']
[1.656s] Level 1:colcon.colcon_core.package_identification:_identify(.) by extension 'cmake'
[1.656s] Level 1:colcon.colcon_core.package_identification:_identify(.) by extension 'python'
[1.656s] Level 1:colcon.colcon_core.package_identification:_identify(.) by extensions ['python_setup_py']
[1.656s] Level 1:colcon.colcon_core.package_identification:_identify(.) by extension 'python_setup_py'
[1.657s] Level 1:colcon.colcon_core.package_identification:_identify(build) by extensions ['ignore', 'ignore_ament_install']
[1.657s] Level 1:colcon.colcon_core.package_identification:_identify(build) by extension 'ignore'
[1.657s] Level 1:colcon.colcon_core.package_identification:_identify(build) ignored
[1.658s] Level 1:colcon.colcon_core.package_identification:_identify(install) by extensions ['ignore', 'ignore_ament_install']
[1.658s] Level 1:colcon.colcon_core.package_identification:_identify(install) by extension 'ignore'
[1.658s] Level 1:colcon.colcon_core.package_identification:_identify(install) ignored
[1.658s] Level 1:colcon.colcon_core.package_identification:_identify(log) by extensions ['ignore', 'ignore_ament_install']
[1.659s] Level 1:colcon.colcon_core.package_identification:_identify(log) by extension 'ignore'
[1.659s] Level 1:colcon.colcon_core.package_identification:_identify(log) ignored
[1.659s] Level 1:colcon.colcon_core.package_identification:_identify(src) by extensions ['ignore', 'ignore_ament_install']
[1.659s] Level 1:colcon.colcon_core.package_identification:_identify(src) by extension 'ignore'
[1.659s] Level 1:colcon.colcon_core.package_identification:_identify(src) by extension 'ignore_ament_install'
[1.660s] Level 1:colcon.colcon_core.package_identification:_identify(src) by extensions ['colcon_pkg']
[1.660s] Level 1:colcon.colcon_core.package_identification:_identify(src) by extension 'colcon_pkg'
[1.660s] Level 1:colcon.colcon_core.package_identification:_identify(src) by extensions ['colcon_meta']
[1.660s] Level 1:colcon.colcon_core.package_identification:_identify(src) by extension 'colcon_meta'
[1.660s] Level 1:colcon.colcon_core.package_identification:_identify(src) by extensions ['ros']
[1.660s] Level 1:colcon.colcon_core.package_identification:_identify(src) by extension 'ros'
[1.660s] Level 1:colcon.colcon_core.package_identification:_identify(src) by extensions ['cmake', 'python']
[1.661s] Level 1:colcon.colcon_core.package_identification:_identify(src) by extension 'cmake'
[1.661s] Level 1:colcon.colcon_core.package_identification:_identify(src) by extension 'python'
[1.661s] Level 1:colcon.colcon_core.package_identification:_identify(src) by extensions ['python_setup_py']
[1.661s] Level 1:colcon.colcon_core.package_identification:_identify(src) by extension 'python_setup_py'
[1.661s] Level 1:colcon.colcon_core.package_identification:_identify(src/basic_motors_and_sensors_ros2_v01C) by extensions ['ignore', 'ignore_ament_install']
[1.661s] Level 1:colcon.colcon_core.package_identification:_identify(src/basic_motors_and_sensors_ros2_v01C) by extension 'ignore'
[1.662s] Level 1:colcon.colcon_core.package_identification:_identify(src/basic_motors_and_sensors_ros2_v01C) by extension 'ignore_ament_install'
[1.662s] Level 1:colcon.colcon_core.package_identification:_identify(src/basic_motors_and_sensors_ros2_v01C) by extensions ['colcon_pkg']
[1.662s] Level 1:colcon.colcon_core.package_identification:_identify(src/basic_motors_and_sensors_ros2_v01C) by extension 'colcon_pkg'
[1.662s] Level 1:colcon.colcon_core.package_identification:_identify(src/basic_motors_and_sensors_ros2_v01C) by extensions ['colcon_meta']
[1.662s] Level 1:colcon.colcon_core.package_identification:_identify(src/basic_motors_and_sensors_ros2_v01C) by extension 'colcon_meta'
[1.662s] Level 1:colcon.colcon_core.package_identification:_identify(src/basic_motors_and_sensors_ros2_v01C) by extensions ['ros']
[1.662s] Level 1:colcon.colcon_core.package_identification:_identify(src/basic_motors_and_sensors_ros2_v01C) by extension 'ros'
[1.663s] Level 1:colcon.colcon_core.package_identification:_identify(src/basic_motors_and_sensors_ros2_v01C) by extensions ['cmake', 'python']
[1.663s] Level 1:colcon.colcon_core.package_identification:_identify(src/basic_motors_and_sensors_ros2_v01C) by extension 'cmake'
[1.663s] Level 1:colcon.colcon_core.package_identification:_identify(src/basic_motors_and_sensors_ros2_v01C) by extension 'python'
[1.663s] Level 1:colcon.colcon_core.package_identification:_identify(src/basic_motors_and_sensors_ros2_v01C) by extensions ['python_setup_py']
[1.663s] Level 1:colcon.colcon_core.package_identification:_identify(src/basic_motors_and_sensors_ros2_v01C) by extension 'python_setup_py'
[1.664s] Level 1:colcon.colcon_core.package_identification:_identify(src/basic_motors_and_sensors_ros2_v01C/basic_motors_and_sensors) by extensions ['ignore', 'ignore_ament_install']
[1.664s] Level 1:colcon.colcon_core.package_identification:_identify(src/basic_motors_and_sensors_ros2_v01C/basic_motors_and_sensors) by extension 'ignore'
[1.664s] Level 1:colcon.colcon_core.package_identification:_identify(src/basic_motors_and_sensors_ros2_v01C/basic_motors_and_sensors) by extension 'ignore_ament_install'
[1.664s] Level 1:colcon.colcon_core.package_identification:_identify(src/basic_motors_and_sensors_ros2_v01C/basic_motors_and_sensors) by extensions ['colcon_pkg']
[1.664s] Level 1:colcon.colcon_core.package_identification:_identify(src/basic_motors_and_sensors_ros2_v01C/basic_motors_and_sensors) by extension 'colcon_pkg'
[1.664s] Level 1:colcon.colcon_core.package_identification:_identify(src/basic_motors_and_sensors_ros2_v01C/basic_motors_and_sensors) by extensions ['colcon_meta']
[1.664s] Level 1:colcon.colcon_core.package_identification:_identify(src/basic_motors_and_sensors_ros2_v01C/basic_motors_and_sensors) by extension 'colcon_meta'
[1.665s] Level 1:colcon.colcon_core.package_identification:_identify(src/basic_motors_and_sensors_ros2_v01C/basic_motors_and_sensors) by extensions ['ros']
[1.665s] Level 1:colcon.colcon_core.package_identification:_identify(src/basic_motors_and_sensors_ros2_v01C/basic_motors_and_sensors) by extension 'ros'
[1.674s] DEBUG:colcon.colcon_core.package_identification:Package 'src/basic_motors_and_sensors_ros2_v01C/basic_motors_and_sensors' with type 'ros.ament_python' and name 'basic_motors_and_sensors'
[1.674s] Level 1:colcon.colcon_core.package_identification:_identify(src/build) by extensions ['ignore', 'ignore_ament_install']
[1.674s] Level 1:colcon.colcon_core.package_identification:_identify(src/build) by extension 'ignore'
[1.675s] Level 1:colcon.colcon_core.package_identification:_identify(src/build) ignored
[1.675s] Level 1:colcon.colcon_core.package_identification:_identify(src/i2c_sensors_ros2) by extensions ['ignore', 'ignore_ament_install']
[1.675s] Level 1:colcon.colcon_core.package_identification:_identify(src/i2c_sensors_ros2) by extension 'ignore'
[1.675s] Level 1:colcon.colcon_core.package_identification:_identify(src/i2c_sensors_ros2) by extension 'ignore_ament_install'
[1.675s] Level 1:colcon.colcon_core.package_identification:_identify(src/i2c_sensors_ros2) by extensions ['colcon_pkg']
[1.676s] Level 1:colcon.colcon_core.package_identification:_identify(src/i2c_sensors_ros2) by extension 'colcon_pkg'
[1.676s] Level 1:colcon.colcon_core.package_identification:_identify(src/i2c_sensors_ros2) by extensions ['colcon_meta']
[1.676s] Level 1:colcon.colcon_core.package_identification:_identify(src/i2c_sensors_ros2) by extension 'colcon_meta'
[1.676s] Level 1:colcon.colcon_core.package_identification:_identify(src/i2c_sensors_ros2) by extensions ['ros']
[1.676s] Level 1:colcon.colcon_core.package_identification:_identify(src/i2c_sensors_ros2) by extension 'ros'
[1.676s] Level 1:colcon.colcon_core.package_identification:_identify(src/i2c_sensors_ros2) by extensions ['cmake', 'python']
[1.676s] Level 1:colcon.colcon_core.package_identification:_identify(src/i2c_sensors_ros2) by extension 'cmake'
[1.676s] Level 1:colcon.colcon_core.package_identification:_identify(src/i2c_sensors_ros2) by extension 'python'
[1.677s] Level 1:colcon.colcon_core.package_identification:_identify(src/i2c_sensors_ros2) by extensions ['python_setup_py']
[1.677s] Level 1:colcon.colcon_core.package_identification:_identify(src/i2c_sensors_ros2) by extension 'python_setup_py'
[1.677s] Level 1:colcon.colcon_core.package_identification:_identify(src/i2c_sensors_ros2/i2c_sensors) by extensions ['ignore', 'ignore_ament_install']
[1.677s] Level 1:colcon.colcon_core.package_identification:_identify(src/i2c_sensors_ros2/i2c_sensors) by extension 'ignore'
[1.677s] Level 1:colcon.colcon_core.package_identification:_identify(src/i2c_sensors_ros2/i2c_sensors) by extension 'ignore_ament_install'
[1.678s] Level 1:colcon.colcon_core.package_identification:_identify(src/i2c_sensors_ros2/i2c_sensors) by extensions ['colcon_pkg']
[1.678s] Level 1:colcon.colcon_core.package_identification:_identify(src/i2c_sensors_ros2/i2c_sensors) by extension 'colcon_pkg'
[1.678s] Level 1:colcon.colcon_core.package_identification:_identify(src/i2c_sensors_ros2/i2c_sensors) by extensions ['colcon_meta']
[1.678s] Level 1:colcon.colcon_core.package_identification:_identify(src/i2c_sensors_ros2/i2c_sensors) by extension 'colcon_meta'
[1.678s] Level 1:colcon.colcon_core.package_identification:_identify(src/i2c_sensors_ros2/i2c_sensors) by extensions ['ros']
[1.678s] Level 1:colcon.colcon_core.package_identification:_identify(src/i2c_sensors_ros2/i2c_sensors) by extension 'ros'
[1.732s] DEBUG:colcon.colcon_core.package_identification:Package 'src/i2c_sensors_ros2/i2c_sensors' with type 'ros.ament_python' and name 'i2c_sensors'
[1.733s] Level 1:colcon.colcon_core.package_identification:_identify(src/install) by extensions ['ignore', 'ignore_ament_install']
[1.733s] Level 1:colcon.colcon_core.package_identification:_identify(src/install) by extension 'ignore'
[1.733s] Level 1:colcon.colcon_core.package_identification:_identify(src/install) ignored
[1.734s] Level 1:colcon.colcon_core.package_identification:_identify(src/log) by extensions ['ignore', 'ignore_ament_install']
[1.734s] Level 1:colcon.colcon_core.package_identification:_identify(src/log) by extension 'ignore'
[1.734s] Level 1:colcon.colcon_core.package_identification:_identify(src/log) ignored
[1.735s] Level 1:colcon.colcon_core.package_identification:_identify(src/simple_motors) by extensions ['ignore', 'ignore_ament_install']
[1.735s] Level 1:colcon.colcon_core.package_identification:_identify(src/simple_motors) by extension 'ignore'
[1.735s] Level 1:colcon.colcon_core.package_identification:_identify(src/simple_motors) by extension 'ignore_ament_install'
[1.735s] Level 1:colcon.colcon_core.package_identification:_identify(src/simple_motors) by extensions ['colcon_pkg']
[1.735s] Level 1:colcon.colcon_core.package_identification:_identify(src/simple_motors) by extension 'colcon_pkg'
[1.736s] Level 1:colcon.colcon_core.package_identification:_identify(src/simple_motors) by extensions ['colcon_meta']
[1.736s] Level 1:colcon.colcon_core.package_identification:_identify(src/simple_motors) by extension 'colcon_meta'
[1.736s] Level 1:colcon.colcon_core.package_identification:_identify(src/simple_motors) by extensions ['ros']
[1.736s] Level 1:colcon.colcon_core.package_identification:_identify(src/simple_motors) by extension 'ros'
[1.738s] DEBUG:colcon.colcon_core.package_identification:Package 'src/simple_motors' with type 'ros.ament_python' and name 'simple_motors'
[1.738s] Level 1:colcon.colcon_core.package_discovery:discover_packages(recursive) using defaults
[1.739s] Level 1:colcon.colcon_core.package_discovery:discover_packages(ignore) discover
[1.739s] Level 1:colcon.colcon_core.package_discovery:discover_packages(ignore) using defaults
[1.739s] Level 1:colcon.colcon_core.package_discovery:discover_packages(path) discover
[1.739s] Level 1:colcon.colcon_core.package_discovery:discover_packages(path) using defaults
[1.909s] Level 1:colcon.colcon_core.package_discovery:discover_packages(prefix_path) check parameters
[1.909s] Level 1:colcon.colcon_core.package_discovery:discover_packages(prefix_path) discover
[1.960s] DEBUG:colcon.colcon_installed_package_information.package_discovery:Found 3 installed packages in /home/pi/ros2_ws/install
[1.997s] DEBUG:colcon.colcon_installed_package_information.package_discovery:Found 363 installed packages in /home/pi/ros2_jazzy/install
[2.004s] Level 1:colcon.colcon_core.package_discovery:discover_packages(prefix_path) using defaults
[2.126s] Level 5:colcon.colcon_core.verb:set package 'basic_motors_and_sensors' build argument 'cmake_args' from command line to 'None'
[2.126s] Level 5:colcon.colcon_core.verb:set package 'basic_motors_and_sensors' build argument 'cmake_target' from command line to 'None'
[2.127s] Level 5:colcon.colcon_core.verb:set package 'basic_motors_and_sensors' build argument 'cmake_target_skip_unavailable' from command line to 'False'
[2.127s] Level 5:colcon.colcon_core.verb:set package 'basic_motors_and_sensors' build argument 'cmake_clean_cache' from command line to 'False'
[2.127s] Level 5:colcon.colcon_core.verb:set package 'basic_motors_and_sensors' build argument 'cmake_clean_first' from command line to 'False'
[2.127s] Level 5:colcon.colcon_core.verb:set package 'basic_motors_and_sensors' build argument 'cmake_force_configure' from command line to 'False'
[2.127s] Level 5:colcon.colcon_core.verb:set package 'basic_motors_and_sensors' build argument 'ament_cmake_args' from command line to 'None'
[2.127s] Level 5:colcon.colcon_core.verb:set package 'basic_motors_and_sensors' build argument 'catkin_cmake_args' from command line to 'None'
[2.127s] Level 5:colcon.colcon_core.verb:set package 'basic_motors_and_sensors' build argument 'catkin_skip_building_tests' from command line to 'False'
[2.127s] DEBUG:colcon.colcon_core.verb:Building package 'basic_motors_and_sensors' with the following arguments: {'ament_cmake_args': None, 'build_base': '/home/pi/ros2_ws/build/basic_motors_and_sensors', 'catkin_cmake_args': None, 'catkin_skip_building_tests': False, 'cmake_args': None, 'cmake_clean_cache': False, 'cmake_clean_first': False, 'cmake_force_configure': False, 'cmake_target': None, 'cmake_target_skip_unavailable': False, 'install_base': '/home/pi/ros2_ws/install/basic_motors_and_sensors', 'merge_install': False, 'path': '/home/pi/ros2_ws/src/basic_motors_and_sensors_ros2_v01C/basic_motors_and_sensors', 'symlink_install': False, 'test_result_base': None}
[2.129s] Level 5:colcon.colcon_core.verb:set package 'i2c_sensors' build argument 'cmake_args' from command line to 'None'
[2.129s] Level 5:colcon.colcon_core.verb:set package 'i2c_sensors' build argument 'cmake_target' from command line to 'None'
[2.129s] Level 5:colcon.colcon_core.verb:set package 'i2c_sensors' build argument 'cmake_target_skip_unavailable' from command line to 'False'
[2.129s] Level 5:colcon.colcon_core.verb:set package 'i2c_sensors' build argument 'cmake_clean_cache' from command line to 'False'
[2.129s] Level 5:colcon.colcon_core.verb:set package 'i2c_sensors' build argument 'cmake_clean_first' from command line to 'False'
[2.129s] Level 5:colcon.colcon_core.verb:set package 'i2c_sensors' build argument 'cmake_force_configure' from command line to 'False'
[2.129s] Level 5:colcon.colcon_core.verb:set package 'i2c_sensors' build argument 'ament_cmake_args' from command line to 'None'
[2.129s] Level 5:colcon.colcon_core.verb:set package 'i2c_sensors' build argument 'catkin_cmake_args' from command line to 'None'
[2.129s] Level 5:colcon.colcon_core.verb:set package 'i2c_sensors' build argument 'catkin_skip_building_tests' from command line to 'False'
[2.130s] DEBUG:colcon.colcon_core.verb:Building package 'i2c_sensors' with the following arguments: {'ament_cmake_args': None, 'build_base': '/home/pi/ros2_ws/build/i2c_sensors', 'catkin_cmake_args': None, 'catkin_skip_building_tests': False, 'cmake_args': None, 'cmake_clean_cache': False, 'cmake_clean_first': False, 'cmake_force_configure': False, 'cmake_target': None, 'cmake_target_skip_unavailable': False, 'install_base': '/home/pi/ros2_ws/install/i2c_sensors', 'merge_install': False, 'path': '/home/pi/ros2_ws/src/i2c_sensors_ros2/i2c_sensors', 'symlink_install': False, 'test_result_base': None}
[2.131s] Level 5:colcon.colcon_core.verb:set package 'simple_motors' build argument 'cmake_args' from command line to 'None'
[2.131s] Level 5:colcon.colcon_core.verb:set package 'simple_motors' build argument 'cmake_target' from command line to 'None'
[2.131s] Level 5:colcon.colcon_core.verb:set package 'simple_motors' build argument 'cmake_target_skip_unavailable' from command line to 'False'
[2.131s] Level 5:colcon.colcon_core.verb:set package 'simple_motors' build argument 'cmake_clean_cache' from command line to 'False'
[2.131s] Level 5:colcon.colcon_core.verb:set package 'simple_motors' build argument 'cmake_clean_first' from command line to 'False'
[2.131s] Level 5:colcon.colcon_core.verb:set package 'simple_motors' build argument 'cmake_force_configure' from command line to 'False'
[2.132s] Level 5:colcon.colcon_core.verb:set package 'simple_motors' build argument 'ament_cmake_args' from command line to 'None'
[2.132s] Level 5:colcon.colcon_core.verb:set package 'simple_motors' build argument 'catkin_cmake_args' from command line to 'None'
[2.132s] Level 5:colcon.colcon_core.verb:set package 'simple_motors' build argument 'catkin_skip_building_tests' from command line to 'False'
[2.132s] DEBUG:colcon.colcon_core.verb:Building package 'simple_motors' with the following arguments: {'ament_cmake_args': None, 'build_base': '/home/pi/ros2_ws/build/simple_motors', 'catkin_cmake_args': None, 'catkin_skip_building_tests': False, 'cmake_args': None, 'cmake_clean_cache': False, 'cmake_clean_first': False, 'cmake_force_configure': False, 'cmake_target': None, 'cmake_target_skip_unavailable': False, 'install_base': '/home/pi/ros2_ws/install/simple_motors', 'merge_install': False, 'path': '/home/pi/ros2_ws/src/simple_motors', 'symlink_install': False, 'test_result_base': None}
[2.133s] INFO:colcon.colcon_core.executor:Executing jobs using 'parallel' executor
[2.136s] DEBUG:colcon.colcon_parallel_executor.executor.parallel:run_until_complete
[2.137s] INFO:colcon.colcon_ros.task.ament_python.build:Building ROS package in '/home/pi/ros2_ws/src/basic_motors_and_sensors_ros2_v01C/basic_motors_and_sensors' with build type 'ament_python'
[2.138s] Level 1:colcon.colcon_core.shell:create_environment_hook('basic_motors_and_sensors', 'ament_prefix_path')
[2.162s] INFO:colcon.colcon_core.plugin_system:Skipping extension 'colcon_core.shell.bat': Not used on non-Windows systems
[2.163s] INFO:colcon.colcon_core.shell:Creating environment hook '/home/pi/ros2_ws/install/basic_motors_and_sensors/share/basic_motors_and_sensors/hook/ament_prefix_path.ps1'
[2.165s] INFO:colcon.colcon_core.shell:Creating environment descriptor '/home/pi/ros2_ws/install/basic_motors_and_sensors/share/basic_motors_and_sensors/hook/ament_prefix_path.dsv'
[2.167s] INFO:colcon.colcon_core.shell:Creating environment hook '/home/pi/ros2_ws/install/basic_motors_and_sensors/share/basic_motors_and_sensors/hook/ament_prefix_path.sh'
[2.171s] INFO:colcon.colcon_core.shell:Skip shell extension 'powershell' for command environment: Not usable outside of PowerShell
[2.171s] DEBUG:colcon.colcon_core.shell:Skip shell extension 'dsv' for command environment
[2.265s] INFO:colcon.colcon_ros.task.ament_python.build:Building ROS package in '/home/pi/ros2_ws/src/i2c_sensors_ros2/i2c_sensors' with build type 'ament_python'
[2.265s] Level 1:colcon.colcon_core.shell:create_environment_hook('i2c_sensors', 'ament_prefix_path')
[2.267s] INFO:colcon.colcon_core.shell:Creating environment hook '/home/pi/ros2_ws/install/i2c_sensors/share/i2c_sensors/hook/ament_prefix_path.ps1'
[2.270s] INFO:colcon.colcon_core.shell:Creating environment descriptor '/home/pi/ros2_ws/install/i2c_sensors/share/i2c_sensors/hook/ament_prefix_path.dsv'
[2.272s] INFO:colcon.colcon_core.shell:Creating environment hook '/home/pi/ros2_ws/install/i2c_sensors/share/i2c_sensors/hook/ament_prefix_path.sh'
[2.276s] INFO:colcon.colcon_core.shell:Skip shell extension 'powershell' for command environment: Not usable outside of PowerShell
[2.276s] DEBUG:colcon.colcon_core.shell:Skip shell extension 'dsv' for command environment
[2.374s] INFO:colcon.colcon_ros.task.ament_python.build:Building ROS package in '/home/pi/ros2_ws/src/simple_motors' with build type 'ament_python'
[2.375s] Level 1:colcon.colcon_core.shell:create_environment_hook('simple_motors', 'ament_prefix_path')
[2.376s] INFO:colcon.colcon_core.shell:Creating environment hook '/home/pi/ros2_ws/install/simple_motors/share/simple_motors/hook/ament_prefix_path.ps1'
[2.377s] INFO:colcon.colcon_core.shell:Creating environment descriptor '/home/pi/ros2_ws/install/simple_motors/share/simple_motors/hook/ament_prefix_path.dsv'
[2.379s] INFO:colcon.colcon_core.shell:Creating environment hook '/home/pi/ros2_ws/install/simple_motors/share/simple_motors/hook/ament_prefix_path.sh'
[2.381s] INFO:colcon.colcon_core.shell:Skip shell extension 'powershell' for command environment: Not usable outside of PowerShell
[2.382s] DEBUG:colcon.colcon_core.shell:Skip shell extension 'dsv' for command environment
[4.947s] INFO:colcon.colcon_core.task.python.build:Building Python package in '/home/pi/ros2_ws/src/basic_motors_and_sensors_ros2_v01C/basic_motors_and_sensors'
[4.948s] INFO:colcon.colcon_core.shell:Skip shell extension 'powershell' for command environment: Not usable outside of PowerShell
[4.948s] DEBUG:colcon.colcon_core.shell:Skip shell extension 'dsv' for command environment
[7.487s] INFO:colcon.colcon_core.task.python.build:Building Python package in '/home/pi/ros2_ws/src/i2c_sensors_ros2/i2c_sensors'
[7.489s] INFO:colcon.colcon_core.shell:Skip shell extension 'powershell' for command environment: Not usable outside of PowerShell
[7.489s] DEBUG:colcon.colcon_core.shell:Skip shell extension 'dsv' for command environment
[10.223s] INFO:colcon.colcon_core.task.python.build:Building Python package in '/home/pi/ros2_ws/src/simple_motors'
[10.224s] INFO:colcon.colcon_core.shell:Skip shell extension 'powershell' for command environment: Not usable outside of PowerShell
[10.224s] DEBUG:colcon.colcon_core.shell:Skip shell extension 'dsv' for command environment
[19.230s] DEBUG:colcon.colcon_core.event_handler.log_command:Invoking command in '/home/pi/ros2_ws/src/simple_motors': PYTHONPATH=/home/pi/ros2_ws/build/simple_motors/prefix_override:/usr/lib/python3/dist-packages/colcon_core/task/python/colcon_distutils_commands:/home/pi/ros2_ws/install/simple_motors/lib/python3.11/site-packages:${PYTHONPATH} /usr/bin/python3 -W ignore:setup.py install is deprecated setup.py egg_info --egg-base ../../build/simple_motors build --build-base /home/pi/ros2_ws/build/simple_motors/build install --record /home/pi/ros2_ws/build/simple_motors/install.log --single-version-externally-managed install_data
[19.321s] DEBUG:colcon.colcon_core.event_handler.log_command:Invoking command in '/home/pi/ros2_ws/src/basic_motors_and_sensors_ros2_v01C/basic_motors_and_sensors': PYTHONPATH=/home/pi/ros2_ws/build/basic_motors_and_sensors/prefix_override:/usr/lib/python3/dist-packages/colcon_core/task/python/colcon_distutils_commands:/home/pi/ros2_ws/install/basic_motors_and_sensors/lib/python3.11/site-packages:${PYTHONPATH} /usr/bin/python3 -W ignore:setup.py install is deprecated setup.py egg_info --egg-base ../../../build/basic_motors_and_sensors build --build-base /home/pi/ros2_ws/build/basic_motors_and_sensors/build install --record /home/pi/ros2_ws/build/basic_motors_and_sensors/install.log --single-version-externally-managed install_data
[19.908s] DEBUG:colcon.colcon_core.event_handler.log_command:Invoking command in '/home/pi/ros2_ws/src/i2c_sensors_ros2/i2c_sensors': PYTHONPATH=/home/pi/ros2_ws/build/i2c_sensors/prefix_override:/usr/lib/python3/dist-packages/colcon_core/task/python/colcon_distutils_commands:/home/pi/ros2_ws/install/i2c_sensors/lib/python3.11/site-packages:${PYTHONPATH} /usr/bin/python3 -W ignore:setup.py install is deprecated setup.py egg_info --egg-base ../../../build/i2c_sensors build --build-base /home/pi/ros2_ws/build/i2c_sensors/build install --record /home/pi/ros2_ws/build/i2c_sensors/install.log --single-version-externally-managed install_data
[26.731s] DEBUG:colcon.colcon_core.event_handler.log_command:Invoked command in '/home/pi/ros2_ws/src/simple_motors' returned '0': PYTHONPATH=/home/pi/ros2_ws/build/simple_motors/prefix_override:/usr/lib/python3/dist-packages/colcon_core/task/python/colcon_distutils_commands:/home/pi/ros2_ws/install/simple_motors/lib/python3.11/site-packages:${PYTHONPATH} /usr/bin/python3 -W ignore:setup.py install is deprecated setup.py egg_info --egg-base ../../build/simple_motors build --build-base /home/pi/ros2_ws/build/simple_motors/build install --record /home/pi/ros2_ws/build/simple_motors/install.log --single-version-externally-managed install_data
[26.778s] Level 1:colcon.colcon_core.environment:checking '/home/pi/ros2_ws/install/simple_motors' for CMake module files
[26.781s] Level 1:colcon.colcon_core.environment:checking '/home/pi/ros2_ws/install/simple_motors' for CMake config files
[26.785s] Level 1:colcon.colcon_core.environment:checking '/home/pi/ros2_ws/install/simple_motors/lib'
[26.786s] Level 1:colcon.colcon_core.environment:checking '/home/pi/ros2_ws/install/simple_motors/bin'
[26.788s] Level 1:colcon.colcon_core.environment:checking '/home/pi/ros2_ws/install/simple_motors/lib/pkgconfig/simple_motors.pc'
[26.789s] Level 1:colcon.colcon_core.environment:checking '/home/pi/ros2_ws/install/simple_motors/lib/python3.11/site-packages'
[26.789s] Level 1:colcon.colcon_core.shell:create_environment_hook('simple_motors', 'pythonpath')
[26.791s] INFO:colcon.colcon_core.shell:Creating environment hook '/home/pi/ros2_ws/install/simple_motors/share/simple_motors/hook/pythonpath.ps1'
[26.794s] INFO:colcon.colcon_core.shell:Creating environment descriptor '/home/pi/ros2_ws/install/simple_motors/share/simple_motors/hook/pythonpath.dsv'
[26.797s] INFO:colcon.colcon_core.shell:Creating environment hook '/home/pi/ros2_ws/install/simple_motors/share/simple_motors/hook/pythonpath.sh'
[26.801s] Level 1:colcon.colcon_core.environment:checking '/home/pi/ros2_ws/install/simple_motors/bin'
[26.801s] Level 1:colcon.colcon_core.environment:create_environment_scripts_only(simple_motors)
[26.804s] INFO:colcon.colcon_core.shell:Creating package script '/home/pi/ros2_ws/install/simple_motors/share/simple_motors/package.ps1'
[26.809s] INFO:colcon.colcon_core.shell:Creating package descriptor '/home/pi/ros2_ws/install/simple_motors/share/simple_motors/package.dsv'
[26.814s] INFO:colcon.colcon_core.shell:Creating package script '/home/pi/ros2_ws/install/simple_motors/share/simple_motors/package.sh'
[26.819s] INFO:colcon.colcon_core.shell:Creating package script '/home/pi/ros2_ws/install/simple_motors/share/simple_motors/package.bash'
[26.823s] INFO:colcon.colcon_core.shell:Creating package script '/home/pi/ros2_ws/install/simple_motors/share/simple_motors/package.zsh'
[26.827s] Level 1:colcon.colcon_core.environment:create_file_with_runtime_dependencies(/home/pi/ros2_ws/install/simple_motors/share/colcon-core/packages/simple_motors)
[26.882s] Level 1:colcon.colcon_core.environment:checking '/home/pi/ros2_ws/install/basic_motors_and_sensors' for CMake module files
[26.885s] Level 1:colcon.colcon_core.environment:checking '/home/pi/ros2_ws/install/basic_motors_and_sensors' for CMake config files
[26.883s] DEBUG:colcon.colcon_core.event_handler.log_command:Invoked command in '/home/pi/ros2_ws/src/basic_motors_and_sensors_ros2_v01C/basic_motors_and_sensors' returned '0': PYTHONPATH=/home/pi/ros2_ws/build/basic_motors_and_sensors/prefix_override:/usr/lib/python3/dist-packages/colcon_core/task/python/colcon_distutils_commands:/home/pi/ros2_ws/install/basic_motors_and_sensors/lib/python3.11/site-packages:${PYTHONPATH} /usr/bin/python3 -W ignore:setup.py install is deprecated setup.py egg_info --egg-base ../../../build/basic_motors_and_sensors build --build-base /home/pi/ros2_ws/build/basic_motors_and_sensors/build install --record /home/pi/ros2_ws/build/basic_motors_and_sensors/install.log --single-version-externally-managed install_data
[26.887s] Level 1:colcon.colcon_core.environment:checking '/home/pi/ros2_ws/install/basic_motors_and_sensors/lib'
[26.888s] Level 1:colcon.colcon_core.environment:checking '/home/pi/ros2_ws/install/basic_motors_and_sensors/bin'
[26.888s] Level 1:colcon.colcon_core.environment:checking '/home/pi/ros2_ws/install/basic_motors_and_sensors/lib/pkgconfig/basic_motors_and_sensors.pc'
[26.889s] Level 1:colcon.colcon_core.environment:checking '/home/pi/ros2_ws/install/basic_motors_and_sensors/lib/python3.11/site-packages'
[26.889s] Level 1:colcon.colcon_core.shell:create_environment_hook('basic_motors_and_sensors', 'pythonpath')
[26.890s] INFO:colcon.colcon_core.shell:Creating environment hook '/home/pi/ros2_ws/install/basic_motors_and_sensors/share/basic_motors_and_sensors/hook/pythonpath.ps1'
[26.892s] INFO:colcon.colcon_core.shell:Creating environment descriptor '/home/pi/ros2_ws/install/basic_motors_and_sensors/share/basic_motors_and_sensors/hook/pythonpath.dsv'
[26.893s] INFO:colcon.colcon_core.shell:Creating environment hook '/home/pi/ros2_ws/install/basic_motors_and_sensors/share/basic_motors_and_sensors/hook/pythonpath.sh'
[26.899s] Level 1:colcon.colcon_core.environment:checking '/home/pi/ros2_ws/install/basic_motors_and_sensors/bin'
[26.899s] Level 1:colcon.colcon_core.environment:create_environment_scripts_only(basic_motors_and_sensors)
[26.900s] INFO:colcon.colcon_core.shell:Creating package script '/home/pi/ros2_ws/install/basic_motors_and_sensors/share/basic_motors_and_sensors/package.ps1'
[26.902s] INFO:colcon.colcon_core.shell:Creating package descriptor '/home/pi/ros2_ws/install/basic_motors_and_sensors/share/basic_motors_and_sensors/package.dsv'
[26.904s] INFO:colcon.colcon_core.shell:Creating package script '/home/pi/ros2_ws/install/basic_motors_and_sensors/share/basic_motors_and_sensors/package.sh'
[26.906s] INFO:colcon.colcon_core.shell:Creating package script '/home/pi/ros2_ws/install/basic_motors_and_sensors/share/basic_motors_and_sensors/package.bash'
[26.908s] INFO:colcon.colcon_core.shell:Creating package script '/home/pi/ros2_ws/install/basic_motors_and_sensors/share/basic_motors_and_sensors/package.zsh'
[26.909s] Level 1:colcon.colcon_core.environment:create_file_with_runtime_dependencies(/home/pi/ros2_ws/install/basic_motors_and_sensors/share/colcon-core/packages/basic_motors_and_sensors)
[27.478s] Level 1:colcon.colcon_core.environment:checking '/home/pi/ros2_ws/install/i2c_sensors' for CMake module files
[27.481s] Level 1:colcon.colcon_core.environment:checking '/home/pi/ros2_ws/install/i2c_sensors' for CMake config files
[27.482s] DEBUG:colcon.colcon_core.event_handler.log_command:Invoked command in '/home/pi/ros2_ws/src/i2c_sensors_ros2/i2c_sensors' returned '0': PYTHONPATH=/home/pi/ros2_ws/build/i2c_sensors/prefix_override:/usr/lib/python3/dist-packages/colcon_core/task/python/colcon_distutils_commands:/home/pi/ros2_ws/install/i2c_sensors/lib/python3.11/site-packages:${PYTHONPATH} /usr/bin/python3 -W ignore:setup.py install is deprecated setup.py egg_info --egg-base ../../../build/i2c_sensors build --build-base /home/pi/ros2_ws/build/i2c_sensors/build install --record /home/pi/ros2_ws/build/i2c_sensors/install.log --single-version-externally-managed install_data
[27.484s] Level 1:colcon.colcon_core.environment:checking '/home/pi/ros2_ws/install/i2c_sensors/lib'
[27.485s] Level 1:colcon.colcon_core.environment:checking '/home/pi/ros2_ws/install/i2c_sensors/bin'
[27.485s] Level 1:colcon.colcon_core.environment:checking '/home/pi/ros2_ws/install/i2c_sensors/lib/pkgconfig/i2c_sensors.pc'
[27.486s] Level 1:colcon.colcon_core.environment:checking '/home/pi/ros2_ws/install/i2c_sensors/lib/python3.11/site-packages'
[27.486s] Level 1:colcon.colcon_core.shell:create_environment_hook('i2c_sensors', 'pythonpath')
[27.487s] INFO:colcon.colcon_core.shell:Creating environment hook '/home/pi/ros2_ws/install/i2c_sensors/share/i2c_sensors/hook/pythonpath.ps1'
[27.488s] INFO:colcon.colcon_core.shell:Creating environment descriptor '/home/pi/ros2_ws/install/i2c_sensors/share/i2c_sensors/hook/pythonpath.dsv'
[27.490s] INFO:colcon.colcon_core.shell:Creating environment hook '/home/pi/ros2_ws/install/i2c_sensors/share/i2c_sensors/hook/pythonpath.sh'
[27.492s] Level 1:colcon.colcon_core.environment:checking '/home/pi/ros2_ws/install/i2c_sensors/bin'
[27.492s] Level 1:colcon.colcon_core.environment:create_environment_scripts_only(i2c_sensors)
[27.493s] INFO:colcon.colcon_core.shell:Creating package script '/home/pi/ros2_ws/install/i2c_sensors/share/i2c_sensors/package.ps1'
[27.495s] INFO:colcon.colcon_core.shell:Creating package descriptor '/home/pi/ros2_ws/install/i2c_sensors/share/i2c_sensors/package.dsv'
[27.497s] INFO:colcon.colcon_core.shell:Creating package script '/home/pi/ros2_ws/install/i2c_sensors/share/i2c_sensors/package.sh'
[27.499s] INFO:colcon.colcon_core.shell:Creating package script '/home/pi/ros2_ws/install/i2c_sensors/share/i2c_sensors/package.bash'
[27.500s] INFO:colcon.colcon_core.shell:Creating package script '/home/pi/ros2_ws/install/i2c_sensors/share/i2c_sensors/package.zsh'
[27.501s] Level 1:colcon.colcon_core.environment:create_file_with_runtime_dependencies(/home/pi/ros2_ws/install/i2c_sensors/share/colcon-core/packages/i2c_sensors)
[27.503s] DEBUG:colcon.colcon_parallel_executor.executor.parallel:closing loop
[27.504s] DEBUG:colcon.colcon_parallel_executor.executor.parallel:loop closed
[27.504s] DEBUG:colcon.colcon_parallel_executor.executor.parallel:run_until_complete finished with '0'
[27.504s] DEBUG:colcon.colcon_core.event_reactor:joining thread
[27.560s] INFO:colcon.colcon_core.plugin_system:Skipping extension 'colcon_notification.desktop_notification.notify_send': Could not find 'notify-send'
[27.560s] INFO:colcon.colcon_core.plugin_system:Skipping extension 'colcon_notification.desktop_notification.terminal_notifier': Not used on non-Darwin systems
[27.561s] INFO:colcon.colcon_core.plugin_system:Skipping extension 'colcon_notification.desktop_notification.win32': Not used on non-Windows systems
[27.561s] INFO:colcon.colcon_notification.desktop_notification:Sending desktop notification using 'notify2'
[27.564s] DEBUG:colcon.colcon_notification.desktop_notification.notify2:Failed to initialize notify2: org.freedesktop.DBus.Error.ServiceUnknown: The name org.freedesktop.Notifications was not provided by any .service files
[27.564s] DEBUG:colcon.colcon_core.event_reactor:joined thread
[27.565s] INFO:colcon.colcon_core.shell:Creating prefix script '/home/pi/ros2_ws/install/local_setup.ps1'
[27.568s] INFO:colcon.colcon_core.shell:Creating prefix util module '/home/pi/ros2_ws/install/_local_setup_util_ps1.py'
[27.572s] INFO:colcon.colcon_core.shell:Creating prefix chain script '/home/pi/ros2_ws/install/setup.ps1'
[27.621s] INFO:colcon.colcon_core.shell:Creating prefix script '/home/pi/ros2_ws/install/local_setup.sh'
[27.623s] INFO:colcon.colcon_core.shell:Creating prefix util module '/home/pi/ros2_ws/install/_local_setup_util_sh.py'
[27.625s] INFO:colcon.colcon_core.shell:Creating prefix chain script '/home/pi/ros2_ws/install/setup.sh'
[27.674s] INFO:colcon.colcon_core.shell:Creating prefix script '/home/pi/ros2_ws/install/local_setup.bash'
[27.676s] INFO:colcon.colcon_core.shell:Creating prefix chain script '/home/pi/ros2_ws/install/setup.bash'
[27.726s] INFO:colcon.colcon_core.shell:Creating prefix script '/home/pi/ros2_ws/install/local_setup.zsh'
[27.728s] INFO:colcon.colcon_core.shell:Creating prefix chain script '/home/pi/ros2_ws/install/setup.zsh'
