[19.311s] Invoking command in '/home/pi/ros2_ws/src/basic_motors_and_sensors_ros2_v01C/basic_motors_and_sensors': PYTHONPATH=/home/pi/ros2_ws/build/basic_motors_and_sensors/prefix_override:/usr/lib/python3/dist-packages/colcon_core/task/python/colcon_distutils_commands:/home/pi/ros2_ws/install/basic_motors_and_sensors/lib/python3.11/site-packages:${PYTHONPATH} /usr/bin/python3 -W ignore:setup.py install is deprecated setup.py egg_info --egg-base ../../../build/basic_motors_and_sensors build --build-base /home/pi/ros2_ws/build/basic_motors_and_sensors/build install --record /home/pi/ros2_ws/build/basic_motors_and_sensors/install.log --single-version-externally-managed install_data
[21.679s] /usr/local/lib/python3.11/dist-packages/setuptools/_distutils/dist.py:261: UserWarning: Unknown distribution option: 'tests_require'
[21.679s]   warnings.warn(msg)
[23.702s] running egg_info
[24.018s] writing ../../../build/basic_motors_and_sensors/basic_motors_and_sensors.egg-info/PKG-INFO
[24.018s] writing dependency_links to ../../../build/basic_motors_and_sensors/basic_motors_and_sensors.egg-info/dependency_links.txt
[24.020s] writing entry points to ../../../build/basic_motors_and_sensors/basic_motors_and_sensors.egg-info/entry_points.txt
[24.021s] writing requirements to ../../../build/basic_motors_and_sensors/basic_motors_and_sensors.egg-info/requires.txt
[24.022s] writing top-level names to ../../../build/basic_motors_and_sensors/basic_motors_and_sensors.egg-info/top_level.txt
[24.892s] reading manifest file '../../../build/basic_motors_and_sensors/basic_motors_and_sensors.egg-info/SOURCES.txt'
[24.897s] adding license file 'LICENSE'
[24.915s] writing manifest file '../../../build/basic_motors_and_sensors/basic_motors_and_sensors.egg-info/SOURCES.txt'
[24.916s] running build
[24.929s] running build_py
[24.930s] copying basic_motors_and_sensors/sensors_to_motor.py -> /home/pi/ros2_ws/build/basic_motors_and_sensors/build/lib/basic_motors_and_sensors
[24.944s] copying basic_motors_and_sensors/motor_executor.py -> /home/pi/ros2_ws/build/basic_motors_and_sensors/build/lib/basic_motors_and_sensors
[24.945s] copying basic_motors_and_sensors/sensors_processor.py -> /home/pi/ros2_ws/build/basic_motors_and_sensors/build/lib/basic_motors_and_sensors
[24.951s] copying basic_motors_and_sensors/encoders_node.py -> /home/pi/ros2_ws/build/basic_motors_and_sensors/build/lib/basic_motors_and_sensors
[24.952s] running install
[24.992s] running install_lib
[25.743s] copying /home/pi/ros2_ws/build/basic_motors_and_sensors/build/lib/basic_motors_and_sensors/sensors_to_motor.py -> /home/pi/ros2_ws/install/basic_motors_and_sensors/lib/python3.11/site-packages/basic_motors_and_sensors
[25.758s] byte-compiling /home/pi/ros2_ws/install/basic_motors_and_sensors/lib/python3.11/site-packages/basic_motors_and_sensors/sensors_to_motor.py to sensors_to_motor.cpython-311.pyc
[25.762s] running install_data
[25.767s] running install_egg_info
[26.133s] removing '/home/pi/ros2_ws/install/basic_motors_and_sensors/lib/python3.11/site-packages/basic_motors_and_sensors-0.0.0-py3.11.egg-info' (and everything under it)
[26.135s] Copying ../../../build/basic_motors_and_sensors/basic_motors_and_sensors.egg-info to /home/pi/ros2_ws/install/basic_motors_and_sensors/lib/python3.11/site-packages/basic_motors_and_sensors-0.0.0-py3.11.egg-info
[26.141s] running install_scripts
[29.349s] Installing encoders_node script to /home/pi/ros2_ws/install/basic_motors_and_sensors/lib/basic_motors_and_sensors
[29.349s] Installing motor_commander script to /home/pi/ros2_ws/install/basic_motors_and_sensors/lib/basic_motors_and_sensors
[29.350s] Installing motor_executor script to /home/pi/ros2_ws/install/basic_motors_and_sensors/lib/basic_motors_and_sensors
[29.353s] Installing sensors_node script to /home/pi/ros2_ws/install/basic_motors_and_sensors/lib/basic_motors_and_sensors
[29.358s] Installing sensors_processor script to /home/pi/ros2_ws/install/basic_motors_and_sensors/lib/basic_motors_and_sensors
[29.359s] Installing sensors_to_motor script to /home/pi/ros2_ws/install/basic_motors_and_sensors/lib/basic_motors_and_sensors
[29.365s] writing list of installed files to '/home/pi/ros2_ws/build/basic_motors_and_sensors/install.log'
[29.608s] Invoked command in '/home/pi/ros2_ws/src/basic_motors_and_sensors_ros2_v01C/basic_motors_and_sensors' returned '0': PYTHONPATH=/home/pi/ros2_ws/build/basic_motors_and_sensors/prefix_override:/usr/lib/python3/dist-packages/colcon_core/task/python/colcon_distutils_commands:/home/pi/ros2_ws/install/basic_motors_and_sensors/lib/python3.11/site-packages:${PYTHONPATH} /usr/bin/python3 -W ignore:setup.py install is deprecated setup.py egg_info --egg-base ../../../build/basic_motors_and_sensors build --build-base /home/pi/ros2_ws/build/basic_motors_and_sensors/build install --record /home/pi/ros2_ws/build/basic_motors_and_sensors/install.log --single-version-externally-managed install_data
