running egg_info
creating ../../build/simple_motors/simple_motors.egg-info
writing ../../build/simple_motors/simple_motors.egg-info/PKG-INFO
writing dependency_links to ../../build/simple_motors/simple_motors.egg-info/dependency_links.txt
writing entry points to ../../build/simple_motors/simple_motors.egg-info/entry_points.txt
writing requirements to ../../build/simple_motors/simple_motors.egg-info/requires.txt
writing top-level names to ../../build/simple_motors/simple_motors.egg-info/top_level.txt
writing manifest file '../../build/simple_motors/simple_motors.egg-info/SOURCES.txt'
reading manifest file '../../build/simple_motors/simple_motors.egg-info/SOURCES.txt'
writing manifest file '../../build/simple_motors/simple_motors.egg-info/SOURCES.txt'
running build
running build_py
creating /home/pi/ros2_ws/build/simple_motors/build
creating /home/pi/ros2_ws/build/simple_motors/build/lib
creating /home/pi/ros2_ws/build/simple_motors/build/lib/simple_motors
copying simple_motors/motor_commander.py -> /home/pi/ros2_ws/build/simple_motors/build/lib/simple_motors
copying simple_motors/motor_executor.py -> /home/pi/ros2_ws/build/simple_motors/build/lib/simple_motors
copying simple_motors/__init__.py -> /home/pi/ros2_ws/build/simple_motors/build/lib/simple_motors
running install
running install_lib
creating /home/pi/ros2_ws/install/simple_motors/lib/python3.11/site-packages/simple_motors
copying /home/pi/ros2_ws/build/simple_motors/build/lib/simple_motors/motor_commander.py -> /home/pi/ros2_ws/install/simple_motors/lib/python3.11/site-packages/simple_motors
copying /home/pi/ros2_ws/build/simple_motors/build/lib/simple_motors/motor_executor.py -> /home/pi/ros2_ws/install/simple_motors/lib/python3.11/site-packages/simple_motors
copying /home/pi/ros2_ws/build/simple_motors/build/lib/simple_motors/__init__.py -> /home/pi/ros2_ws/install/simple_motors/lib/python3.11/site-packages/simple_motors
byte-compiling /home/pi/ros2_ws/install/simple_motors/lib/python3.11/site-packages/simple_motors/motor_commander.py to motor_commander.cpython-311.pyc
byte-compiling /home/pi/ros2_ws/install/simple_motors/lib/python3.11/site-packages/simple_motors/motor_executor.py to motor_executor.cpython-311.pyc
byte-compiling /home/pi/ros2_ws/install/simple_motors/lib/python3.11/site-packages/simple_motors/__init__.py to __init__.cpython-311.pyc
running install_data
creating /home/pi/ros2_ws/install/simple_motors/share/ament_index
creating /home/pi/ros2_ws/install/simple_motors/share/ament_index/resource_index
creating /home/pi/ros2_ws/install/simple_motors/share/ament_index/resource_index/packages
copying resource/simple_motors -> /home/pi/ros2_ws/install/simple_motors/share/ament_index/resource_index/packages
copying package.xml -> /home/pi/ros2_ws/install/simple_motors/share/simple_motors
running install_egg_info
Copying ../../build/simple_motors/simple_motors.egg-info to /home/pi/ros2_ws/install/simple_motors/lib/python3.11/site-packages/simple_motors-0.0.0-py3.11.egg-info
running install_scripts
Installing motor_commander script to /home/pi/ros2_ws/install/simple_motors/lib/simple_motors
Installing motor_executor script to /home/pi/ros2_ws/install/simple_motors/lib/simple_motors
writing list of installed files to '/home/pi/ros2_ws/build/simple_motors/install.log'
