[17.493s] Invoking command in '/home/pi/ros2_ws/src/simple_motors': PYTHONPATH=/home/pi/ros2_ws/build/simple_motors/prefix_override:/usr/lib/python3/dist-packages/colcon_core/task/python/colcon_distutils_commands:/home/pi/ros2_ws/install/simple_motors/lib/python3.11/site-packages:${PYTHONPATH} /usr/bin/python3 -W ignore:setup.py install is deprecated setup.py egg_info --egg-base ../../build/simple_motors build --build-base /home/pi/ros2_ws/build/simple_motors/build install --record /home/pi/ros2_ws/build/simple_motors/install.log --single-version-externally-managed install_data
[19.702s] /usr/local/lib/python3.11/dist-packages/setuptools/_distutils/dist.py:261: UserWarning: Unknown distribution option: 'tests_require'
[19.703s]   warnings.warn(msg)
[21.588s] running egg_info
[21.858s] writing ../../build/simple_motors/simple_motors.egg-info/PKG-INFO
[21.861s] writing dependency_links to ../../build/simple_motors/simple_motors.egg-info/dependency_links.txt
[21.866s] writing entry points to ../../build/simple_motors/simple_motors.egg-info/entry_points.txt
[21.868s] writing requirements to ../../build/simple_motors/simple_motors.egg-info/requires.txt
[21.870s] writing top-level names to ../../build/simple_motors/simple_motors.egg-info/top_level.txt
[22.428s] reading manifest file '../../build/simple_motors/simple_motors.egg-info/SOURCES.txt'
[22.431s] writing manifest file '../../build/simple_motors/simple_motors.egg-info/SOURCES.txt'
[22.436s] running build
[22.437s] running build_py
[22.441s] copying simple_motors/motor_commander.py -> /home/pi/ros2_ws/build/simple_motors/build/lib/simple_motors
[22.442s] copying simple_motors/motors_commander.py -> /home/pi/ros2_ws/build/simple_motors/build/lib/simple_motors
[22.442s] copying simple_motors/motor_executor.py -> /home/pi/ros2_ws/build/simple_motors/build/lib/simple_motors
[22.442s] copying simple_motors/__init__.py -> /home/pi/ros2_ws/build/simple_motors/build/lib/simple_motors
[22.445s] copying simple_motors/motors_executor.py -> /home/pi/ros2_ws/build/simple_motors/build/lib/simple_motors
[22.449s] running install
[22.482s] running install_lib
[22.771s] running install_data
[22.773s] copying resource/simple_motors -> /home/pi/ros2_ws/install/simple_motors/share/ament_index/resource_index/packages
[22.774s] copying package.xml -> /home/pi/ros2_ws/install/simple_motors/share/simple_motors
[22.775s] running install_egg_info
[23.057s] removing '/home/pi/ros2_ws/install/simple_motors/lib/python3.11/site-packages/simple_motors-0.0.0-py3.11.egg-info' (and everything under it)
[23.059s] Copying ../../build/simple_motors/simple_motors.egg-info to /home/pi/ros2_ws/install/simple_motors/lib/python3.11/site-packages/simple_motors-0.0.0-py3.11.egg-info
[23.064s] running install_scripts
[25.099s] Installing motor_commander_left script to /home/pi/ros2_ws/install/simple_motors/lib/simple_motors
[25.100s] Installing motor_commander_right script to /home/pi/ros2_ws/install/simple_motors/lib/simple_motors
[25.101s] Installing motor_executor_left script to /home/pi/ros2_ws/install/simple_motors/lib/simple_motors
[25.106s] Installing motor_executor_right script to /home/pi/ros2_ws/install/simple_motors/lib/simple_motors
[25.115s] writing list of installed files to '/home/pi/ros2_ws/build/simple_motors/install.log'
[25.449s] Invoked command in '/home/pi/ros2_ws/src/simple_motors' returned '0': PYTHONPATH=/home/pi/ros2_ws/build/simple_motors/prefix_override:/usr/lib/python3/dist-packages/colcon_core/task/python/colcon_distutils_commands:/home/pi/ros2_ws/install/simple_motors/lib/python3.11/site-packages:${PYTHONPATH} /usr/bin/python3 -W ignore:setup.py install is deprecated setup.py egg_info --egg-base ../../build/simple_motors build --build-base /home/pi/ros2_ws/build/simple_motors/build install --record /home/pi/ros2_ws/build/simple_motors/install.log --single-version-externally-managed install_data
