[18.419s] Invoking command in '/home/pi/ros2_ws/src/simple_motors': PYTHONPATH=/home/pi/ros2_ws/build/simple_motors/prefix_override:/usr/lib/python3/dist-packages/colcon_core/task/python/colcon_distutils_commands:/home/pi/ros2_ws/install/simple_motors/lib/python3.11/site-packages:${PYTHONPATH} /usr/bin/python3 -W ignore:setup.py install is deprecated setup.py egg_info --egg-base ../../build/simple_motors build --build-base /home/pi/ros2_ws/build/simple_motors/build install --record /home/pi/ros2_ws/build/simple_motors/install.log --single-version-externally-managed install_data
[20.989s] /usr/local/lib/python3.11/dist-packages/setuptools/_distutils/dist.py:261: UserWarning: Unknown distribution option: 'tests_require'
[20.990s]   warnings.warn(msg)
[22.965s] running egg_info
[23.259s] writing ../../build/simple_motors/simple_motors.egg-info/PKG-INFO
[23.261s] writing dependency_links to ../../build/simple_motors/simple_motors.egg-info/dependency_links.txt
[23.265s] writing entry points to ../../build/simple_motors/simple_motors.egg-info/entry_points.txt
[23.266s] writing requirements to ../../build/simple_motors/simple_motors.egg-info/requires.txt
[23.266s] writing top-level names to ../../build/simple_motors/simple_motors.egg-info/top_level.txt
[23.957s] reading manifest file '../../build/simple_motors/simple_motors.egg-info/SOURCES.txt'
[23.969s] writing manifest file '../../build/simple_motors/simple_motors.egg-info/SOURCES.txt'
[23.969s] running build
[23.970s] running build_py
[23.970s] copying simple_motors/motor_commander.py -> /home/pi/ros2_ws/build/simple_motors/build/lib/simple_motors
[23.970s] copying simple_motors/motors_commander.py -> /home/pi/ros2_ws/build/simple_motors/build/lib/simple_motors
[23.971s] copying simple_motors/motor_executor.py -> /home/pi/ros2_ws/build/simple_motors/build/lib/simple_motors
[23.971s] copying simple_motors/__init__.py -> /home/pi/ros2_ws/build/simple_motors/build/lib/simple_motors
[23.973s] copying simple_motors/motors_executor.py -> /home/pi/ros2_ws/build/simple_motors/build/lib/simple_motors
[23.974s] running install
[24.005s] running install_lib
[24.347s] running install_data
[24.348s] copying resource/simple_motors -> /home/pi/ros2_ws/install/simple_motors/share/ament_index/resource_index/packages
[24.349s] copying package.xml -> /home/pi/ros2_ws/install/simple_motors/share/simple_motors
[24.357s] running install_egg_info
[25.161s] removing '/home/pi/ros2_ws/install/simple_motors/lib/python3.11/site-packages/simple_motors-0.0.0-py3.11.egg-info' (and everything under it)
[25.161s] Copying ../../build/simple_motors/simple_motors.egg-info to /home/pi/ros2_ws/install/simple_motors/lib/python3.11/site-packages/simple_motors-0.0.0-py3.11.egg-info
[25.182s] running install_scripts
[27.745s] Installing motor_commander_left script to /home/pi/ros2_ws/install/simple_motors/lib/simple_motors
[27.746s] Installing motor_commander_right script to /home/pi/ros2_ws/install/simple_motors/lib/simple_motors
[27.747s] Installing motor_executor_left script to /home/pi/ros2_ws/install/simple_motors/lib/simple_motors
[27.748s] Installing motor_executor_right script to /home/pi/ros2_ws/install/simple_motors/lib/simple_motors
[27.750s] writing list of installed files to '/home/pi/ros2_ws/build/simple_motors/install.log'
[28.037s] Invoked command in '/home/pi/ros2_ws/src/simple_motors' returned '0': PYTHONPATH=/home/pi/ros2_ws/build/simple_motors/prefix_override:/usr/lib/python3/dist-packages/colcon_core/task/python/colcon_distutils_commands:/home/pi/ros2_ws/install/simple_motors/lib/python3.11/site-packages:${PYTHONPATH} /usr/bin/python3 -W ignore:setup.py install is deprecated setup.py egg_info --egg-base ../../build/simple_motors build --build-base /home/pi/ros2_ws/build/simple_motors/build install --record /home/pi/ros2_ws/build/simple_motors/install.log --single-version-externally-managed install_data
