[1.059s] DEBUG:colcon:Command line arguments: ['/usr/bin/colcon', 'build']
[1.059s] DEBUG:colcon:Parsed command line arguments: Namespace(log_base=None, log_level=None, verb_name='build', build_base='build', install_base='install', merge_install=False, symlink_install=False, test_result_base=None, continue_on_error=False, executor='parallel', parallel_workers=4, event_handlers=None, ignore_user_meta=False, metas=['./colcon.meta'], base_paths=['.'], packages_ignore=None, packages_ignore_regex=None, paths=None, packages_up_to=None, packages_up_to_regex=None, packages_above=None, packages_above_and_dependencies=None, packages_above_depth=None, packages_select_by_dep=None, packages_skip_by_dep=None, packages_skip_up_to=None, packages_select_build_failed=False, packages_skip_build_finished=False, packages_select_test_failures=False, packages_skip_test_passed=False, packages_select=None, packages_skip=None, packages_select_regex=None, packages_skip_regex=None, packages_start=None, packages_end=None, allow_overriding=[], cmake_args=None, cmake_target=None, cmake_target_skip_unavailable=False, cmake_clean_cache=False, cmake_clean_first=False, cmake_force_configure=False, ament_cmake_args=None, catkin_cmake_args=None, catkin_skip_building_tests=False, mixin_files=None, mixin=None, verb_parser=<colcon_mixin.mixin.mixin_argument.MixinArgumentDecorator object at 0x7f8cda25d0>, verb_extension=<colcon_core.verb.build.BuildVerb object at 0x7f8cda0410>, main=<bound method BuildVerb.main of <colcon_core.verb.build.BuildVerb object at 0x7f8cda0410>>, mixin_verb=('build',))
[1.350s] Level 1:colcon.colcon_core.package_discovery:discover_packages(colcon_meta) check parameters
[1.350s] Level 1:colcon.colcon_core.package_discovery:discover_packages(recursive) check parameters
[1.350s] Level 1:colcon.colcon_core.package_discovery:discover_packages(ignore) check parameters
[1.350s] Level 1:colcon.colcon_core.package_discovery:discover_packages(path) check parameters
[1.350s] Level 1:colcon.colcon_core.package_discovery:discover_packages(colcon_meta) discover
[1.351s] Level 1:colcon.colcon_core.package_discovery:discover_packages(recursive) discover
[1.351s] INFO:colcon.colcon_core.package_discovery:Crawling recursively for packages in '/home/pi/ros2_ws'
[1.351s] Level 1:colcon.colcon_core.package_identification:_identify(.) by extensions ['ignore', 'ignore_ament_install']
[1.352s] Level 1:colcon.colcon_core.package_identification:_identify(.) by extension 'ignore'
[1.352s] Level 1:colcon.colcon_core.package_identification:_identify(.) by extension 'ignore_ament_install'
[1.352s] Level 1:colcon.colcon_core.package_identification:_identify(.) by extensions ['colcon_pkg']
[1.352s] Level 1:colcon.colcon_core.package_identification:_identify(.) by extension 'colcon_pkg'
[1.352s] Level 1:colcon.colcon_core.package_identification:_identify(.) by extensions ['colcon_meta']
[1.352s] Level 1:colcon.colcon_core.package_identification:_identify(.) by extension 'colcon_meta'
[1.352s] Level 1:colcon.colcon_core.package_identification:_identify(.) by extensions ['ros']
[1.352s] Level 1:colcon.colcon_core.package_identification:_identify(.) by extension 'ros'
[1.481s] Level 1:colcon.colcon_core.package_identification:_identify(.) by extensions ['cmake', 'python']
[1.481s] Level 1:colcon.colcon_core.package_identification:_identify(.) by extension 'cmake'
[1.481s] Level 1:colcon.colcon_core.package_identification:_identify(.) by extension 'python'
[1.482s] Level 1:colcon.colcon_core.package_identification:_identify(.) by extensions ['python_setup_py']
[1.482s] Level 1:colcon.colcon_core.package_identification:_identify(.) by extension 'python_setup_py'
[1.482s] Level 1:colcon.colcon_core.package_identification:_identify(build) by extensions ['ignore', 'ignore_ament_install']
[1.482s] Level 1:colcon.colcon_core.package_identification:_identify(build) by extension 'ignore'
[1.483s] Level 1:colcon.colcon_core.package_identification:_identify(build) ignored
[1.483s] Level 1:colcon.colcon_core.package_identification:_identify(install) by extensions ['ignore', 'ignore_ament_install']
[1.483s] Level 1:colcon.colcon_core.package_identification:_identify(install) by extension 'ignore'
[1.483s] Level 1:colcon.colcon_core.package_identification:_identify(install) ignored
[1.484s] Level 1:colcon.colcon_core.package_identification:_identify(log) by extensions ['ignore', 'ignore_ament_install']
[1.484s] Level 1:colcon.colcon_core.package_identification:_identify(log) by extension 'ignore'
[1.484s] Level 1:colcon.colcon_core.package_identification:_identify(log) ignored
[1.484s] Level 1:colcon.colcon_core.package_identification:_identify(src) by extensions ['ignore', 'ignore_ament_install']
[1.485s] Level 1:colcon.colcon_core.package_identification:_identify(src) by extension 'ignore'
[1.485s] Level 1:colcon.colcon_core.package_identification:_identify(src) by extension 'ignore_ament_install'
[1.485s] Level 1:colcon.colcon_core.package_identification:_identify(src) by extensions ['colcon_pkg']
[1.485s] Level 1:colcon.colcon_core.package_identification:_identify(src) by extension 'colcon_pkg'
[1.485s] Level 1:colcon.colcon_core.package_identification:_identify(src) by extensions ['colcon_meta']
[1.485s] Level 1:colcon.colcon_core.package_identification:_identify(src) by extension 'colcon_meta'
[1.485s] Level 1:colcon.colcon_core.package_identification:_identify(src) by extensions ['ros']
[1.485s] Level 1:colcon.colcon_core.package_identification:_identify(src) by extension 'ros'
[1.486s] Level 1:colcon.colcon_core.package_identification:_identify(src) by extensions ['cmake', 'python']
[1.486s] Level 1:colcon.colcon_core.package_identification:_identify(src) by extension 'cmake'
[1.486s] Level 1:colcon.colcon_core.package_identification:_identify(src) by extension 'python'
[1.486s] Level 1:colcon.colcon_core.package_identification:_identify(src) by extensions ['python_setup_py']
[1.486s] Level 1:colcon.colcon_core.package_identification:_identify(src) by extension 'python_setup_py'
[1.486s] Level 1:colcon.colcon_core.package_identification:_identify(src/basic_motors_and_sensors_ros2_v01C) by extensions ['ignore', 'ignore_ament_install']
[1.487s] Level 1:colcon.colcon_core.package_identification:_identify(src/basic_motors_and_sensors_ros2_v01C) by extension 'ignore'
[1.487s] Level 1:colcon.colcon_core.package_identification:_identify(src/basic_motors_and_sensors_ros2_v01C) by extension 'ignore_ament_install'
[1.487s] Level 1:colcon.colcon_core.package_identification:_identify(src/basic_motors_and_sensors_ros2_v01C) by extensions ['colcon_pkg']
[1.487s] Level 1:colcon.colcon_core.package_identification:_identify(src/basic_motors_and_sensors_ros2_v01C) by extension 'colcon_pkg'
[1.487s] Level 1:colcon.colcon_core.package_identification:_identify(src/basic_motors_and_sensors_ros2_v01C) by extensions ['colcon_meta']
[1.487s] Level 1:colcon.colcon_core.package_identification:_identify(src/basic_motors_and_sensors_ros2_v01C) by extension 'colcon_meta'
[1.488s] Level 1:colcon.colcon_core.package_identification:_identify(src/basic_motors_and_sensors_ros2_v01C) by extensions ['ros']
[1.488s] Level 1:colcon.colcon_core.package_identification:_identify(src/basic_motors_and_sensors_ros2_v01C) by extension 'ros'
[1.488s] Level 1:colcon.colcon_core.package_identification:_identify(src/basic_motors_and_sensors_ros2_v01C) by extensions ['cmake', 'python']
[1.488s] Level 1:colcon.colcon_core.package_identification:_identify(src/basic_motors_and_sensors_ros2_v01C) by extension 'cmake'
[1.488s] Level 1:colcon.colcon_core.package_identification:_identify(src/basic_motors_and_sensors_ros2_v01C) by extension 'python'
[1.488s] Level 1:colcon.colcon_core.package_identification:_identify(src/basic_motors_and_sensors_ros2_v01C) by extensions ['python_setup_py']
[1.488s] Level 1:colcon.colcon_core.package_identification:_identify(src/basic_motors_and_sensors_ros2_v01C) by extension 'python_setup_py'
[1.489s] Level 1:colcon.colcon_core.package_identification:_identify(src/basic_motors_and_sensors_ros2_v01C/basic_motors_and_sensors) by extensions ['ignore', 'ignore_ament_install']
[1.489s] Level 1:colcon.colcon_core.package_identification:_identify(src/basic_motors_and_sensors_ros2_v01C/basic_motors_and_sensors) by extension 'ignore'
[1.489s] Level 1:colcon.colcon_core.package_identification:_identify(src/basic_motors_and_sensors_ros2_v01C/basic_motors_and_sensors) by extension 'ignore_ament_install'
[1.489s] Level 1:colcon.colcon_core.package_identification:_identify(src/basic_motors_and_sensors_ros2_v01C/basic_motors_and_sensors) by extensions ['colcon_pkg']
[1.489s] Level 1:colcon.colcon_core.package_identification:_identify(src/basic_motors_and_sensors_ros2_v01C/basic_motors_and_sensors) by extension 'colcon_pkg'
[1.489s] Level 1:colcon.colcon_core.package_identification:_identify(src/basic_motors_and_sensors_ros2_v01C/basic_motors_and_sensors) by extensions ['colcon_meta']
[1.490s] Level 1:colcon.colcon_core.package_identification:_identify(src/basic_motors_and_sensors_ros2_v01C/basic_motors_and_sensors) by extension 'colcon_meta'
[1.490s] Level 1:colcon.colcon_core.package_identification:_identify(src/basic_motors_and_sensors_ros2_v01C/basic_motors_and_sensors) by extensions ['ros']
[1.490s] Level 1:colcon.colcon_core.package_identification:_identify(src/basic_motors_and_sensors_ros2_v01C/basic_motors_and_sensors) by extension 'ros'
[1.499s] DEBUG:colcon.colcon_core.package_identification:Package 'src/basic_motors_and_sensors_ros2_v01C/basic_motors_and_sensors' with type 'ros.ament_python' and name 'basic_motors_and_sensors'
[1.499s] Level 1:colcon.colcon_core.package_identification:_identify(src/build) by extensions ['ignore', 'ignore_ament_install']
[1.500s] Level 1:colcon.colcon_core.package_identification:_identify(src/build) by extension 'ignore'
[1.500s] Level 1:colcon.colcon_core.package_identification:_identify(src/build) ignored
[1.500s] Level 1:colcon.colcon_core.package_identification:_identify(src/i2c_sensors_ros2) by extensions ['ignore', 'ignore_ament_install']
[1.500s] Level 1:colcon.colcon_core.package_identification:_identify(src/i2c_sensors_ros2) by extension 'ignore'
[1.500s] Level 1:colcon.colcon_core.package_identification:_identify(src/i2c_sensors_ros2) by extension 'ignore_ament_install'
[1.501s] Level 1:colcon.colcon_core.package_identification:_identify(src/i2c_sensors_ros2) by extensions ['colcon_pkg']
[1.501s] Level 1:colcon.colcon_core.package_identification:_identify(src/i2c_sensors_ros2) by extension 'colcon_pkg'
[1.501s] Level 1:colcon.colcon_core.package_identification:_identify(src/i2c_sensors_ros2) by extensions ['colcon_meta']
[1.501s] Level 1:colcon.colcon_core.package_identification:_identify(src/i2c_sensors_ros2) by extension 'colcon_meta'
[1.501s] Level 1:colcon.colcon_core.package_identification:_identify(src/i2c_sensors_ros2) by extensions ['ros']
[1.501s] Level 1:colcon.colcon_core.package_identification:_identify(src/i2c_sensors_ros2) by extension 'ros'
[1.501s] Level 1:colcon.colcon_core.package_identification:_identify(src/i2c_sensors_ros2) by extensions ['cmake', 'python']
[1.501s] Level 1:colcon.colcon_core.package_identification:_identify(src/i2c_sensors_ros2) by extension 'cmake'
[1.502s] Level 1:colcon.colcon_core.package_identification:_identify(src/i2c_sensors_ros2) by extension 'python'
[1.502s] Level 1:colcon.colcon_core.package_identification:_identify(src/i2c_sensors_ros2) by extensions ['python_setup_py']
[1.502s] Level 1:colcon.colcon_core.package_identification:_identify(src/i2c_sensors_ros2) by extension 'python_setup_py'
[1.502s] Level 1:colcon.colcon_core.package_identification:_identify(src/i2c_sensors_ros2/i2c_sensors) by extensions ['ignore', 'ignore_ament_install']
[1.502s] Level 1:colcon.colcon_core.package_identification:_identify(src/i2c_sensors_ros2/i2c_sensors) by extension 'ignore'
[1.503s] Level 1:colcon.colcon_core.package_identification:_identify(src/i2c_sensors_ros2/i2c_sensors) by extension 'ignore_ament_install'
[1.503s] Level 1:colcon.colcon_core.package_identification:_identify(src/i2c_sensors_ros2/i2c_sensors) by extensions ['colcon_pkg']
[1.503s] Level 1:colcon.colcon_core.package_identification:_identify(src/i2c_sensors_ros2/i2c_sensors) by extension 'colcon_pkg'
[1.503s] Level 1:colcon.colcon_core.package_identification:_identify(src/i2c_sensors_ros2/i2c_sensors) by extensions ['colcon_meta']
[1.503s] Level 1:colcon.colcon_core.package_identification:_identify(src/i2c_sensors_ros2/i2c_sensors) by extension 'colcon_meta'
[1.503s] Level 1:colcon.colcon_core.package_identification:_identify(src/i2c_sensors_ros2/i2c_sensors) by extensions ['ros']
[1.503s] Level 1:colcon.colcon_core.package_identification:_identify(src/i2c_sensors_ros2/i2c_sensors) by extension 'ros'
[1.558s] DEBUG:colcon.colcon_core.package_identification:Package 'src/i2c_sensors_ros2/i2c_sensors' with type 'ros.ament_python' and name 'i2c_sensors'
[1.559s] Level 1:colcon.colcon_core.package_identification:_identify(src/install) by extensions ['ignore', 'ignore_ament_install']
[1.559s] Level 1:colcon.colcon_core.package_identification:_identify(src/install) by extension 'ignore'
[1.559s] Level 1:colcon.colcon_core.package_identification:_identify(src/install) ignored
[1.560s] Level 1:colcon.colcon_core.package_identification:_identify(src/log) by extensions ['ignore', 'ignore_ament_install']
[1.560s] Level 1:colcon.colcon_core.package_identification:_identify(src/log) by extension 'ignore'
[1.560s] Level 1:colcon.colcon_core.package_identification:_identify(src/log) ignored
[1.560s] Level 1:colcon.colcon_core.package_identification:_identify(src/simple_motors) by extensions ['ignore', 'ignore_ament_install']
[1.561s] Level 1:colcon.colcon_core.package_identification:_identify(src/simple_motors) by extension 'ignore'
[1.561s] Level 1:colcon.colcon_core.package_identification:_identify(src/simple_motors) by extension 'ignore_ament_install'
[1.561s] Level 1:colcon.colcon_core.package_identification:_identify(src/simple_motors) by extensions ['colcon_pkg']
[1.561s] Level 1:colcon.colcon_core.package_identification:_identify(src/simple_motors) by extension 'colcon_pkg'
[1.561s] Level 1:colcon.colcon_core.package_identification:_identify(src/simple_motors) by extensions ['colcon_meta']
[1.561s] Level 1:colcon.colcon_core.package_identification:_identify(src/simple_motors) by extension 'colcon_meta'
[1.561s] Level 1:colcon.colcon_core.package_identification:_identify(src/simple_motors) by extensions ['ros']
[1.561s] Level 1:colcon.colcon_core.package_identification:_identify(src/simple_motors) by extension 'ros'
[1.564s] DEBUG:colcon.colcon_core.package_identification:Package 'src/simple_motors' with type 'ros.ament_python' and name 'simple_motors'
[1.564s] Level 1:colcon.colcon_core.package_discovery:discover_packages(recursive) using defaults
[1.564s] Level 1:colcon.colcon_core.package_discovery:discover_packages(ignore) discover
[1.564s] Level 1:colcon.colcon_core.package_discovery:discover_packages(ignore) using defaults
[1.564s] Level 1:colcon.colcon_core.package_discovery:discover_packages(path) discover
[1.564s] Level 1:colcon.colcon_core.package_discovery:discover_packages(path) using defaults
[1.739s] Level 1:colcon.colcon_core.package_discovery:discover_packages(prefix_path) check parameters
[1.739s] Level 1:colcon.colcon_core.package_discovery:discover_packages(prefix_path) discover
[1.790s] DEBUG:colcon.colcon_installed_package_information.package_discovery:Found 3 installed packages in /home/pi/ros2_ws/install
[1.792s] DEBUG:colcon.colcon_installed_package_information.package_discovery:Found 3 installed packages in /home/pi/ros2_ws/src/install
[1.830s] DEBUG:colcon.colcon_installed_package_information.package_discovery:Found 363 installed packages in /home/pi/ros2_jazzy/install
[1.837s] Level 1:colcon.colcon_core.package_discovery:discover_packages(prefix_path) using defaults
[1.955s] Level 5:colcon.colcon_core.verb:set package 'basic_motors_and_sensors' build argument 'cmake_args' from command line to 'None'
[1.955s] Level 5:colcon.colcon_core.verb:set package 'basic_motors_and_sensors' build argument 'cmake_target' from command line to 'None'
[1.955s] Level 5:colcon.colcon_core.verb:set package 'basic_motors_and_sensors' build argument 'cmake_target_skip_unavailable' from command line to 'False'
[1.955s] Level 5:colcon.colcon_core.verb:set package 'basic_motors_and_sensors' build argument 'cmake_clean_cache' from command line to 'False'
[1.956s] Level 5:colcon.colcon_core.verb:set package 'basic_motors_and_sensors' build argument 'cmake_clean_first' from command line to 'False'
[1.956s] Level 5:colcon.colcon_core.verb:set package 'basic_motors_and_sensors' build argument 'cmake_force_configure' from command line to 'False'
[1.956s] Level 5:colcon.colcon_core.verb:set package 'basic_motors_and_sensors' build argument 'ament_cmake_args' from command line to 'None'
[1.956s] Level 5:colcon.colcon_core.verb:set package 'basic_motors_and_sensors' build argument 'catkin_cmake_args' from command line to 'None'
[1.956s] Level 5:colcon.colcon_core.verb:set package 'basic_motors_and_sensors' build argument 'catkin_skip_building_tests' from command line to 'False'
[1.956s] DEBUG:colcon.colcon_core.verb:Building package 'basic_motors_and_sensors' with the following arguments: {'ament_cmake_args': None, 'build_base': '/home/pi/ros2_ws/build/basic_motors_and_sensors', 'catkin_cmake_args': None, 'catkin_skip_building_tests': False, 'cmake_args': None, 'cmake_clean_cache': False, 'cmake_clean_first': False, 'cmake_force_configure': False, 'cmake_target': None, 'cmake_target_skip_unavailable': False, 'install_base': '/home/pi/ros2_ws/install/basic_motors_and_sensors', 'merge_install': False, 'path': '/home/pi/ros2_ws/src/basic_motors_and_sensors_ros2_v01C/basic_motors_and_sensors', 'symlink_install': False, 'test_result_base': None}
[1.958s] Level 5:colcon.colcon_core.verb:set package 'i2c_sensors' build argument 'cmake_args' from command line to 'None'
[1.958s] Level 5:colcon.colcon_core.verb:set package 'i2c_sensors' build argument 'cmake_target' from command line to 'None'
[1.958s] Level 5:colcon.colcon_core.verb:set package 'i2c_sensors' build argument 'cmake_target_skip_unavailable' from command line to 'False'
[1.958s] Level 5:colcon.colcon_core.verb:set package 'i2c_sensors' build argument 'cmake_clean_cache' from command line to 'False'
[1.958s] Level 5:colcon.colcon_core.verb:set package 'i2c_sensors' build argument 'cmake_clean_first' from command line to 'False'
[1.958s] Level 5:colcon.colcon_core.verb:set package 'i2c_sensors' build argument 'cmake_force_configure' from command line to 'False'
[1.958s] Level 5:colcon.colcon_core.verb:set package 'i2c_sensors' build argument 'ament_cmake_args' from command line to 'None'
[1.959s] Level 5:colcon.colcon_core.verb:set package 'i2c_sensors' build argument 'catkin_cmake_args' from command line to 'None'
[1.959s] Level 5:colcon.colcon_core.verb:set package 'i2c_sensors' build argument 'catkin_skip_building_tests' from command line to 'False'
[1.959s] DEBUG:colcon.colcon_core.verb:Building package 'i2c_sensors' with the following arguments: {'ament_cmake_args': None, 'build_base': '/home/pi/ros2_ws/build/i2c_sensors', 'catkin_cmake_args': None, 'catkin_skip_building_tests': False, 'cmake_args': None, 'cmake_clean_cache': False, 'cmake_clean_first': False, 'cmake_force_configure': False, 'cmake_target': None, 'cmake_target_skip_unavailable': False, 'install_base': '/home/pi/ros2_ws/install/i2c_sensors', 'merge_install': False, 'path': '/home/pi/ros2_ws/src/i2c_sensors_ros2/i2c_sensors', 'symlink_install': False, 'test_result_base': None}
[1.960s] Level 5:colcon.colcon_core.verb:set package 'simple_motors' build argument 'cmake_args' from command line to 'None'
[1.961s] Level 5:colcon.colcon_core.verb:set package 'simple_motors' build argument 'cmake_target' from command line to 'None'
[1.961s] Level 5:colcon.colcon_core.verb:set package 'simple_motors' build argument 'cmake_target_skip_unavailable' from command line to 'False'
[1.961s] Level 5:colcon.colcon_core.verb:set package 'simple_motors' build argument 'cmake_clean_cache' from command line to 'False'
[1.961s] Level 5:colcon.colcon_core.verb:set package 'simple_motors' build argument 'cmake_clean_first' from command line to 'False'
[1.961s] Level 5:colcon.colcon_core.verb:set package 'simple_motors' build argument 'cmake_force_configure' from command line to 'False'
[1.961s] Level 5:colcon.colcon_core.verb:set package 'simple_motors' build argument 'ament_cmake_args' from command line to 'None'
[1.961s] Level 5:colcon.colcon_core.verb:set package 'simple_motors' build argument 'catkin_cmake_args' from command line to 'None'
[1.961s] Level 5:colcon.colcon_core.verb:set package 'simple_motors' build argument 'catkin_skip_building_tests' from command line to 'False'
[1.961s] DEBUG:colcon.colcon_core.verb:Building package 'simple_motors' with the following arguments: {'ament_cmake_args': None, 'build_base': '/home/pi/ros2_ws/build/simple_motors', 'catkin_cmake_args': None, 'catkin_skip_building_tests': False, 'cmake_args': None, 'cmake_clean_cache': False, 'cmake_clean_first': False, 'cmake_force_configure': False, 'cmake_target': None, 'cmake_target_skip_unavailable': False, 'install_base': '/home/pi/ros2_ws/install/simple_motors', 'merge_install': False, 'path': '/home/pi/ros2_ws/src/simple_motors', 'symlink_install': False, 'test_result_base': None}
[1.962s] INFO:colcon.colcon_core.executor:Executing jobs using 'parallel' executor
[1.965s] DEBUG:colcon.colcon_parallel_executor.executor.parallel:run_until_complete
[1.966s] INFO:colcon.colcon_ros.task.ament_python.build:Building ROS package in '/home/pi/ros2_ws/src/basic_motors_and_sensors_ros2_v01C/basic_motors_and_sensors' with build type 'ament_python'
[1.967s] Level 1:colcon.colcon_core.shell:create_environment_hook('basic_motors_and_sensors', 'ament_prefix_path')
[1.992s] INFO:colcon.colcon_core.plugin_system:Skipping extension 'colcon_core.shell.bat': Not used on non-Windows systems
[1.993s] INFO:colcon.colcon_core.shell:Creating environment hook '/home/pi/ros2_ws/install/basic_motors_and_sensors/share/basic_motors_and_sensors/hook/ament_prefix_path.ps1'
[1.995s] INFO:colcon.colcon_core.shell:Creating environment descriptor '/home/pi/ros2_ws/install/basic_motors_and_sensors/share/basic_motors_and_sensors/hook/ament_prefix_path.dsv'
[1.997s] INFO:colcon.colcon_core.shell:Creating environment hook '/home/pi/ros2_ws/install/basic_motors_and_sensors/share/basic_motors_and_sensors/hook/ament_prefix_path.sh'
[2.001s] INFO:colcon.colcon_core.shell:Skip shell extension 'powershell' for command environment: Not usable outside of PowerShell
[2.001s] DEBUG:colcon.colcon_core.shell:Skip shell extension 'dsv' for command environment
[2.096s] INFO:colcon.colcon_ros.task.ament_python.build:Building ROS package in '/home/pi/ros2_ws/src/i2c_sensors_ros2/i2c_sensors' with build type 'ament_python'
[2.097s] Level 1:colcon.colcon_core.shell:create_environment_hook('i2c_sensors', 'ament_prefix_path')
[2.098s] INFO:colcon.colcon_core.shell:Creating environment hook '/home/pi/ros2_ws/install/i2c_sensors/share/i2c_sensors/hook/ament_prefix_path.ps1'
[2.102s] INFO:colcon.colcon_core.shell:Creating environment descriptor '/home/pi/ros2_ws/install/i2c_sensors/share/i2c_sensors/hook/ament_prefix_path.dsv'
[2.105s] INFO:colcon.colcon_core.shell:Creating environment hook '/home/pi/ros2_ws/install/i2c_sensors/share/i2c_sensors/hook/ament_prefix_path.sh'
[2.108s] INFO:colcon.colcon_core.shell:Skip shell extension 'powershell' for command environment: Not usable outside of PowerShell
[2.108s] DEBUG:colcon.colcon_core.shell:Skip shell extension 'dsv' for command environment
[2.205s] INFO:colcon.colcon_ros.task.ament_python.build:Building ROS package in '/home/pi/ros2_ws/src/simple_motors' with build type 'ament_python'
[2.205s] Level 1:colcon.colcon_core.shell:create_environment_hook('simple_motors', 'ament_prefix_path')
[2.206s] INFO:colcon.colcon_core.shell:Creating environment hook '/home/pi/ros2_ws/install/simple_motors/share/simple_motors/hook/ament_prefix_path.ps1'
[2.208s] INFO:colcon.colcon_core.shell:Creating environment descriptor '/home/pi/ros2_ws/install/simple_motors/share/simple_motors/hook/ament_prefix_path.dsv'
[2.210s] INFO:colcon.colcon_core.shell:Creating environment hook '/home/pi/ros2_ws/install/simple_motors/share/simple_motors/hook/ament_prefix_path.sh'
[2.212s] INFO:colcon.colcon_core.shell:Skip shell extension 'powershell' for command environment: Not usable outside of PowerShell
[2.212s] DEBUG:colcon.colcon_core.shell:Skip shell extension 'dsv' for command environment
[4.746s] INFO:colcon.colcon_core.task.python.build:Building Python package in '/home/pi/ros2_ws/src/basic_motors_and_sensors_ros2_v01C/basic_motors_and_sensors'
[4.747s] INFO:colcon.colcon_core.shell:Skip shell extension 'powershell' for command environment: Not usable outside of PowerShell
[4.747s] DEBUG:colcon.colcon_core.shell:Skip shell extension 'dsv' for command environment
[7.278s] INFO:colcon.colcon_core.task.python.build:Building Python package in '/home/pi/ros2_ws/src/i2c_sensors_ros2/i2c_sensors'
[7.279s] INFO:colcon.colcon_core.shell:Skip shell extension 'powershell' for command environment: Not usable outside of PowerShell
[7.280s] DEBUG:colcon.colcon_core.shell:Skip shell extension 'dsv' for command environment
[10.372s] INFO:colcon.colcon_core.task.python.build:Building Python package in '/home/pi/ros2_ws/src/simple_motors'
[10.373s] INFO:colcon.colcon_core.shell:Skip shell extension 'powershell' for command environment: Not usable outside of PowerShell
[10.373s] DEBUG:colcon.colcon_core.shell:Skip shell extension 'dsv' for command environment
[20.366s] DEBUG:colcon.colcon_core.event_handler.log_command:Invoking command in '/home/pi/ros2_ws/src/basic_motors_and_sensors_ros2_v01C/basic_motors_and_sensors': PYTHONPATH=/home/pi/ros2_ws/build/basic_motors_and_sensors/prefix_override:/usr/lib/python3/dist-packages/colcon_core/task/python/colcon_distutils_commands:/home/pi/ros2_ws/install/basic_motors_and_sensors/lib/python3.11/site-packages:${PYTHONPATH} /usr/bin/python3 -W ignore:setup.py install is deprecated setup.py egg_info --egg-base ../../../build/basic_motors_and_sensors build --build-base /home/pi/ros2_ws/build/basic_motors_and_sensors/build install --record /home/pi/ros2_ws/build/basic_motors_and_sensors/install.log --single-version-externally-managed install_data
[21.119s] DEBUG:colcon.colcon_core.event_handler.log_command:Invoking command in '/home/pi/ros2_ws/src/simple_motors': PYTHONPATH=/home/pi/ros2_ws/build/simple_motors/prefix_override:/usr/lib/python3/dist-packages/colcon_core/task/python/colcon_distutils_commands:/home/pi/ros2_ws/install/simple_motors/lib/python3.11/site-packages:${PYTHONPATH} /usr/bin/python3 -W ignore:setup.py install is deprecated setup.py egg_info --egg-base ../../build/simple_motors build --build-base /home/pi/ros2_ws/build/simple_motors/build install --record /home/pi/ros2_ws/build/simple_motors/install.log --single-version-externally-managed install_data
[21.554s] DEBUG:colcon.colcon_core.event_handler.log_command:Invoking command in '/home/pi/ros2_ws/src/i2c_sensors_ros2/i2c_sensors': PYTHONPATH=/home/pi/ros2_ws/build/i2c_sensors/prefix_override:/usr/lib/python3/dist-packages/colcon_core/task/python/colcon_distutils_commands:/home/pi/ros2_ws/install/i2c_sensors/lib/python3.11/site-packages:${PYTHONPATH} /usr/bin/python3 -W ignore:setup.py install is deprecated setup.py egg_info --egg-base ../../../build/i2c_sensors build --build-base /home/pi/ros2_ws/build/i2c_sensors/build install --record /home/pi/ros2_ws/build/i2c_sensors/install.log --single-version-externally-managed install_data
[28.234s] DEBUG:colcon.colcon_core.event_handler.log_command:Invoked command in '/home/pi/ros2_ws/src/basic_motors_and_sensors_ros2_v01C/basic_motors_and_sensors' returned '0': PYTHONPATH=/home/pi/ros2_ws/build/basic_motors_and_sensors/prefix_override:/usr/lib/python3/dist-packages/colcon_core/task/python/colcon_distutils_commands:/home/pi/ros2_ws/install/basic_motors_and_sensors/lib/python3.11/site-packages:${PYTHONPATH} /usr/bin/python3 -W ignore:setup.py install is deprecated setup.py egg_info --egg-base ../../../build/basic_motors_and_sensors build --build-base /home/pi/ros2_ws/build/basic_motors_and_sensors/build install --record /home/pi/ros2_ws/build/basic_motors_and_sensors/install.log --single-version-externally-managed install_data
[28.272s] Level 1:colcon.colcon_core.environment:checking '/home/pi/ros2_ws/install/basic_motors_and_sensors' for CMake module files
[28.275s] Level 1:colcon.colcon_core.environment:checking '/home/pi/ros2_ws/install/basic_motors_and_sensors' for CMake config files
[28.277s] Level 1:colcon.colcon_core.environment:checking '/home/pi/ros2_ws/install/basic_motors_and_sensors/lib'
[28.279s] Level 1:colcon.colcon_core.environment:checking '/home/pi/ros2_ws/install/basic_motors_and_sensors/bin'
[28.279s] Level 1:colcon.colcon_core.environment:checking '/home/pi/ros2_ws/install/basic_motors_and_sensors/lib/pkgconfig/basic_motors_and_sensors.pc'
[28.280s] Level 1:colcon.colcon_core.environment:checking '/home/pi/ros2_ws/install/basic_motors_and_sensors/lib/python3.11/site-packages'
[28.281s] Level 1:colcon.colcon_core.shell:create_environment_hook('basic_motors_and_sensors', 'pythonpath')
[28.282s] INFO:colcon.colcon_core.shell:Creating environment hook '/home/pi/ros2_ws/install/basic_motors_and_sensors/share/basic_motors_and_sensors/hook/pythonpath.ps1'
[28.283s] INFO:colcon.colcon_core.shell:Creating environment descriptor '/home/pi/ros2_ws/install/basic_motors_and_sensors/share/basic_motors_and_sensors/hook/pythonpath.dsv'
[28.285s] INFO:colcon.colcon_core.shell:Creating environment hook '/home/pi/ros2_ws/install/basic_motors_and_sensors/share/basic_motors_and_sensors/hook/pythonpath.sh'
[28.289s] Level 1:colcon.colcon_core.environment:checking '/home/pi/ros2_ws/install/basic_motors_and_sensors/bin'
[28.290s] Level 1:colcon.colcon_core.environment:create_environment_scripts_only(basic_motors_and_sensors)
[28.291s] INFO:colcon.colcon_core.shell:Creating package script '/home/pi/ros2_ws/install/basic_motors_and_sensors/share/basic_motors_and_sensors/package.ps1'
[28.295s] INFO:colcon.colcon_core.shell:Creating package descriptor '/home/pi/ros2_ws/install/basic_motors_and_sensors/share/basic_motors_and_sensors/package.dsv'
[28.298s] INFO:colcon.colcon_core.shell:Creating package script '/home/pi/ros2_ws/install/basic_motors_and_sensors/share/basic_motors_and_sensors/package.sh'
[28.301s] INFO:colcon.colcon_core.shell:Creating package script '/home/pi/ros2_ws/install/basic_motors_and_sensors/share/basic_motors_and_sensors/package.bash'
[28.305s] INFO:colcon.colcon_core.shell:Creating package script '/home/pi/ros2_ws/install/basic_motors_and_sensors/share/basic_motors_and_sensors/package.zsh'
[28.308s] Level 1:colcon.colcon_core.environment:create_file_with_runtime_dependencies(/home/pi/ros2_ws/install/basic_motors_and_sensors/share/colcon-core/packages/basic_motors_and_sensors)
[28.735s] Level 1:colcon.colcon_core.environment:checking '/home/pi/ros2_ws/install/simple_motors' for CMake module files
[28.737s] DEBUG:colcon.colcon_core.event_handler.log_command:Invoked command in '/home/pi/ros2_ws/src/simple_motors' returned '0': PYTHONPATH=/home/pi/ros2_ws/build/simple_motors/prefix_override:/usr/lib/python3/dist-packages/colcon_core/task/python/colcon_distutils_commands:/home/pi/ros2_ws/install/simple_motors/lib/python3.11/site-packages:${PYTHONPATH} /usr/bin/python3 -W ignore:setup.py install is deprecated setup.py egg_info --egg-base ../../build/simple_motors build --build-base /home/pi/ros2_ws/build/simple_motors/build install --record /home/pi/ros2_ws/build/simple_motors/install.log --single-version-externally-managed install_data
[28.738s] Level 1:colcon.colcon_core.environment:checking '/home/pi/ros2_ws/install/simple_motors' for CMake config files
[28.741s] Level 1:colcon.colcon_core.environment:checking '/home/pi/ros2_ws/install/simple_motors/lib'
[28.741s] Level 1:colcon.colcon_core.environment:checking '/home/pi/ros2_ws/install/simple_motors/bin'
[28.741s] Level 1:colcon.colcon_core.environment:checking '/home/pi/ros2_ws/install/simple_motors/lib/pkgconfig/simple_motors.pc'
[28.743s] Level 1:colcon.colcon_core.environment:checking '/home/pi/ros2_ws/install/simple_motors/lib/python3.11/site-packages'
[28.744s] Level 1:colcon.colcon_core.shell:create_environment_hook('simple_motors', 'pythonpath')
[28.745s] INFO:colcon.colcon_core.shell:Creating environment hook '/home/pi/ros2_ws/install/simple_motors/share/simple_motors/hook/pythonpath.ps1'
[28.746s] INFO:colcon.colcon_core.shell:Creating environment descriptor '/home/pi/ros2_ws/install/simple_motors/share/simple_motors/hook/pythonpath.dsv'
[28.749s] INFO:colcon.colcon_core.shell:Creating environment hook '/home/pi/ros2_ws/install/simple_motors/share/simple_motors/hook/pythonpath.sh'
[28.752s] Level 1:colcon.colcon_core.environment:checking '/home/pi/ros2_ws/install/simple_motors/bin'
[28.752s] Level 1:colcon.colcon_core.environment:create_environment_scripts_only(simple_motors)
[28.754s] INFO:colcon.colcon_core.shell:Creating package script '/home/pi/ros2_ws/install/simple_motors/share/simple_motors/package.ps1'
[28.757s] INFO:colcon.colcon_core.shell:Creating package descriptor '/home/pi/ros2_ws/install/simple_motors/share/simple_motors/package.dsv'
[28.759s] INFO:colcon.colcon_core.shell:Creating package script '/home/pi/ros2_ws/install/simple_motors/share/simple_motors/package.sh'
[28.761s] INFO:colcon.colcon_core.shell:Creating package script '/home/pi/ros2_ws/install/simple_motors/share/simple_motors/package.bash'
[28.762s] INFO:colcon.colcon_core.shell:Creating package script '/home/pi/ros2_ws/install/simple_motors/share/simple_motors/package.zsh'
[28.764s] Level 1:colcon.colcon_core.environment:create_file_with_runtime_dependencies(/home/pi/ros2_ws/install/simple_motors/share/colcon-core/packages/simple_motors)
[29.103s] Level 1:colcon.colcon_core.environment:checking '/home/pi/ros2_ws/install/i2c_sensors' for CMake module files
[29.104s] DEBUG:colcon.colcon_core.event_handler.log_command:Invoked command in '/home/pi/ros2_ws/src/i2c_sensors_ros2/i2c_sensors' returned '0': PYTHONPATH=/home/pi/ros2_ws/build/i2c_sensors/prefix_override:/usr/lib/python3/dist-packages/colcon_core/task/python/colcon_distutils_commands:/home/pi/ros2_ws/install/i2c_sensors/lib/python3.11/site-packages:${PYTHONPATH} /usr/bin/python3 -W ignore:setup.py install is deprecated setup.py egg_info --egg-base ../../../build/i2c_sensors build --build-base /home/pi/ros2_ws/build/i2c_sensors/build install --record /home/pi/ros2_ws/build/i2c_sensors/install.log --single-version-externally-managed install_data
[29.105s] Level 1:colcon.colcon_core.environment:checking '/home/pi/ros2_ws/install/i2c_sensors' for CMake config files
[29.107s] Level 1:colcon.colcon_core.environment:checking '/home/pi/ros2_ws/install/i2c_sensors/lib'
[29.107s] Level 1:colcon.colcon_core.environment:checking '/home/pi/ros2_ws/install/i2c_sensors/bin'
[29.108s] Level 1:colcon.colcon_core.environment:checking '/home/pi/ros2_ws/install/i2c_sensors/lib/pkgconfig/i2c_sensors.pc'
[29.109s] Level 1:colcon.colcon_core.environment:checking '/home/pi/ros2_ws/install/i2c_sensors/lib/python3.11/site-packages'
[29.109s] Level 1:colcon.colcon_core.shell:create_environment_hook('i2c_sensors', 'pythonpath')
[29.110s] INFO:colcon.colcon_core.shell:Creating environment hook '/home/pi/ros2_ws/install/i2c_sensors/share/i2c_sensors/hook/pythonpath.ps1'
[29.111s] INFO:colcon.colcon_core.shell:Creating environment descriptor '/home/pi/ros2_ws/install/i2c_sensors/share/i2c_sensors/hook/pythonpath.dsv'
[29.113s] INFO:colcon.colcon_core.shell:Creating environment hook '/home/pi/ros2_ws/install/i2c_sensors/share/i2c_sensors/hook/pythonpath.sh'
[29.115s] Level 1:colcon.colcon_core.environment:checking '/home/pi/ros2_ws/install/i2c_sensors/bin'
[29.115s] Level 1:colcon.colcon_core.environment:create_environment_scripts_only(i2c_sensors)
[29.116s] INFO:colcon.colcon_core.shell:Creating package script '/home/pi/ros2_ws/install/i2c_sensors/share/i2c_sensors/package.ps1'
[29.118s] INFO:colcon.colcon_core.shell:Creating package descriptor '/home/pi/ros2_ws/install/i2c_sensors/share/i2c_sensors/package.dsv'
[29.120s] INFO:colcon.colcon_core.shell:Creating package script '/home/pi/ros2_ws/install/i2c_sensors/share/i2c_sensors/package.sh'
[29.122s] INFO:colcon.colcon_core.shell:Creating package script '/home/pi/ros2_ws/install/i2c_sensors/share/i2c_sensors/package.bash'
[29.126s] INFO:colcon.colcon_core.shell:Creating package script '/home/pi/ros2_ws/install/i2c_sensors/share/i2c_sensors/package.zsh'
[29.127s] Level 1:colcon.colcon_core.environment:create_file_with_runtime_dependencies(/home/pi/ros2_ws/install/i2c_sensors/share/colcon-core/packages/i2c_sensors)
[29.128s] DEBUG:colcon.colcon_parallel_executor.executor.parallel:closing loop
[29.129s] DEBUG:colcon.colcon_parallel_executor.executor.parallel:loop closed
[29.129s] DEBUG:colcon.colcon_parallel_executor.executor.parallel:run_until_complete finished with '0'
[29.129s] DEBUG:colcon.colcon_core.event_reactor:joining thread
[29.187s] INFO:colcon.colcon_core.plugin_system:Skipping extension 'colcon_notification.desktop_notification.notify_send': Could not find 'notify-send'
[29.188s] INFO:colcon.colcon_core.plugin_system:Skipping extension 'colcon_notification.desktop_notification.terminal_notifier': Not used on non-Darwin systems
[29.188s] INFO:colcon.colcon_core.plugin_system:Skipping extension 'colcon_notification.desktop_notification.win32': Not used on non-Windows systems
[29.188s] INFO:colcon.colcon_notification.desktop_notification:Sending desktop notification using 'notify2'
[29.191s] DEBUG:colcon.colcon_notification.desktop_notification.notify2:Failed to initialize notify2: org.freedesktop.DBus.Error.ServiceUnknown: The name org.freedesktop.Notifications was not provided by any .service files
[29.191s] DEBUG:colcon.colcon_core.event_reactor:joined thread
[29.192s] INFO:colcon.colcon_core.shell:Creating prefix script '/home/pi/ros2_ws/install/local_setup.ps1'
[29.195s] INFO:colcon.colcon_core.shell:Creating prefix util module '/home/pi/ros2_ws/install/_local_setup_util_ps1.py'
[29.199s] INFO:colcon.colcon_core.shell:Creating prefix chain script '/home/pi/ros2_ws/install/setup.ps1'
[29.247s] INFO:colcon.colcon_core.shell:Creating prefix script '/home/pi/ros2_ws/install/local_setup.sh'
[29.249s] INFO:colcon.colcon_core.shell:Creating prefix util module '/home/pi/ros2_ws/install/_local_setup_util_sh.py'
[29.250s] INFO:colcon.colcon_core.shell:Creating prefix chain script '/home/pi/ros2_ws/install/setup.sh'
[29.300s] INFO:colcon.colcon_core.shell:Creating prefix script '/home/pi/ros2_ws/install/local_setup.bash'
[29.301s] INFO:colcon.colcon_core.shell:Creating prefix chain script '/home/pi/ros2_ws/install/setup.bash'
[29.349s] INFO:colcon.colcon_core.shell:Creating prefix script '/home/pi/ros2_ws/install/local_setup.zsh'
[29.352s] INFO:colcon.colcon_core.shell:Creating prefix chain script '/home/pi/ros2_ws/install/setup.zsh'
